<?xml version="1.0" encoding="UTF-8"?>
<!-- Generated by org.testng.reporters.JUnitReportReporter -->
<testsuite hostname="IN-PG02P5S6" failures="0" tests="6" name="com.Selenium_assignment.tests.HomePageTest" time="1.795" errors="1" timestamp="2022-05-27T22:19:37 IST" skipped="5">
  <testcase classname="com.Selenium_assignment.tests.HomePageTest" name="testAmazonLogo" time="0.000">
    <skipped/>
  </testcase> <!-- testAmazonLogo -->
  <system-out/>
  <testcase classname="com.Selenium_assignment.tests.HomePageTest" name="initializeWebDriver" time="1.793">
    <error message="session not created: This version of ChromeDriver only supports Chrome version 98
Current browser version is 101.0.4951.67 with binary path C:\Users\tanugupta02\AppData\Local\Google\Chrome\Application\chrome.exe
Build info: version: &#039;3.141.59&#039;, revision: &#039;e82be7d358&#039;, time: &#039;2018-11-14T08:17:03&#039;
System info: host: &#039;IN-PG02P5S6&#039;, ip: &#039;192.168.1.5&#039;, os.name: &#039;Windows 10&#039;, os.arch: &#039;amd64&#039;, os.version: &#039;10.0&#039;, java.version: &#039;11.0.1&#039;
Driver info: driver.version: ChromeDriver
remote stacktrace: Backtrace:
	Ordinal0 [0x00C169A3+2582947]
	Ordinal0 [0x00BAA6D1+2139857]
	Ordinal0 [0x00AA3A98+1063576]
	Ordinal0 [0x00AC33B8+1192888]
	Ordinal0 [0x00ABF235+1176117]
	Ordinal0 [0x00ABC9E1+1165793]
	Ordinal0 [0x00AECFFF+1363967]
	Ordinal0 [0x00AECC2A+1362986]
	Ordinal0 [0x00AE8366+1344358]
	Ordinal0 [0x00AC5176+1200502]
	Ordinal0 [0x00AC6066+1204326]
	GetHandleVerifier [0x00DBBE02+1675858]
	GetHandleVerifier [0x00E7036C+2414524]
	GetHandleVerifier [0x00CABB01+560977]
	GetHandleVerifier [0x00CAA8D3+556323]
	Ordinal0 [0x00BB020E+2163214]
	Ordinal0 [0x00BB5078+2183288]
	Ordinal0 [0x00BB51C0+2183616]
	Ordinal0 [0x00BBEE1C+2223644]
	BaseThreadInitThunk [0x75736739+25]
	RtlGetFullPathName_UEx [0x771B8FEF+1215]
	RtlGetFullPathName_UEx [0x771B8FBD+1165]
" type="org.openqa.selenium.SessionNotCreatedException">
      <![CDATA[org.openqa.selenium.SessionNotCreatedException: session not created: This version of ChromeDriver only supports Chrome version 98
Current browser version is 101.0.4951.67 with binary path C:\Users\tanugupta02\AppData\Local\Google\Chrome\Application\chrome.exe
Build info: version: '3.141.59', revision: 'e82be7d358', time: '2018-11-14T08:17:03'
System info: host: 'IN-PG02P5S6', ip: '192.168.1.5', os.name: 'Windows 10', os.arch: 'amd64', os.version: '10.0', java.version: '11.0.1'
Driver info: driver.version: ChromeDriver
remote stacktrace: Backtrace:
Ordinal0 [0x00C169A3+2582947]
Ordinal0 [0x00BAA6D1+2139857]
Ordinal0 [0x00AA3A98+1063576]
Ordinal0 [0x00AC33B8+1192888]
Ordinal0 [0x00ABF235+1176117]
Ordinal0 [0x00ABC9E1+1165793]
Ordinal0 [0x00AECFFF+1363967]
Ordinal0 [0x00AECC2A+1362986]
Ordinal0 [0x00AE8366+1344358]
Ordinal0 [0x00AC5176+1200502]
Ordinal0 [0x00AC6066+1204326]
GetHandleVerifier [0x00DBBE02+1675858]
GetHandleVerifier [0x00E7036C+2414524]
GetHandleVerifier [0x00CABB01+560977]
GetHandleVerifier [0x00CAA8D3+556323]
Ordinal0 [0x00BB020E+2163214]
Ordinal0 [0x00BB5078+2183288]
Ordinal0 [0x00BB51C0+2183616]
Ordinal0 [0x00BBEE1C+2223644]
BaseThreadInitThunk [0x75736739+25]
RtlGetFullPathName_UEx [0x771B8FEF+1215]
RtlGetFullPathName_UEx [0x771B8FBD+1165]

at java.base/jdk.internal.reflect.NativeConstructorAccessorImpl.newInstance0(Native Method)
at java.base/jdk.internal.reflect.NativeConstructorAccessorImpl.newInstance(NativeConstructorAccessorImpl.java:62)
at java.base/jdk.internal.reflect.DelegatingConstructorAccessorImpl.newInstance(DelegatingConstructorAccessorImpl.java:45)
at java.base/java.lang.reflect.Constructor.newInstance(Constructor.java:490)
at org.openqa.selenium.remote.W3CHandshakeResponse.lambda$errorHandler$0(W3CHandshakeResponse.java:62)
at org.openqa.selenium.remote.HandshakeResponse.lambda$getResponseFunction$0(HandshakeResponse.java:30)
at org.openqa.selenium.remote.ProtocolHandshake.lambda$createSession$0(ProtocolHandshake.java:126)
at java.base/java.util.stream.ReferencePipeline$3$1.accept(ReferencePipeline.java:195)
at java.base/java.util.Spliterators$ArraySpliterator.tryAdvance(Spliterators.java:958)
at java.base/java.util.stream.ReferencePipeline.forEachWithCancel(ReferencePipeline.java:127)
at java.base/java.util.stream.AbstractPipeline.copyIntoWithCancel(AbstractPipeline.java:502)
at java.base/java.util.stream.AbstractPipeline.copyInto(AbstractPipeline.java:488)
at java.base/java.util.stream.AbstractPipeline.wrapAndCopyInto(AbstractPipeline.java:474)
at java.base/java.util.stream.FindOps$FindOp.evaluateSequential(FindOps.java:150)
at java.base/java.util.stream.AbstractPipeline.evaluate(AbstractPipeline.java:234)
at java.base/java.util.stream.ReferencePipeline.findFirst(ReferencePipeline.java:543)
at org.openqa.selenium.remote.ProtocolHandshake.createSession(ProtocolHandshake.java:128)
at org.openqa.selenium.remote.ProtocolHandshake.createSession(ProtocolHandshake.java:74)
at org.openqa.selenium.remote.HttpCommandExecutor.execute(HttpCommandExecutor.java:136)
at org.openqa.selenium.remote.service.DriverCommandExecutor.execute(DriverCommandExecutor.java:83)
at org.openqa.selenium.remote.RemoteWebDriver.execute(RemoteWebDriver.java:552)
at org.openqa.selenium.remote.RemoteWebDriver.startSession(RemoteWebDriver.java:213)
at org.openqa.selenium.remote.RemoteWebDriver.<init>(RemoteWebDriver.java:131)
at org.openqa.selenium.chrome.ChromeDriver.<init>(ChromeDriver.java:181)
at org.openqa.selenium.chrome.ChromeDriver.<init>(ChromeDriver.java:168)
at org.openqa.selenium.chrome.ChromeDriver.<init>(ChromeDriver.java:157)
at com.Selenium_assignment.tests.BaseTest.initializeWebDriver(BaseTest.java:85)
at java.base/jdk.internal.reflect.NativeMethodAccessorImpl.invoke0(Native Method)
at java.base/jdk.internal.reflect.NativeMethodAccessorImpl.invoke(NativeMethodAccessorImpl.java:62)
at java.base/jdk.internal.reflect.DelegatingMethodAccessorImpl.invoke(DelegatingMethodAccessorImpl.java:43)
at java.base/java.lang.reflect.Method.invoke(Method.java:566)
at org.testng.internal.MethodInvocationHelper.invokeMethod(MethodInvocationHelper.java:133)
at org.testng.internal.MethodInvocationHelper.invokeMethodConsideringTimeout(MethodInvocationHelper.java:62)
at org.testng.internal.ConfigInvoker.invokeConfigurationMethod(ConfigInvoker.java:385)
at org.testng.internal.ConfigInvoker.invokeConfigurations(ConfigInvoker.java:321)
at org.testng.SuiteRunner.privateRun(SuiteRunner.java:317)
at org.testng.SuiteRunner.run(SuiteRunner.java:276)
at org.testng.SuiteRunnerWorker.runSuite(SuiteRunnerWorker.java:53)
at org.testng.SuiteRunnerWorker.run(SuiteRunnerWorker.java:96)
at org.testng.TestNG.runSuitesSequentially(TestNG.java:1212)
at org.testng.TestNG.runSuitesLocally(TestNG.java:1134)
at org.testng.TestNG.runSuites(TestNG.java:1063)
at org.testng.TestNG.run(TestNG.java:1031)
at org.testng.remote.AbstractRemoteTestNG.run(AbstractRemoteTestNG.java:115)
at org.testng.remote.RemoteTestNG.initAndRun(RemoteTestNG.java:251)
at org.testng.remote.RemoteTestNG.main(RemoteTestNG.java:77)
]]>
    </error>
  </testcase> <!-- initializeWebDriver -->
  <system-out/>
  <testcase classname="com.Selenium_assignment.tests.HomePageTest" name="ClickNextSlide" time="0.000">
    <skipped/>
  </testcase> <!-- ClickNextSlide -->
  <system-out/>
  <testcase classname="com.Selenium_assignment.tests.HomePageTest" name="Dropdown" time="0.000">
    <skipped/>
  </testcase> <!-- Dropdown -->
  <system-out/>
  <testcase classname="com.Selenium_assignment.tests.HomePageTest" name="clickReturn" time="0.000">
    <skipped/>
  </testcase> <!-- clickReturn -->
  <system-out/>
  <testcase classname="com.Selenium_assignment.tests.HomePageTest" name="chooseFashion" time="0.002">
    <skipped/>
  </testcase> <!-- chooseFashion -->
  <system-out/>
</testsuite> <!-- com.Selenium_assignment.tests.HomePageTest -->
