<?xml version="1.0" encoding="UTF-8"?>
<!-- Generated by org.testng.reporters.JUnitXMLReporter -->
<testsuite ignored="20" hostname="IN-PG02P5S6" failures="2" tests="17" name="Test" time="77.107" errors="0" timestamp="2022-03-05T15:36:49 IST">
  <testcase classname="com.Selenium_assignment.tests.HomePageTest" name="testAmazonLogo" time="1.874"/>
  <testcase classname="com.Selenium_assignment.tests.HomePageTest" name="ClickNextSlide" time="0.458"/>
  <testcase classname="com.Selenium_assignment.tests.HomePageTest" name="Dropdown" time="0.224"/>
  <testcase classname="com.Selenium_assignment.tests.HomePageTest" name="clickReturn" time="1.501"/>
  <testcase classname="com.Selenium_assignment.tests.HomePageTest" name="chooseFashion" time="5.062">
    <failure type="org.openqa.selenium.ElementNotInteractableException" message="element not interactable
  (Session info: headless chrome=99.0.4844.51)
Build info: version: &amp;apos;3.141.59&amp;apos;, revision: &amp;apos;e82be7d358&amp;apos;, time: &amp;apos;2018-11-14T08:17:03&amp;apos;
System info: host: &amp;apos;IN-PG02P5S6&amp;apos;, ip: &amp;apos;192.168.1.4&amp;apos;, os.name: &amp;apos;Windows 10&amp;apos;, os.arch: &amp;apos;amd64&amp;apos;, os.version: &amp;apos;10.0&amp;apos;, java.version: &amp;apos;11.0.1&amp;apos;
Driver info: org.openqa.selenium.chrome.ChromeDriver
Capabilities {acceptInsecureCerts: false, browserName: chrome, browserVersion: 99.0.4844.51, chrome: {chromedriverVersion: 98.0.4758.102 (273bf7ac8c90..., userDataDir: C:\Users\TANUGU~1\AppData\L...}, goog:chromeOptions: {debuggerAddress: localhost:58299}, javascriptEnabled: true, networkConnectionEnabled: false, pageLoadStrategy: normal, platform: WINDOWS, platformName: WINDOWS, proxy: Proxy(), setWindowRect: true, strictFileInteractability: false, timeouts: {implicit: 0, pageLoad: 300000, script: 30000}, unhandledPromptBehavior: dismiss and notify, webauthn:extension:credBlob: true, webauthn:extension:largeBlob: true, webauthn:virtualAuthenticators: true}
Session ID: b74fb3d23e1b4d7aa06813c7cfd2f9a7">
      <![CDATA[org.openqa.selenium.ElementNotInteractableException: element not interactable
  (Session info: headless chrome=99.0.4844.51)
Build info: version: '3.141.59', revision: 'e82be7d358', time: '2018-11-14T08:17:03'
System info: host: 'IN-PG02P5S6', ip: '192.168.1.4', os.name: 'Windows 10', os.arch: 'amd64', os.version: '10.0', java.version: '11.0.1'
Driver info: org.openqa.selenium.chrome.ChromeDriver
Capabilities {acceptInsecureCerts: false, browserName: chrome, browserVersion: 99.0.4844.51, chrome: {chromedriverVersion: 98.0.4758.102 (273bf7ac8c90..., userDataDir: C:\Users\TANUGU~1\AppData\L...}, goog:chromeOptions: {debuggerAddress: localhost:58299}, javascriptEnabled: true, networkConnectionEnabled: false, pageLoadStrategy: normal, platform: WINDOWS, platformName: WINDOWS, proxy: Proxy(), setWindowRect: true, strictFileInteractability: false, timeouts: {implicit: 0, pageLoad: 300000, script: 30000}, unhandledPromptBehavior: dismiss and notify, webauthn:extension:credBlob: true, webauthn:extension:largeBlob: true, webauthn:virtualAuthenticators: true}
Session ID: b74fb3d23e1b4d7aa06813c7cfd2f9a7
at org.openqa.selenium.remote.http.W3CHttpResponseCodec.createException(W3CHttpResponseCodec.java:187)
at org.openqa.selenium.remote.http.W3CHttpResponseCodec.decode(W3CHttpResponseCodec.java:122)
at org.openqa.selenium.remote.http.W3CHttpResponseCodec.decode(W3CHttpResponseCodec.java:49)
at org.openqa.selenium.remote.HttpCommandExecutor.execute(HttpCommandExecutor.java:158)
at org.openqa.selenium.remote.service.DriverCommandExecutor.execute(DriverCommandExecutor.java:83)
at org.openqa.selenium.remote.RemoteWebDriver.execute(RemoteWebDriver.java:552)
at org.openqa.selenium.remote.RemoteWebElement.execute(RemoteWebElement.java:285)
at org.openqa.selenium.remote.RemoteWebElement.click(RemoteWebElement.java:84)
at org.openqa.selenium.support.pagefactory.internal.LocatingElementHandler.invoke(LocatingElementHandler.java:51)
at com.sun.proxy.$Proxy15.click(Unknown Source)
at com.Selenium_assignment.pages.HomePage.clicknavbarFashion(HomePage.java:74)
at com.Selenium_assignment.tests.HomePageTest.chooseFashion(HomePageTest.java:74)
at java.base/java.util.ArrayList.forEach(ArrayList.java:1540)
... Removed 35 stack frames]]>
    </failure>
  </testcase> <!-- chooseFashion -->
  <testcase classname="com.Selenium_assignment.tests.RegisterPageTest" name="CreateNewuser" time="4.657"/>
  <testcase classname="com.Selenium_assignment.tests.LoginPageTest" name="LoginValidmailid" time="4.471"/>
  <testcase classname="com.Selenium_assignment.tests.LoginPageTest" name="Loginvalidmailid" time="1.721"/>
  <testcase classname="com.Selenium_assignment.tests.LoginPageTest" name="LogininValidPassword" time="5.806"/>
  <testcase classname="com.Selenium_assignment.tests.LoginPageTest" name="Logblankuser" time="1.355"/>
  <testcase classname="com.Selenium_assignment.tests.LoginPageTest" name="Loginblankpass" time="2.857"/>
  <testcase classname="com.Selenium_assignment.tests.productsearchTest" name="SearchProductiphone" time="2.045"/>
  <testcase classname="com.Selenium_assignment.tests.productsearchTest" name="SearchProductfootball" time="9.193">
    <failure type="org.openqa.selenium.NoSuchElementException" message="no such element: Unable to locate element: {&amp;quot;method&amp;quot;:&amp;quot;xpath&amp;quot;,&amp;quot;selector&amp;quot;:&amp;quot;//*[@id=&amp;quot;search&amp;quot;]/div[1]/div[1]/div/span[3]/div[2]/div[9]/div/div/div/div/div/div[2]/div/div/div[1]/h2/a/span&amp;quot;}
  (Session info: headless chrome=99.0.4844.51)
For documentation on this error, please visit: https://www.seleniumhq.org/exceptions/no_such_element.html
Build info: version: &amp;apos;3.141.59&amp;apos;, revision: &amp;apos;e82be7d358&amp;apos;, time: &amp;apos;2018-11-14T08:17:03&amp;apos;
System info: host: &amp;apos;IN-PG02P5S6&amp;apos;, ip: &amp;apos;192.168.1.4&amp;apos;, os.name: &amp;apos;Windows 10&amp;apos;, os.arch: &amp;apos;amd64&amp;apos;, os.version: &amp;apos;10.0&amp;apos;, java.version: &amp;apos;11.0.1&amp;apos;
Driver info: org.openqa.selenium.chrome.ChromeDriver
Capabilities {acceptInsecureCerts: false, browserName: chrome, browserVersion: 99.0.4844.51, chrome: {chromedriverVersion: 98.0.4758.102 (273bf7ac8c90..., userDataDir: C:\Users\TANUGU~1\AppData\L...}, goog:chromeOptions: {debuggerAddress: localhost:58299}, javascriptEnabled: true, networkConnectionEnabled: false, pageLoadStrategy: normal, platform: WINDOWS, platformName: WINDOWS, proxy: Proxy(), setWindowRect: true, strictFileInteractability: false, timeouts: {implicit: 0, pageLoad: 300000, script: 30000}, unhandledPromptBehavior: dismiss and notify, webauthn:extension:credBlob: true, webauthn:extension:largeBlob: true, webauthn:virtualAuthenticators: true}
Session ID: b74fb3d23e1b4d7aa06813c7cfd2f9a7
*** Element info: {Using=xpath, value=//*[@id=&amp;quot;search&amp;quot;]/div[1]/div[1]/div/span[3]/div[2]/div[9]/div/div/div/div/div/div[2]/div/div/div[1]/h2/a/span}">
      <![CDATA[org.openqa.selenium.NoSuchElementException: no such element: Unable to locate element: {"method":"xpath","selector":"//*[@id="search"]/div[1]/div[1]/div/span[3]/div[2]/div[9]/div/div/div/div/div/div[2]/div/div/div[1]/h2/a/span"}
  (Session info: headless chrome=99.0.4844.51)
For documentation on this error, please visit: https://www.seleniumhq.org/exceptions/no_such_element.html
Build info: version: '3.141.59', revision: 'e82be7d358', time: '2018-11-14T08:17:03'
System info: host: 'IN-PG02P5S6', ip: '192.168.1.4', os.name: 'Windows 10', os.arch: 'amd64', os.version: '10.0', java.version: '11.0.1'
Driver info: org.openqa.selenium.chrome.ChromeDriver
Capabilities {acceptInsecureCerts: false, browserName: chrome, browserVersion: 99.0.4844.51, chrome: {chromedriverVersion: 98.0.4758.102 (273bf7ac8c90..., userDataDir: C:\Users\TANUGU~1\AppData\L...}, goog:chromeOptions: {debuggerAddress: localhost:58299}, javascriptEnabled: true, networkConnectionEnabled: false, pageLoadStrategy: normal, platform: WINDOWS, platformName: WINDOWS, proxy: Proxy(), setWindowRect: true, strictFileInteractability: false, timeouts: {implicit: 0, pageLoad: 300000, script: 30000}, unhandledPromptBehavior: dismiss and notify, webauthn:extension:credBlob: true, webauthn:extension:largeBlob: true, webauthn:virtualAuthenticators: true}
Session ID: b74fb3d23e1b4d7aa06813c7cfd2f9a7
*** Element info: {Using=xpath, value=//*[@id="search"]/div[1]/div[1]/div/span[3]/div[2]/div[9]/div/div/div/div/div/div[2]/div/div/div[1]/h2/a/span}
at org.openqa.selenium.remote.http.W3CHttpResponseCodec.createException(W3CHttpResponseCodec.java:187)
at org.openqa.selenium.remote.http.W3CHttpResponseCodec.decode(W3CHttpResponseCodec.java:122)
at org.openqa.selenium.remote.http.W3CHttpResponseCodec.decode(W3CHttpResponseCodec.java:49)
at org.openqa.selenium.remote.HttpCommandExecutor.execute(HttpCommandExecutor.java:158)
at org.openqa.selenium.remote.service.DriverCommandExecutor.execute(DriverCommandExecutor.java:83)
at org.openqa.selenium.remote.RemoteWebDriver.execute(RemoteWebDriver.java:552)
at org.openqa.selenium.remote.RemoteWebDriver.findElement(RemoteWebDriver.java:323)
at org.openqa.selenium.remote.RemoteWebDriver.findElementByXPath(RemoteWebDriver.java:428)
at org.openqa.selenium.By$ByXPath.findElement(By.java:353)
at org.openqa.selenium.remote.RemoteWebDriver.findElement(RemoteWebDriver.java:315)
at org.openqa.selenium.support.pagefactory.DefaultElementLocator.findElement(DefaultElementLocator.java:69)
at org.openqa.selenium.support.pagefactory.internal.LocatingElementHandler.invoke(LocatingElementHandler.java:38)
at com.sun.proxy.$Proxy15.click(Unknown Source)
at com.Selenium_assignment.pages.productsearch.chooseproduct(productsearch.java:51)
at com.Selenium_assignment.tests.productsearchTest.SearchProductfootball(productsearchTest.java:36)
at java.base/java.util.ArrayList.forEach(ArrayList.java:1540)
... Removed 31 stack frames]]>
    </failure>
  </testcase> <!-- SearchProductfootball -->
  <testcase classname="com.Selenium_assignment.tests.FooterPageTest" name="clickhelp" time="2.358"/>
  <testcase classname="com.Selenium_assignment.tests.FooterPageTest" name="clickfb" time="3.447"/>
  <testcase classname="com.Selenium_assignment.tests.ChooseLanguageTest" name="ChooseHindiLanguage" time="0.452"/>
  <testcase classname="com.Selenium_assignment.tests.ChooseLanguageTest" name="ChooseEnglishLanguage" time="0.444"/>
  <testcase classname="com.Selenium_assignment.tests.BaseTest" name="@AfterSuite endReport" time="0.0">
    <ignored/>
  </testcase> <!-- @AfterSuite endReport -->
  <testcase classname="com.Selenium_assignment.tests.BaseTest" name="@AfterSuite endReport" time="0.0">
    <ignored/>
  </testcase> <!-- @AfterSuite endReport -->
  <testcase classname="com.Selenium_assignment.tests.BaseTest" name="@AfterSuite endReport" time="0.0">
    <ignored/>
  </testcase> <!-- @AfterSuite endReport -->
  <testcase classname="com.Selenium_assignment.tests.BaseTest" name="@AfterSuite endReport" time="0.0">
    <ignored/>
  </testcase> <!-- @AfterSuite endReport -->
  <testcase classname="com.Selenium_assignment.tests.BaseTest" name="@AfterSuite endReport" time="0.0">
    <ignored/>
  </testcase> <!-- @AfterSuite endReport -->
  <testcase classname="com.Selenium_assignment.tests.BaseTest" name="@AfterSuite closeBrowser" time="0.0">
    <ignored/>
  </testcase> <!-- @AfterSuite closeBrowser -->
  <testcase classname="com.Selenium_assignment.tests.BaseTest" name="@AfterSuite closeBrowser" time="0.0">
    <ignored/>
  </testcase> <!-- @AfterSuite closeBrowser -->
  <testcase classname="com.Selenium_assignment.tests.BaseTest" name="@AfterSuite closeBrowser" time="0.0">
    <ignored/>
  </testcase> <!-- @AfterSuite closeBrowser -->
  <testcase classname="com.Selenium_assignment.tests.BaseTest" name="@AfterSuite closeBrowser" time="0.0">
    <ignored/>
  </testcase> <!-- @AfterSuite closeBrowser -->
  <testcase classname="com.Selenium_assignment.tests.BaseTest" name="@AfterSuite closeBrowser" time="0.0">
    <ignored/>
  </testcase> <!-- @AfterSuite closeBrowser -->
  <testcase classname="com.Selenium_assignment.tests.BaseTest" name="@BeforeSuite initializeWebDriver" time="0.0">
    <ignored/>
  </testcase> <!-- @BeforeSuite initializeWebDriver -->
  <testcase classname="com.Selenium_assignment.tests.BaseTest" name="@BeforeSuite initializeWebDriver" time="0.0">
    <ignored/>
  </testcase> <!-- @BeforeSuite initializeWebDriver -->
  <testcase classname="com.Selenium_assignment.tests.BaseTest" name="@BeforeSuite initializeWebDriver" time="0.0">
    <ignored/>
  </testcase> <!-- @BeforeSuite initializeWebDriver -->
  <testcase classname="com.Selenium_assignment.tests.BaseTest" name="@BeforeSuite initializeWebDriver" time="0.0">
    <ignored/>
  </testcase> <!-- @BeforeSuite initializeWebDriver -->
  <testcase classname="com.Selenium_assignment.tests.BaseTest" name="@BeforeSuite initializeWebDriver" time="0.0">
    <ignored/>
  </testcase> <!-- @BeforeSuite initializeWebDriver -->
  <testcase classname="com.Selenium_assignment.tests.BaseTest" name="@BeforeSuite setExtent" time="0.0">
    <ignored/>
  </testcase> <!-- @BeforeSuite setExtent -->
  <testcase classname="com.Selenium_assignment.tests.BaseTest" name="@BeforeSuite setExtent" time="0.0">
    <ignored/>
  </testcase> <!-- @BeforeSuite setExtent -->
  <testcase classname="com.Selenium_assignment.tests.BaseTest" name="@BeforeSuite setExtent" time="0.0">
    <ignored/>
  </testcase> <!-- @BeforeSuite setExtent -->
  <testcase classname="com.Selenium_assignment.tests.BaseTest" name="@BeforeSuite setExtent" time="0.0">
    <ignored/>
  </testcase> <!-- @BeforeSuite setExtent -->
  <testcase classname="com.Selenium_assignment.tests.BaseTest" name="@BeforeSuite setExtent" time="0.0">
    <ignored/>
  </testcase> <!-- @BeforeSuite setExtent -->
</testsuite> <!-- Test -->
