<!DOCTYPE html PUBLIC "-//W3C//DTD XHTML 1.1//EN" "https://www.w3.org/TR/xhtml11/DTD/xhtml11.dtd">
<html xmlns="https://www.w3.org/1999/xhtml">
<head>
<meta http-equiv="content-type" content="text/html; charset=UTF-8"/>
<title>TestNG Report</title>
<style type="text/css">table {margin-bottom:10px;border-collapse:collapse;empty-cells:show}th,td {border:1px solid #009;padding:.25em .5em}th {vertical-align:bottom}td {vertical-align:top}table a {font-weight:bold}.stripe td {background-color: #E6EBF9}.num {text-align:right}.passedodd td {background-color: #3F3}.passedeven td {background-color: #0A0}.skippedodd td {background-color: #DDD}.skippedeven td {background-color: #CCC}.failedodd td,.attn {background-color: #F33}.failedeven td,.stripe .attn {background-color: #D00}.stacktrace {white-space:pre;font-family:monospace}.totop {font-size:85%;text-align:center;border-bottom:2px solid #000}.invisible {display:none}</style>
</head>
<body>
<table>
<tr><th>Test</th><th># Passed</th><th># Skipped</th><th># Retried</th><th># Failed</th><th>Time (ms)</th><th>Included Groups</th><th>Excluded Groups</th></tr>
<tr><th colspan="8">Suite</th></tr>
<tr><td><a href="#t0">Test</a></td><td class="num">0</td><td class="num attn">17</td><td class="num">0</td><td class="num">0</td><td class="num">142</td><td></td><td></td></tr>
</table>
<table id='summary'><thead><tr><th>Class</th><th>Method</th><th>Start</th><th>Time (ms)</th></tr></thead><tbody><tr><th colspan="4">Suite</th></tr></tbody><tbody id="t0"><tr><th colspan="4">Test &#8212; failed (configuration methods)</th></tr><tr class="failedeven"><td rowspan="1">com.Selenium_assignment.tests.HomePageTest</td><td><a href="#m0">initializeWebDriver</a></td><td rowspan="1">1653670175495</td><td rowspan="1">1793</td></tr><tr><th colspan="4">Test &#8212; skipped (configuration methods)</th></tr><tr class="skippedeven"><td rowspan="6">com.Selenium_assignment.tests.ChooseLanguageTest</td><td><a href="#m1">attachScreenshot</a></td><td rowspan="2">1653670177432</td><td rowspan="2">-1653670177432</td></tr><tr class="skippedeven"><td><a href="#m2">attachScreenshot</a></td></tr><tr class="skippedeven"><td><a href="#m3">endTest</a></td><td rowspan="2">1653670177439</td><td rowspan="2">-1653670177439</td></tr><tr class="skippedeven"><td><a href="#m4">endTest</a></td></tr><tr class="skippedeven"><td><a href="#m5">openurl</a></td><td rowspan="2">1653670177427</td><td rowspan="2">-1653670177427</td></tr><tr class="skippedeven"><td><a href="#m6">openurl</a></td></tr><tr class="skippedodd"><td rowspan="6">com.Selenium_assignment.tests.FooterPageTest</td><td><a href="#m7">attachScreenshot</a></td><td rowspan="2">1653670177422</td><td rowspan="2">-1653670177422</td></tr><tr class="skippedodd"><td><a href="#m8">attachScreenshot</a></td></tr><tr class="skippedodd"><td><a href="#m9">endTest</a></td><td rowspan="2">1653670177426</td><td rowspan="2">-1653670177426</td></tr><tr class="skippedodd"><td><a href="#m10">endTest</a></td></tr><tr class="skippedodd"><td><a href="#m11">openurl</a></td><td rowspan="2">1653670177419</td><td rowspan="2">-1653670177419</td></tr><tr class="skippedodd"><td><a href="#m12">openurl</a></td></tr><tr class="skippedeven"><td rowspan="18">com.Selenium_assignment.tests.HomePageTest</td><td><a href="#m13">attachScreenshot</a></td><td rowspan="5">1653670177352</td><td rowspan="5">-1653670177352</td></tr><tr class="skippedeven"><td><a href="#m14">attachScreenshot</a></td></tr><tr class="skippedeven"><td><a href="#m15">attachScreenshot</a></td></tr><tr class="skippedeven"><td><a href="#m16">attachScreenshot</a></td></tr><tr class="skippedeven"><td><a href="#m17">attachScreenshot</a></td></tr><tr class="skippedeven"><td><a href="#m18">closeBrowser</a></td><td rowspan="1">1653670177539</td><td rowspan="1">-1653670177539</td></tr><tr class="skippedeven"><td><a href="#m19">endReport</a></td><td rowspan="1">1653670177540</td><td rowspan="1">-1653670177540</td></tr><tr class="skippedeven"><td><a href="#m20">endTest</a></td><td rowspan="5">1653670177343</td><td rowspan="5">-1653670177343</td></tr><tr class="skippedeven"><td><a href="#m21">endTest</a></td></tr><tr class="skippedeven"><td><a href="#m22">endTest</a></td></tr><tr class="skippedeven"><td><a href="#m23">endTest</a></td></tr><tr class="skippedeven"><td><a href="#m24">endTest</a></td></tr><tr class="skippedeven"><td><a href="#m25">openurl</a></td><td rowspan="5">1653670177332</td><td rowspan="5">-1653670177332</td></tr><tr class="skippedeven"><td><a href="#m26">openurl</a></td></tr><tr class="skippedeven"><td><a href="#m27">openurl</a></td></tr><tr class="skippedeven"><td><a href="#m28">openurl</a></td></tr><tr class="skippedeven"><td><a href="#m29">openurl</a></td></tr><tr class="skippedeven"><td><a href="#m30">setExtent</a></td><td rowspan="1">1653670177297</td><td rowspan="1">-1653670177297</td></tr><tr class="skippedodd"><td rowspan="15">com.Selenium_assignment.tests.LoginPageTest</td><td><a href="#m31">attachScreenshot</a></td><td rowspan="5">1653670177384</td><td rowspan="5">-1653670177384</td></tr><tr class="skippedodd"><td><a href="#m32">attachScreenshot</a></td></tr><tr class="skippedodd"><td><a href="#m33">attachScreenshot</a></td></tr><tr class="skippedodd"><td><a href="#m34">attachScreenshot</a></td></tr><tr class="skippedodd"><td><a href="#m35">attachScreenshot</a></td></tr><tr class="skippedodd"><td><a href="#m36">endTest</a></td><td rowspan="5">1653670177376</td><td rowspan="5">-1653670177376</td></tr><tr class="skippedodd"><td><a href="#m37">endTest</a></td></tr><tr class="skippedodd"><td><a href="#m38">endTest</a></td></tr><tr class="skippedodd"><td><a href="#m39">endTest</a></td></tr><tr class="skippedodd"><td><a href="#m40">endTest</a></td></tr><tr class="skippedodd"><td><a href="#m41">openurl</a></td><td rowspan="5">1653670177365</td><td rowspan="5">-1653670177365</td></tr><tr class="skippedodd"><td><a href="#m42">openurl</a></td></tr><tr class="skippedodd"><td><a href="#m43">openurl</a></td></tr><tr class="skippedodd"><td><a href="#m44">openurl</a></td></tr><tr class="skippedodd"><td><a href="#m45">openurl</a></td></tr><tr class="skippedeven"><td rowspan="3">com.Selenium_assignment.tests.RegisterPageTest</td><td><a href="#m46">attachScreenshot</a></td><td rowspan="1">1653670177363</td><td rowspan="1">-1653670177363</td></tr><tr class="skippedeven"><td><a href="#m47">endTest</a></td><td rowspan="1">1653670177364</td><td rowspan="1">-1653670177364</td></tr><tr class="skippedeven"><td><a href="#m48">openurl</a></td><td rowspan="1">1653670177358</td><td rowspan="1">-1653670177358</td></tr><tr class="skippedodd"><td rowspan="6">com.Selenium_assignment.tests.productsearchTest</td><td><a href="#m49">attachScreenshot</a></td><td rowspan="2">1653670177411</td><td rowspan="2">-1653670177411</td></tr><tr class="skippedodd"><td><a href="#m50">attachScreenshot</a></td></tr><tr class="skippedodd"><td><a href="#m51">endTest</a></td><td rowspan="2">1653670177418</td><td rowspan="2">-1653670177418</td></tr><tr class="skippedodd"><td><a href="#m52">endTest</a></td></tr><tr class="skippedodd"><td><a href="#m53">openurl</a></td><td rowspan="2">1653670177408</td><td rowspan="2">-1653670177408</td></tr><tr class="skippedodd"><td><a href="#m54">openurl</a></td></tr><tr><th colspan="4">Test &#8212; skipped</th></tr><tr class="skippedeven"><td rowspan="2">com.Selenium_assignment.tests.ChooseLanguageTest</td><td><a href="#m55">ChooseEnglishLanguage</a></td><td rowspan="1">1653670177434</td><td rowspan="1">0</td></tr><tr class="skippedeven"><td><a href="#m56">ChooseHindiLanguage</a></td><td rowspan="1">1653670177428</td><td rowspan="1">0</td></tr><tr class="skippedodd"><td rowspan="2">com.Selenium_assignment.tests.FooterPageTest</td><td><a href="#m57">clickfb</a></td><td rowspan="1">1653670177424</td><td rowspan="1">0</td></tr><tr class="skippedodd"><td><a href="#m58">clickhelp</a></td><td rowspan="1">1653670177419</td><td rowspan="1">0</td></tr><tr class="skippedeven"><td rowspan="5">com.Selenium_assignment.tests.HomePageTest</td><td><a href="#m59">ClickNextSlide</a></td><td rowspan="1">1653670177326</td><td rowspan="1">0</td></tr><tr class="skippedeven"><td><a href="#m60">Dropdown</a></td><td rowspan="1">1653670177333</td><td rowspan="1">0</td></tr><tr class="skippedeven"><td><a href="#m61">chooseFashion</a></td><td rowspan="1">1653670177346</td><td rowspan="1">2</td></tr><tr class="skippedeven"><td><a href="#m62">clickReturn</a></td><td rowspan="1">1653670177339</td><td rowspan="1">0</td></tr><tr class="skippedeven"><td><a href="#m63">testAmazonLogo</a></td><td rowspan="1">1653670177319</td><td rowspan="1">0</td></tr><tr class="skippedodd"><td rowspan="5">com.Selenium_assignment.tests.LoginPageTest</td><td><a href="#m64">Logblankuser</a></td><td rowspan="1">1653670177382</td><td rowspan="1">0</td></tr><tr class="skippedodd"><td><a href="#m65">LoginValidmailid</a></td><td rowspan="1">1653670177366</td><td rowspan="1">0</td></tr><tr class="skippedodd"><td><a href="#m66">Loginblankpass</a></td><td rowspan="1">1653670177399</td><td rowspan="1">0</td></tr><tr class="skippedodd"><td><a href="#m67">LogininValidPassword</a></td><td rowspan="1">1653670177378</td><td rowspan="1">0</td></tr><tr class="skippedodd"><td><a href="#m68">Loginvalidmailid</a></td><td rowspan="1">1653670177373</td><td rowspan="1">0</td></tr><tr class="skippedeven"><td rowspan="1">com.Selenium_assignment.tests.RegisterPageTest</td><td><a href="#m69">CreateNewuser</a></td><td rowspan="1">1653670177359</td><td rowspan="1">0</td></tr><tr class="skippedodd"><td rowspan="2">com.Selenium_assignment.tests.productsearchTest</td><td><a href="#m70">SearchProductfootball</a></td><td rowspan="1">1653670177415</td><td rowspan="1">0</td></tr><tr class="skippedodd"><td><a href="#m71">SearchProductiphone</a></td><td rowspan="1">1653670177408</td><td rowspan="1">0</td></tr></tbody>
</table>
<h2>Test</h2><h3 id="m0">com.Selenium_assignment.tests.HomePageTest#initializeWebDriver</h3><table class="result"><tr><th>Exception</th></tr><tr><td><div class="stacktrace">org.openqa.selenium.SessionNotCreatedException: session not created: This version of ChromeDriver only supports Chrome version 98
Current browser version is 101.0.4951.67 with binary path C:\Users\tanugupta02\AppData\Local\Google\Chrome\Application\chrome.exe
Build info: version: &apos;3.141.59&apos;, revision: &apos;e82be7d358&apos;, time: &apos;2018-11-14T08:17:03&apos;
System info: host: &apos;IN-PG02P5S6&apos;, ip: &apos;192.168.1.5&apos;, os.name: &apos;Windows 10&apos;, os.arch: &apos;amd64&apos;, os.version: &apos;10.0&apos;, java.version: &apos;11.0.1&apos;
Driver info: driver.version: ChromeDriver
remote stacktrace: Backtrace:
	Ordinal0 [0x00C169A3+2582947]
	Ordinal0 [0x00BAA6D1+2139857]
	Ordinal0 [0x00AA3A98+1063576]
	Ordinal0 [0x00AC33B8+1192888]
	Ordinal0 [0x00ABF235+1176117]
	Ordinal0 [0x00ABC9E1+1165793]
	Ordinal0 [0x00AECFFF+1363967]
	Ordinal0 [0x00AECC2A+1362986]
	Ordinal0 [0x00AE8366+1344358]
	Ordinal0 [0x00AC5176+1200502]
	Ordinal0 [0x00AC6066+1204326]
	GetHandleVerifier [0x00DBBE02+1675858]
	GetHandleVerifier [0x00E7036C+2414524]
	GetHandleVerifier [0x00CABB01+560977]
	GetHandleVerifier [0x00CAA8D3+556323]
	Ordinal0 [0x00BB020E+2163214]
	Ordinal0 [0x00BB5078+2183288]
	Ordinal0 [0x00BB51C0+2183616]
	Ordinal0 [0x00BBEE1C+2223644]
	BaseThreadInitThunk [0x75736739+25]
	RtlGetFullPathName_UEx [0x771B8FEF+1215]
	RtlGetFullPathName_UEx [0x771B8FBD+1165]

	at org.openqa.selenium.remote.W3CHandshakeResponse.lambda$errorHandler$0(W3CHandshakeResponse.java:62)
	at org.openqa.selenium.remote.HandshakeResponse.lambda$getResponseFunction$0(HandshakeResponse.java:30)
	at org.openqa.selenium.remote.ProtocolHandshake.lambda$createSession$0(ProtocolHandshake.java:126)
	at java.base/java.util.stream.ReferencePipeline$3$1.accept(ReferencePipeline.java:195)
	at java.base/java.util.Spliterators$ArraySpliterator.tryAdvance(Spliterators.java:958)
	at java.base/java.util.stream.ReferencePipeline.forEachWithCancel(ReferencePipeline.java:127)
	at java.base/java.util.stream.AbstractPipeline.copyIntoWithCancel(AbstractPipeline.java:502)
	at java.base/java.util.stream.AbstractPipeline.copyInto(AbstractPipeline.java:488)
	at java.base/java.util.stream.AbstractPipeline.wrapAndCopyInto(AbstractPipeline.java:474)
	at java.base/java.util.stream.FindOps$FindOp.evaluateSequential(FindOps.java:150)
	at java.base/java.util.stream.AbstractPipeline.evaluate(AbstractPipeline.java:234)
	at java.base/java.util.stream.ReferencePipeline.findFirst(ReferencePipeline.java:543)
	at org.openqa.selenium.remote.ProtocolHandshake.createSession(ProtocolHandshake.java:128)
	at org.openqa.selenium.remote.ProtocolHandshake.createSession(ProtocolHandshake.java:74)
	at org.openqa.selenium.remote.HttpCommandExecutor.execute(HttpCommandExecutor.java:136)
	at org.openqa.selenium.remote.service.DriverCommandExecutor.execute(DriverCommandExecutor.java:83)
	at org.openqa.selenium.remote.RemoteWebDriver.execute(RemoteWebDriver.java:552)
	at org.openqa.selenium.remote.RemoteWebDriver.startSession(RemoteWebDriver.java:213)
	at org.openqa.selenium.remote.RemoteWebDriver.&lt;init&gt;(RemoteWebDriver.java:131)
	at org.openqa.selenium.chrome.ChromeDriver.&lt;init&gt;(ChromeDriver.java:181)
	at org.openqa.selenium.chrome.ChromeDriver.&lt;init&gt;(ChromeDriver.java:168)
	at org.openqa.selenium.chrome.ChromeDriver.&lt;init&gt;(ChromeDriver.java:157)
	at com.Selenium_assignment.tests.BaseTest.initializeWebDriver(BaseTest.java:85)
... Removed 23 stack frames</div></td></tr></table><p class="totop"><a href="#summary">back to summary</a></p>
<h3 id="m1">com.Selenium_assignment.tests.ChooseLanguageTest#attachScreenshot</h3><table class="result"><tr><th class="invisible"/></tr></table><p class="totop"><a href="#summary">back to summary</a></p>
<h3 id="m2">com.Selenium_assignment.tests.ChooseLanguageTest#attachScreenshot</h3><table class="result"><tr><th class="invisible"/></tr></table><p class="totop"><a href="#summary">back to summary</a></p>
<h3 id="m3">com.Selenium_assignment.tests.ChooseLanguageTest#endTest</h3><table class="result"><tr><th class="invisible"/></tr></table><p class="totop"><a href="#summary">back to summary</a></p>
<h3 id="m4">com.Selenium_assignment.tests.ChooseLanguageTest#endTest</h3><table class="result"><tr><th class="invisible"/></tr></table><p class="totop"><a href="#summary">back to summary</a></p>
<h3 id="m5">com.Selenium_assignment.tests.ChooseLanguageTest#openurl</h3><table class="result"><tr><th class="invisible"/></tr></table><p class="totop"><a href="#summary">back to summary</a></p>
<h3 id="m6">com.Selenium_assignment.tests.ChooseLanguageTest#openurl</h3><table class="result"><tr><th class="invisible"/></tr></table><p class="totop"><a href="#summary">back to summary</a></p>
<h3 id="m7">com.Selenium_assignment.tests.FooterPageTest#attachScreenshot</h3><table class="result"><tr><th class="invisible"/></tr></table><p class="totop"><a href="#summary">back to summary</a></p>
<h3 id="m8">com.Selenium_assignment.tests.FooterPageTest#attachScreenshot</h3><table class="result"><tr><th class="invisible"/></tr></table><p class="totop"><a href="#summary">back to summary</a></p>
<h3 id="m9">com.Selenium_assignment.tests.FooterPageTest#endTest</h3><table class="result"><tr><th class="invisible"/></tr></table><p class="totop"><a href="#summary">back to summary</a></p>
<h3 id="m10">com.Selenium_assignment.tests.FooterPageTest#endTest</h3><table class="result"><tr><th class="invisible"/></tr></table><p class="totop"><a href="#summary">back to summary</a></p>
<h3 id="m11">com.Selenium_assignment.tests.FooterPageTest#openurl</h3><table class="result"><tr><th class="invisible"/></tr></table><p class="totop"><a href="#summary">back to summary</a></p>
<h3 id="m12">com.Selenium_assignment.tests.FooterPageTest#openurl</h3><table class="result"><tr><th class="invisible"/></tr></table><p class="totop"><a href="#summary">back to summary</a></p>
<h3 id="m13">com.Selenium_assignment.tests.HomePageTest#attachScreenshot</h3><table class="result"><tr><th class="invisible"/></tr></table><p class="totop"><a href="#summary">back to summary</a></p>
<h3 id="m14">com.Selenium_assignment.tests.HomePageTest#attachScreenshot</h3><table class="result"><tr><th class="invisible"/></tr></table><p class="totop"><a href="#summary">back to summary</a></p>
<h3 id="m15">com.Selenium_assignment.tests.HomePageTest#attachScreenshot</h3><table class="result"><tr><th class="invisible"/></tr></table><p class="totop"><a href="#summary">back to summary</a></p>
<h3 id="m16">com.Selenium_assignment.tests.HomePageTest#attachScreenshot</h3><table class="result"><tr><th class="invisible"/></tr></table><p class="totop"><a href="#summary">back to summary</a></p>
<h3 id="m17">com.Selenium_assignment.tests.HomePageTest#attachScreenshot</h3><table class="result"><tr><th class="invisible"/></tr></table><p class="totop"><a href="#summary">back to summary</a></p>
<h3 id="m18">com.Selenium_assignment.tests.HomePageTest#closeBrowser</h3><table class="result"><tr><th class="invisible"/></tr></table><p class="totop"><a href="#summary">back to summary</a></p>
<h3 id="m19">com.Selenium_assignment.tests.HomePageTest#endReport</h3><table class="result"><tr><th class="invisible"/></tr></table><p class="totop"><a href="#summary">back to summary</a></p>
<h3 id="m20">com.Selenium_assignment.tests.HomePageTest#endTest</h3><table class="result"><tr><th class="invisible"/></tr></table><p class="totop"><a href="#summary">back to summary</a></p>
<h3 id="m21">com.Selenium_assignment.tests.HomePageTest#endTest</h3><table class="result"><tr><th class="invisible"/></tr></table><p class="totop"><a href="#summary">back to summary</a></p>
<h3 id="m22">com.Selenium_assignment.tests.HomePageTest#endTest</h3><table class="result"><tr><th class="invisible"/></tr></table><p class="totop"><a href="#summary">back to summary</a></p>
<h3 id="m23">com.Selenium_assignment.tests.HomePageTest#endTest</h3><table class="result"><tr><th class="invisible"/></tr></table><p class="totop"><a href="#summary">back to summary</a></p>
<h3 id="m24">com.Selenium_assignment.tests.HomePageTest#endTest</h3><table class="result"><tr><th class="invisible"/></tr></table><p class="totop"><a href="#summary">back to summary</a></p>
<h3 id="m25">com.Selenium_assignment.tests.HomePageTest#openurl</h3><table class="result"><tr><th class="invisible"/></tr></table><p class="totop"><a href="#summary">back to summary</a></p>
<h3 id="m26">com.Selenium_assignment.tests.HomePageTest#openurl</h3><table class="result"><tr><th class="invisible"/></tr></table><p class="totop"><a href="#summary">back to summary</a></p>
<h3 id="m27">com.Selenium_assignment.tests.HomePageTest#openurl</h3><table class="result"><tr><th class="invisible"/></tr></table><p class="totop"><a href="#summary">back to summary</a></p>
<h3 id="m28">com.Selenium_assignment.tests.HomePageTest#openurl</h3><table class="result"><tr><th class="invisible"/></tr></table><p class="totop"><a href="#summary">back to summary</a></p>
<h3 id="m29">com.Selenium_assignment.tests.HomePageTest#openurl</h3><table class="result"><tr><th class="invisible"/></tr></table><p class="totop"><a href="#summary">back to summary</a></p>
<h3 id="m30">com.Selenium_assignment.tests.HomePageTest#setExtent</h3><table class="result"><tr><th class="invisible"/></tr></table><p class="totop"><a href="#summary">back to summary</a></p>
<h3 id="m31">com.Selenium_assignment.tests.LoginPageTest#attachScreenshot</h3><table class="result"><tr><th class="invisible"/></tr></table><p class="totop"><a href="#summary">back to summary</a></p>
<h3 id="m32">com.Selenium_assignment.tests.LoginPageTest#attachScreenshot</h3><table class="result"><tr><th class="invisible"/></tr></table><p class="totop"><a href="#summary">back to summary</a></p>
<h3 id="m33">com.Selenium_assignment.tests.LoginPageTest#attachScreenshot</h3><table class="result"><tr><th class="invisible"/></tr></table><p class="totop"><a href="#summary">back to summary</a></p>
<h3 id="m34">com.Selenium_assignment.tests.LoginPageTest#attachScreenshot</h3><table class="result"><tr><th class="invisible"/></tr></table><p class="totop"><a href="#summary">back to summary</a></p>
<h3 id="m35">com.Selenium_assignment.tests.LoginPageTest#attachScreenshot</h3><table class="result"><tr><th class="invisible"/></tr></table><p class="totop"><a href="#summary">back to summary</a></p>
<h3 id="m36">com.Selenium_assignment.tests.LoginPageTest#endTest</h3><table class="result"><tr><th class="invisible"/></tr></table><p class="totop"><a href="#summary">back to summary</a></p>
<h3 id="m37">com.Selenium_assignment.tests.LoginPageTest#endTest</h3><table class="result"><tr><th class="invisible"/></tr></table><p class="totop"><a href="#summary">back to summary</a></p>
<h3 id="m38">com.Selenium_assignment.tests.LoginPageTest#endTest</h3><table class="result"><tr><th class="invisible"/></tr></table><p class="totop"><a href="#summary">back to summary</a></p>
<h3 id="m39">com.Selenium_assignment.tests.LoginPageTest#endTest</h3><table class="result"><tr><th class="invisible"/></tr></table><p class="totop"><a href="#summary">back to summary</a></p>
<h3 id="m40">com.Selenium_assignment.tests.LoginPageTest#endTest</h3><table class="result"><tr><th class="invisible"/></tr></table><p class="totop"><a href="#summary">back to summary</a></p>
<h3 id="m41">com.Selenium_assignment.tests.LoginPageTest#openurl</h3><table class="result"><tr><th class="invisible"/></tr></table><p class="totop"><a href="#summary">back to summary</a></p>
<h3 id="m42">com.Selenium_assignment.tests.LoginPageTest#openurl</h3><table class="result"><tr><th class="invisible"/></tr></table><p class="totop"><a href="#summary">back to summary</a></p>
<h3 id="m43">com.Selenium_assignment.tests.LoginPageTest#openurl</h3><table class="result"><tr><th class="invisible"/></tr></table><p class="totop"><a href="#summary">back to summary</a></p>
<h3 id="m44">com.Selenium_assignment.tests.LoginPageTest#openurl</h3><table class="result"><tr><th class="invisible"/></tr></table><p class="totop"><a href="#summary">back to summary</a></p>
<h3 id="m45">com.Selenium_assignment.tests.LoginPageTest#openurl</h3><table class="result"><tr><th class="invisible"/></tr></table><p class="totop"><a href="#summary">back to summary</a></p>
<h3 id="m46">com.Selenium_assignment.tests.RegisterPageTest#attachScreenshot</h3><table class="result"><tr><th class="invisible"/></tr></table><p class="totop"><a href="#summary">back to summary</a></p>
<h3 id="m47">com.Selenium_assignment.tests.RegisterPageTest#endTest</h3><table class="result"><tr><th class="invisible"/></tr></table><p class="totop"><a href="#summary">back to summary</a></p>
<h3 id="m48">com.Selenium_assignment.tests.RegisterPageTest#openurl</h3><table class="result"><tr><th class="invisible"/></tr></table><p class="totop"><a href="#summary">back to summary</a></p>
<h3 id="m49">com.Selenium_assignment.tests.productsearchTest#attachScreenshot</h3><table class="result"><tr><th class="invisible"/></tr></table><p class="totop"><a href="#summary">back to summary</a></p>
<h3 id="m50">com.Selenium_assignment.tests.productsearchTest#attachScreenshot</h3><table class="result"><tr><th class="invisible"/></tr></table><p class="totop"><a href="#summary">back to summary</a></p>
<h3 id="m51">com.Selenium_assignment.tests.productsearchTest#endTest</h3><table class="result"><tr><th class="invisible"/></tr></table><p class="totop"><a href="#summary">back to summary</a></p>
<h3 id="m52">com.Selenium_assignment.tests.productsearchTest#endTest</h3><table class="result"><tr><th class="invisible"/></tr></table><p class="totop"><a href="#summary">back to summary</a></p>
<h3 id="m53">com.Selenium_assignment.tests.productsearchTest#openurl</h3><table class="result"><tr><th class="invisible"/></tr></table><p class="totop"><a href="#summary">back to summary</a></p>
<h3 id="m54">com.Selenium_assignment.tests.productsearchTest#openurl</h3><table class="result"><tr><th class="invisible"/></tr></table><p class="totop"><a href="#summary">back to summary</a></p>
<h3 id="m55">com.Selenium_assignment.tests.ChooseLanguageTest#ChooseEnglishLanguage</h3><table class="result"><tr><th>Exception</th></tr><tr><td><div class="stacktrace">org.openqa.selenium.SessionNotCreatedException: session not created: This version of ChromeDriver only supports Chrome version 98
Current browser version is 101.0.4951.67 with binary path C:\Users\tanugupta02\AppData\Local\Google\Chrome\Application\chrome.exe
Build info: version: &apos;3.141.59&apos;, revision: &apos;e82be7d358&apos;, time: &apos;2018-11-14T08:17:03&apos;
System info: host: &apos;IN-PG02P5S6&apos;, ip: &apos;192.168.1.5&apos;, os.name: &apos;Windows 10&apos;, os.arch: &apos;amd64&apos;, os.version: &apos;10.0&apos;, java.version: &apos;11.0.1&apos;
Driver info: driver.version: ChromeDriver
remote stacktrace: Backtrace:
	Ordinal0 [0x00C169A3+2582947]
	Ordinal0 [0x00BAA6D1+2139857]
	Ordinal0 [0x00AA3A98+1063576]
	Ordinal0 [0x00AC33B8+1192888]
	Ordinal0 [0x00ABF235+1176117]
	Ordinal0 [0x00ABC9E1+1165793]
	Ordinal0 [0x00AECFFF+1363967]
	Ordinal0 [0x00AECC2A+1362986]
	Ordinal0 [0x00AE8366+1344358]
	Ordinal0 [0x00AC5176+1200502]
	Ordinal0 [0x00AC6066+1204326]
	GetHandleVerifier [0x00DBBE02+1675858]
	GetHandleVerifier [0x00E7036C+2414524]
	GetHandleVerifier [0x00CABB01+560977]
	GetHandleVerifier [0x00CAA8D3+556323]
	Ordinal0 [0x00BB020E+2163214]
	Ordinal0 [0x00BB5078+2183288]
	Ordinal0 [0x00BB51C0+2183616]
	Ordinal0 [0x00BBEE1C+2223644]
	BaseThreadInitThunk [0x75736739+25]
	RtlGetFullPathName_UEx [0x771B8FEF+1215]
	RtlGetFullPathName_UEx [0x771B8FBD+1165]

	at org.openqa.selenium.remote.W3CHandshakeResponse.lambda$errorHandler$0(W3CHandshakeResponse.java:62)
	at org.openqa.selenium.remote.HandshakeResponse.lambda$getResponseFunction$0(HandshakeResponse.java:30)
	at org.openqa.selenium.remote.ProtocolHandshake.lambda$createSession$0(ProtocolHandshake.java:126)
	at java.base/java.util.stream.ReferencePipeline$3$1.accept(ReferencePipeline.java:195)
	at java.base/java.util.Spliterators$ArraySpliterator.tryAdvance(Spliterators.java:958)
	at java.base/java.util.stream.ReferencePipeline.forEachWithCancel(ReferencePipeline.java:127)
	at java.base/java.util.stream.AbstractPipeline.copyIntoWithCancel(AbstractPipeline.java:502)
	at java.base/java.util.stream.AbstractPipeline.copyInto(AbstractPipeline.java:488)
	at java.base/java.util.stream.AbstractPipeline.wrapAndCopyInto(AbstractPipeline.java:474)
	at java.base/java.util.stream.FindOps$FindOp.evaluateSequential(FindOps.java:150)
	at java.base/java.util.stream.AbstractPipeline.evaluate(AbstractPipeline.java:234)
	at java.base/java.util.stream.ReferencePipeline.findFirst(ReferencePipeline.java:543)
	at org.openqa.selenium.remote.ProtocolHandshake.createSession(ProtocolHandshake.java:128)
	at org.openqa.selenium.remote.ProtocolHandshake.createSession(ProtocolHandshake.java:74)
	at org.openqa.selenium.remote.HttpCommandExecutor.execute(HttpCommandExecutor.java:136)
	at org.openqa.selenium.remote.service.DriverCommandExecutor.execute(DriverCommandExecutor.java:83)
	at org.openqa.selenium.remote.RemoteWebDriver.execute(RemoteWebDriver.java:552)
	at org.openqa.selenium.remote.RemoteWebDriver.startSession(RemoteWebDriver.java:213)
	at org.openqa.selenium.remote.RemoteWebDriver.&lt;init&gt;(RemoteWebDriver.java:131)
	at org.openqa.selenium.chrome.ChromeDriver.&lt;init&gt;(ChromeDriver.java:181)
	at org.openqa.selenium.chrome.ChromeDriver.&lt;init&gt;(ChromeDriver.java:168)
	at org.openqa.selenium.chrome.ChromeDriver.&lt;init&gt;(ChromeDriver.java:157)
	at com.Selenium_assignment.tests.BaseTest.initializeWebDriver(BaseTest.java:85)
... Removed 23 stack frames</div></td></tr></table><p class="totop"><a href="#summary">back to summary</a></p>
<h3 id="m56">com.Selenium_assignment.tests.ChooseLanguageTest#ChooseHindiLanguage</h3><table class="result"><tr><th>Exception</th></tr><tr><td><div class="stacktrace">org.openqa.selenium.SessionNotCreatedException: session not created: This version of ChromeDriver only supports Chrome version 98
Current browser version is 101.0.4951.67 with binary path C:\Users\tanugupta02\AppData\Local\Google\Chrome\Application\chrome.exe
Build info: version: &apos;3.141.59&apos;, revision: &apos;e82be7d358&apos;, time: &apos;2018-11-14T08:17:03&apos;
System info: host: &apos;IN-PG02P5S6&apos;, ip: &apos;192.168.1.5&apos;, os.name: &apos;Windows 10&apos;, os.arch: &apos;amd64&apos;, os.version: &apos;10.0&apos;, java.version: &apos;11.0.1&apos;
Driver info: driver.version: ChromeDriver
remote stacktrace: Backtrace:
	Ordinal0 [0x00C169A3+2582947]
	Ordinal0 [0x00BAA6D1+2139857]
	Ordinal0 [0x00AA3A98+1063576]
	Ordinal0 [0x00AC33B8+1192888]
	Ordinal0 [0x00ABF235+1176117]
	Ordinal0 [0x00ABC9E1+1165793]
	Ordinal0 [0x00AECFFF+1363967]
	Ordinal0 [0x00AECC2A+1362986]
	Ordinal0 [0x00AE8366+1344358]
	Ordinal0 [0x00AC5176+1200502]
	Ordinal0 [0x00AC6066+1204326]
	GetHandleVerifier [0x00DBBE02+1675858]
	GetHandleVerifier [0x00E7036C+2414524]
	GetHandleVerifier [0x00CABB01+560977]
	GetHandleVerifier [0x00CAA8D3+556323]
	Ordinal0 [0x00BB020E+2163214]
	Ordinal0 [0x00BB5078+2183288]
	Ordinal0 [0x00BB51C0+2183616]
	Ordinal0 [0x00BBEE1C+2223644]
	BaseThreadInitThunk [0x75736739+25]
	RtlGetFullPathName_UEx [0x771B8FEF+1215]
	RtlGetFullPathName_UEx [0x771B8FBD+1165]

	at org.openqa.selenium.remote.W3CHandshakeResponse.lambda$errorHandler$0(W3CHandshakeResponse.java:62)
	at org.openqa.selenium.remote.HandshakeResponse.lambda$getResponseFunction$0(HandshakeResponse.java:30)
	at org.openqa.selenium.remote.ProtocolHandshake.lambda$createSession$0(ProtocolHandshake.java:126)
	at java.base/java.util.stream.ReferencePipeline$3$1.accept(ReferencePipeline.java:195)
	at java.base/java.util.Spliterators$ArraySpliterator.tryAdvance(Spliterators.java:958)
	at java.base/java.util.stream.ReferencePipeline.forEachWithCancel(ReferencePipeline.java:127)
	at java.base/java.util.stream.AbstractPipeline.copyIntoWithCancel(AbstractPipeline.java:502)
	at java.base/java.util.stream.AbstractPipeline.copyInto(AbstractPipeline.java:488)
	at java.base/java.util.stream.AbstractPipeline.wrapAndCopyInto(AbstractPipeline.java:474)
	at java.base/java.util.stream.FindOps$FindOp.evaluateSequential(FindOps.java:150)
	at java.base/java.util.stream.AbstractPipeline.evaluate(AbstractPipeline.java:234)
	at java.base/java.util.stream.ReferencePipeline.findFirst(ReferencePipeline.java:543)
	at org.openqa.selenium.remote.ProtocolHandshake.createSession(ProtocolHandshake.java:128)
	at org.openqa.selenium.remote.ProtocolHandshake.createSession(ProtocolHandshake.java:74)
	at org.openqa.selenium.remote.HttpCommandExecutor.execute(HttpCommandExecutor.java:136)
	at org.openqa.selenium.remote.service.DriverCommandExecutor.execute(DriverCommandExecutor.java:83)
	at org.openqa.selenium.remote.RemoteWebDriver.execute(RemoteWebDriver.java:552)
	at org.openqa.selenium.remote.RemoteWebDriver.startSession(RemoteWebDriver.java:213)
	at org.openqa.selenium.remote.RemoteWebDriver.&lt;init&gt;(RemoteWebDriver.java:131)
	at org.openqa.selenium.chrome.ChromeDriver.&lt;init&gt;(ChromeDriver.java:181)
	at org.openqa.selenium.chrome.ChromeDriver.&lt;init&gt;(ChromeDriver.java:168)
	at org.openqa.selenium.chrome.ChromeDriver.&lt;init&gt;(ChromeDriver.java:157)
	at com.Selenium_assignment.tests.BaseTest.initializeWebDriver(BaseTest.java:85)
... Removed 23 stack frames</div></td></tr></table><p class="totop"><a href="#summary">back to summary</a></p>
<h3 id="m57">com.Selenium_assignment.tests.FooterPageTest#clickfb</h3><table class="result"><tr><th>Exception</th></tr><tr><td><div class="stacktrace">org.openqa.selenium.SessionNotCreatedException: session not created: This version of ChromeDriver only supports Chrome version 98
Current browser version is 101.0.4951.67 with binary path C:\Users\tanugupta02\AppData\Local\Google\Chrome\Application\chrome.exe
Build info: version: &apos;3.141.59&apos;, revision: &apos;e82be7d358&apos;, time: &apos;2018-11-14T08:17:03&apos;
System info: host: &apos;IN-PG02P5S6&apos;, ip: &apos;192.168.1.5&apos;, os.name: &apos;Windows 10&apos;, os.arch: &apos;amd64&apos;, os.version: &apos;10.0&apos;, java.version: &apos;11.0.1&apos;
Driver info: driver.version: ChromeDriver
remote stacktrace: Backtrace:
	Ordinal0 [0x00C169A3+2582947]
	Ordinal0 [0x00BAA6D1+2139857]
	Ordinal0 [0x00AA3A98+1063576]
	Ordinal0 [0x00AC33B8+1192888]
	Ordinal0 [0x00ABF235+1176117]
	Ordinal0 [0x00ABC9E1+1165793]
	Ordinal0 [0x00AECFFF+1363967]
	Ordinal0 [0x00AECC2A+1362986]
	Ordinal0 [0x00AE8366+1344358]
	Ordinal0 [0x00AC5176+1200502]
	Ordinal0 [0x00AC6066+1204326]
	GetHandleVerifier [0x00DBBE02+1675858]
	GetHandleVerifier [0x00E7036C+2414524]
	GetHandleVerifier [0x00CABB01+560977]
	GetHandleVerifier [0x00CAA8D3+556323]
	Ordinal0 [0x00BB020E+2163214]
	Ordinal0 [0x00BB5078+2183288]
	Ordinal0 [0x00BB51C0+2183616]
	Ordinal0 [0x00BBEE1C+2223644]
	BaseThreadInitThunk [0x75736739+25]
	RtlGetFullPathName_UEx [0x771B8FEF+1215]
	RtlGetFullPathName_UEx [0x771B8FBD+1165]

	at org.openqa.selenium.remote.W3CHandshakeResponse.lambda$errorHandler$0(W3CHandshakeResponse.java:62)
	at org.openqa.selenium.remote.HandshakeResponse.lambda$getResponseFunction$0(HandshakeResponse.java:30)
	at org.openqa.selenium.remote.ProtocolHandshake.lambda$createSession$0(ProtocolHandshake.java:126)
	at java.base/java.util.stream.ReferencePipeline$3$1.accept(ReferencePipeline.java:195)
	at java.base/java.util.Spliterators$ArraySpliterator.tryAdvance(Spliterators.java:958)
	at java.base/java.util.stream.ReferencePipeline.forEachWithCancel(ReferencePipeline.java:127)
	at java.base/java.util.stream.AbstractPipeline.copyIntoWithCancel(AbstractPipeline.java:502)
	at java.base/java.util.stream.AbstractPipeline.copyInto(AbstractPipeline.java:488)
	at java.base/java.util.stream.AbstractPipeline.wrapAndCopyInto(AbstractPipeline.java:474)
	at java.base/java.util.stream.FindOps$FindOp.evaluateSequential(FindOps.java:150)
	at java.base/java.util.stream.AbstractPipeline.evaluate(AbstractPipeline.java:234)
	at java.base/java.util.stream.ReferencePipeline.findFirst(ReferencePipeline.java:543)
	at org.openqa.selenium.remote.ProtocolHandshake.createSession(ProtocolHandshake.java:128)
	at org.openqa.selenium.remote.ProtocolHandshake.createSession(ProtocolHandshake.java:74)
	at org.openqa.selenium.remote.HttpCommandExecutor.execute(HttpCommandExecutor.java:136)
	at org.openqa.selenium.remote.service.DriverCommandExecutor.execute(DriverCommandExecutor.java:83)
	at org.openqa.selenium.remote.RemoteWebDriver.execute(RemoteWebDriver.java:552)
	at org.openqa.selenium.remote.RemoteWebDriver.startSession(RemoteWebDriver.java:213)
	at org.openqa.selenium.remote.RemoteWebDriver.&lt;init&gt;(RemoteWebDriver.java:131)
	at org.openqa.selenium.chrome.ChromeDriver.&lt;init&gt;(ChromeDriver.java:181)
	at org.openqa.selenium.chrome.ChromeDriver.&lt;init&gt;(ChromeDriver.java:168)
	at org.openqa.selenium.chrome.ChromeDriver.&lt;init&gt;(ChromeDriver.java:157)
	at com.Selenium_assignment.tests.BaseTest.initializeWebDriver(BaseTest.java:85)
... Removed 23 stack frames</div></td></tr></table><p class="totop"><a href="#summary">back to summary</a></p>
<h3 id="m58">com.Selenium_assignment.tests.FooterPageTest#clickhelp</h3><table class="result"><tr><th>Exception</th></tr><tr><td><div class="stacktrace">org.openqa.selenium.SessionNotCreatedException: session not created: This version of ChromeDriver only supports Chrome version 98
Current browser version is 101.0.4951.67 with binary path C:\Users\tanugupta02\AppData\Local\Google\Chrome\Application\chrome.exe
Build info: version: &apos;3.141.59&apos;, revision: &apos;e82be7d358&apos;, time: &apos;2018-11-14T08:17:03&apos;
System info: host: &apos;IN-PG02P5S6&apos;, ip: &apos;192.168.1.5&apos;, os.name: &apos;Windows 10&apos;, os.arch: &apos;amd64&apos;, os.version: &apos;10.0&apos;, java.version: &apos;11.0.1&apos;
Driver info: driver.version: ChromeDriver
remote stacktrace: Backtrace:
	Ordinal0 [0x00C169A3+2582947]
	Ordinal0 [0x00BAA6D1+2139857]
	Ordinal0 [0x00AA3A98+1063576]
	Ordinal0 [0x00AC33B8+1192888]
	Ordinal0 [0x00ABF235+1176117]
	Ordinal0 [0x00ABC9E1+1165793]
	Ordinal0 [0x00AECFFF+1363967]
	Ordinal0 [0x00AECC2A+1362986]
	Ordinal0 [0x00AE8366+1344358]
	Ordinal0 [0x00AC5176+1200502]
	Ordinal0 [0x00AC6066+1204326]
	GetHandleVerifier [0x00DBBE02+1675858]
	GetHandleVerifier [0x00E7036C+2414524]
	GetHandleVerifier [0x00CABB01+560977]
	GetHandleVerifier [0x00CAA8D3+556323]
	Ordinal0 [0x00BB020E+2163214]
	Ordinal0 [0x00BB5078+2183288]
	Ordinal0 [0x00BB51C0+2183616]
	Ordinal0 [0x00BBEE1C+2223644]
	BaseThreadInitThunk [0x75736739+25]
	RtlGetFullPathName_UEx [0x771B8FEF+1215]
	RtlGetFullPathName_UEx [0x771B8FBD+1165]

	at org.openqa.selenium.remote.W3CHandshakeResponse.lambda$errorHandler$0(W3CHandshakeResponse.java:62)
	at org.openqa.selenium.remote.HandshakeResponse.lambda$getResponseFunction$0(HandshakeResponse.java:30)
	at org.openqa.selenium.remote.ProtocolHandshake.lambda$createSession$0(ProtocolHandshake.java:126)
	at java.base/java.util.stream.ReferencePipeline$3$1.accept(ReferencePipeline.java:195)
	at java.base/java.util.Spliterators$ArraySpliterator.tryAdvance(Spliterators.java:958)
	at java.base/java.util.stream.ReferencePipeline.forEachWithCancel(ReferencePipeline.java:127)
	at java.base/java.util.stream.AbstractPipeline.copyIntoWithCancel(AbstractPipeline.java:502)
	at java.base/java.util.stream.AbstractPipeline.copyInto(AbstractPipeline.java:488)
	at java.base/java.util.stream.AbstractPipeline.wrapAndCopyInto(AbstractPipeline.java:474)
	at java.base/java.util.stream.FindOps$FindOp.evaluateSequential(FindOps.java:150)
	at java.base/java.util.stream.AbstractPipeline.evaluate(AbstractPipeline.java:234)
	at java.base/java.util.stream.ReferencePipeline.findFirst(ReferencePipeline.java:543)
	at org.openqa.selenium.remote.ProtocolHandshake.createSession(ProtocolHandshake.java:128)
	at org.openqa.selenium.remote.ProtocolHandshake.createSession(ProtocolHandshake.java:74)
	at org.openqa.selenium.remote.HttpCommandExecutor.execute(HttpCommandExecutor.java:136)
	at org.openqa.selenium.remote.service.DriverCommandExecutor.execute(DriverCommandExecutor.java:83)
	at org.openqa.selenium.remote.RemoteWebDriver.execute(RemoteWebDriver.java:552)
	at org.openqa.selenium.remote.RemoteWebDriver.startSession(RemoteWebDriver.java:213)
	at org.openqa.selenium.remote.RemoteWebDriver.&lt;init&gt;(RemoteWebDriver.java:131)
	at org.openqa.selenium.chrome.ChromeDriver.&lt;init&gt;(ChromeDriver.java:181)
	at org.openqa.selenium.chrome.ChromeDriver.&lt;init&gt;(ChromeDriver.java:168)
	at org.openqa.selenium.chrome.ChromeDriver.&lt;init&gt;(ChromeDriver.java:157)
	at com.Selenium_assignment.tests.BaseTest.initializeWebDriver(BaseTest.java:85)
... Removed 23 stack frames</div></td></tr></table><p class="totop"><a href="#summary">back to summary</a></p>
<h3 id="m59">com.Selenium_assignment.tests.HomePageTest#ClickNextSlide</h3><table class="result"><tr><th>Exception</th></tr><tr><td><div class="stacktrace">org.openqa.selenium.SessionNotCreatedException: session not created: This version of ChromeDriver only supports Chrome version 98
Current browser version is 101.0.4951.67 with binary path C:\Users\tanugupta02\AppData\Local\Google\Chrome\Application\chrome.exe
Build info: version: &apos;3.141.59&apos;, revision: &apos;e82be7d358&apos;, time: &apos;2018-11-14T08:17:03&apos;
System info: host: &apos;IN-PG02P5S6&apos;, ip: &apos;192.168.1.5&apos;, os.name: &apos;Windows 10&apos;, os.arch: &apos;amd64&apos;, os.version: &apos;10.0&apos;, java.version: &apos;11.0.1&apos;
Driver info: driver.version: ChromeDriver
remote stacktrace: Backtrace:
	Ordinal0 [0x00C169A3+2582947]
	Ordinal0 [0x00BAA6D1+2139857]
	Ordinal0 [0x00AA3A98+1063576]
	Ordinal0 [0x00AC33B8+1192888]
	Ordinal0 [0x00ABF235+1176117]
	Ordinal0 [0x00ABC9E1+1165793]
	Ordinal0 [0x00AECFFF+1363967]
	Ordinal0 [0x00AECC2A+1362986]
	Ordinal0 [0x00AE8366+1344358]
	Ordinal0 [0x00AC5176+1200502]
	Ordinal0 [0x00AC6066+1204326]
	GetHandleVerifier [0x00DBBE02+1675858]
	GetHandleVerifier [0x00E7036C+2414524]
	GetHandleVerifier [0x00CABB01+560977]
	GetHandleVerifier [0x00CAA8D3+556323]
	Ordinal0 [0x00BB020E+2163214]
	Ordinal0 [0x00BB5078+2183288]
	Ordinal0 [0x00BB51C0+2183616]
	Ordinal0 [0x00BBEE1C+2223644]
	BaseThreadInitThunk [0x75736739+25]
	RtlGetFullPathName_UEx [0x771B8FEF+1215]
	RtlGetFullPathName_UEx [0x771B8FBD+1165]

	at org.openqa.selenium.remote.W3CHandshakeResponse.lambda$errorHandler$0(W3CHandshakeResponse.java:62)
	at org.openqa.selenium.remote.HandshakeResponse.lambda$getResponseFunction$0(HandshakeResponse.java:30)
	at org.openqa.selenium.remote.ProtocolHandshake.lambda$createSession$0(ProtocolHandshake.java:126)
	at java.base/java.util.stream.ReferencePipeline$3$1.accept(ReferencePipeline.java:195)
	at java.base/java.util.Spliterators$ArraySpliterator.tryAdvance(Spliterators.java:958)
	at java.base/java.util.stream.ReferencePipeline.forEachWithCancel(ReferencePipeline.java:127)
	at java.base/java.util.stream.AbstractPipeline.copyIntoWithCancel(AbstractPipeline.java:502)
	at java.base/java.util.stream.AbstractPipeline.copyInto(AbstractPipeline.java:488)
	at java.base/java.util.stream.AbstractPipeline.wrapAndCopyInto(AbstractPipeline.java:474)
	at java.base/java.util.stream.FindOps$FindOp.evaluateSequential(FindOps.java:150)
	at java.base/java.util.stream.AbstractPipeline.evaluate(AbstractPipeline.java:234)
	at java.base/java.util.stream.ReferencePipeline.findFirst(ReferencePipeline.java:543)
	at org.openqa.selenium.remote.ProtocolHandshake.createSession(ProtocolHandshake.java:128)
	at org.openqa.selenium.remote.ProtocolHandshake.createSession(ProtocolHandshake.java:74)
	at org.openqa.selenium.remote.HttpCommandExecutor.execute(HttpCommandExecutor.java:136)
	at org.openqa.selenium.remote.service.DriverCommandExecutor.execute(DriverCommandExecutor.java:83)
	at org.openqa.selenium.remote.RemoteWebDriver.execute(RemoteWebDriver.java:552)
	at org.openqa.selenium.remote.RemoteWebDriver.startSession(RemoteWebDriver.java:213)
	at org.openqa.selenium.remote.RemoteWebDriver.&lt;init&gt;(RemoteWebDriver.java:131)
	at org.openqa.selenium.chrome.ChromeDriver.&lt;init&gt;(ChromeDriver.java:181)
	at org.openqa.selenium.chrome.ChromeDriver.&lt;init&gt;(ChromeDriver.java:168)
	at org.openqa.selenium.chrome.ChromeDriver.&lt;init&gt;(ChromeDriver.java:157)
	at com.Selenium_assignment.tests.BaseTest.initializeWebDriver(BaseTest.java:85)
... Removed 23 stack frames</div></td></tr></table><p class="totop"><a href="#summary">back to summary</a></p>
<h3 id="m60">com.Selenium_assignment.tests.HomePageTest#Dropdown</h3><table class="result"><tr><th>Exception</th></tr><tr><td><div class="stacktrace">org.openqa.selenium.SessionNotCreatedException: session not created: This version of ChromeDriver only supports Chrome version 98
Current browser version is 101.0.4951.67 with binary path C:\Users\tanugupta02\AppData\Local\Google\Chrome\Application\chrome.exe
Build info: version: &apos;3.141.59&apos;, revision: &apos;e82be7d358&apos;, time: &apos;2018-11-14T08:17:03&apos;
System info: host: &apos;IN-PG02P5S6&apos;, ip: &apos;192.168.1.5&apos;, os.name: &apos;Windows 10&apos;, os.arch: &apos;amd64&apos;, os.version: &apos;10.0&apos;, java.version: &apos;11.0.1&apos;
Driver info: driver.version: ChromeDriver
remote stacktrace: Backtrace:
	Ordinal0 [0x00C169A3+2582947]
	Ordinal0 [0x00BAA6D1+2139857]
	Ordinal0 [0x00AA3A98+1063576]
	Ordinal0 [0x00AC33B8+1192888]
	Ordinal0 [0x00ABF235+1176117]
	Ordinal0 [0x00ABC9E1+1165793]
	Ordinal0 [0x00AECFFF+1363967]
	Ordinal0 [0x00AECC2A+1362986]
	Ordinal0 [0x00AE8366+1344358]
	Ordinal0 [0x00AC5176+1200502]
	Ordinal0 [0x00AC6066+1204326]
	GetHandleVerifier [0x00DBBE02+1675858]
	GetHandleVerifier [0x00E7036C+2414524]
	GetHandleVerifier [0x00CABB01+560977]
	GetHandleVerifier [0x00CAA8D3+556323]
	Ordinal0 [0x00BB020E+2163214]
	Ordinal0 [0x00BB5078+2183288]
	Ordinal0 [0x00BB51C0+2183616]
	Ordinal0 [0x00BBEE1C+2223644]
	BaseThreadInitThunk [0x75736739+25]
	RtlGetFullPathName_UEx [0x771B8FEF+1215]
	RtlGetFullPathName_UEx [0x771B8FBD+1165]

	at org.openqa.selenium.remote.W3CHandshakeResponse.lambda$errorHandler$0(W3CHandshakeResponse.java:62)
	at org.openqa.selenium.remote.HandshakeResponse.lambda$getResponseFunction$0(HandshakeResponse.java:30)
	at org.openqa.selenium.remote.ProtocolHandshake.lambda$createSession$0(ProtocolHandshake.java:126)
	at java.base/java.util.stream.ReferencePipeline$3$1.accept(ReferencePipeline.java:195)
	at java.base/java.util.Spliterators$ArraySpliterator.tryAdvance(Spliterators.java:958)
	at java.base/java.util.stream.ReferencePipeline.forEachWithCancel(ReferencePipeline.java:127)
	at java.base/java.util.stream.AbstractPipeline.copyIntoWithCancel(AbstractPipeline.java:502)
	at java.base/java.util.stream.AbstractPipeline.copyInto(AbstractPipeline.java:488)
	at java.base/java.util.stream.AbstractPipeline.wrapAndCopyInto(AbstractPipeline.java:474)
	at java.base/java.util.stream.FindOps$FindOp.evaluateSequential(FindOps.java:150)
	at java.base/java.util.stream.AbstractPipeline.evaluate(AbstractPipeline.java:234)
	at java.base/java.util.stream.ReferencePipeline.findFirst(ReferencePipeline.java:543)
	at org.openqa.selenium.remote.ProtocolHandshake.createSession(ProtocolHandshake.java:128)
	at org.openqa.selenium.remote.ProtocolHandshake.createSession(ProtocolHandshake.java:74)
	at org.openqa.selenium.remote.HttpCommandExecutor.execute(HttpCommandExecutor.java:136)
	at org.openqa.selenium.remote.service.DriverCommandExecutor.execute(DriverCommandExecutor.java:83)
	at org.openqa.selenium.remote.RemoteWebDriver.execute(RemoteWebDriver.java:552)
	at org.openqa.selenium.remote.RemoteWebDriver.startSession(RemoteWebDriver.java:213)
	at org.openqa.selenium.remote.RemoteWebDriver.&lt;init&gt;(RemoteWebDriver.java:131)
	at org.openqa.selenium.chrome.ChromeDriver.&lt;init&gt;(ChromeDriver.java:181)
	at org.openqa.selenium.chrome.ChromeDriver.&lt;init&gt;(ChromeDriver.java:168)
	at org.openqa.selenium.chrome.ChromeDriver.&lt;init&gt;(ChromeDriver.java:157)
	at com.Selenium_assignment.tests.BaseTest.initializeWebDriver(BaseTest.java:85)
... Removed 23 stack frames</div></td></tr></table><p class="totop"><a href="#summary">back to summary</a></p>
<h3 id="m61">com.Selenium_assignment.tests.HomePageTest#chooseFashion</h3><table class="result"><tr><th>Exception</th></tr><tr><td><div class="stacktrace">org.openqa.selenium.SessionNotCreatedException: session not created: This version of ChromeDriver only supports Chrome version 98
Current browser version is 101.0.4951.67 with binary path C:\Users\tanugupta02\AppData\Local\Google\Chrome\Application\chrome.exe
Build info: version: &apos;3.141.59&apos;, revision: &apos;e82be7d358&apos;, time: &apos;2018-11-14T08:17:03&apos;
System info: host: &apos;IN-PG02P5S6&apos;, ip: &apos;192.168.1.5&apos;, os.name: &apos;Windows 10&apos;, os.arch: &apos;amd64&apos;, os.version: &apos;10.0&apos;, java.version: &apos;11.0.1&apos;
Driver info: driver.version: ChromeDriver
remote stacktrace: Backtrace:
	Ordinal0 [0x00C169A3+2582947]
	Ordinal0 [0x00BAA6D1+2139857]
	Ordinal0 [0x00AA3A98+1063576]
	Ordinal0 [0x00AC33B8+1192888]
	Ordinal0 [0x00ABF235+1176117]
	Ordinal0 [0x00ABC9E1+1165793]
	Ordinal0 [0x00AECFFF+1363967]
	Ordinal0 [0x00AECC2A+1362986]
	Ordinal0 [0x00AE8366+1344358]
	Ordinal0 [0x00AC5176+1200502]
	Ordinal0 [0x00AC6066+1204326]
	GetHandleVerifier [0x00DBBE02+1675858]
	GetHandleVerifier [0x00E7036C+2414524]
	GetHandleVerifier [0x00CABB01+560977]
	GetHandleVerifier [0x00CAA8D3+556323]
	Ordinal0 [0x00BB020E+2163214]
	Ordinal0 [0x00BB5078+2183288]
	Ordinal0 [0x00BB51C0+2183616]
	Ordinal0 [0x00BBEE1C+2223644]
	BaseThreadInitThunk [0x75736739+25]
	RtlGetFullPathName_UEx [0x771B8FEF+1215]
	RtlGetFullPathName_UEx [0x771B8FBD+1165]

	at org.openqa.selenium.remote.W3CHandshakeResponse.lambda$errorHandler$0(W3CHandshakeResponse.java:62)
	at org.openqa.selenium.remote.HandshakeResponse.lambda$getResponseFunction$0(HandshakeResponse.java:30)
	at org.openqa.selenium.remote.ProtocolHandshake.lambda$createSession$0(ProtocolHandshake.java:126)
	at java.base/java.util.stream.ReferencePipeline$3$1.accept(ReferencePipeline.java:195)
	at java.base/java.util.Spliterators$ArraySpliterator.tryAdvance(Spliterators.java:958)
	at java.base/java.util.stream.ReferencePipeline.forEachWithCancel(ReferencePipeline.java:127)
	at java.base/java.util.stream.AbstractPipeline.copyIntoWithCancel(AbstractPipeline.java:502)
	at java.base/java.util.stream.AbstractPipeline.copyInto(AbstractPipeline.java:488)
	at java.base/java.util.stream.AbstractPipeline.wrapAndCopyInto(AbstractPipeline.java:474)
	at java.base/java.util.stream.FindOps$FindOp.evaluateSequential(FindOps.java:150)
	at java.base/java.util.stream.AbstractPipeline.evaluate(AbstractPipeline.java:234)
	at java.base/java.util.stream.ReferencePipeline.findFirst(ReferencePipeline.java:543)
	at org.openqa.selenium.remote.ProtocolHandshake.createSession(ProtocolHandshake.java:128)
	at org.openqa.selenium.remote.ProtocolHandshake.createSession(ProtocolHandshake.java:74)
	at org.openqa.selenium.remote.HttpCommandExecutor.execute(HttpCommandExecutor.java:136)
	at org.openqa.selenium.remote.service.DriverCommandExecutor.execute(DriverCommandExecutor.java:83)
	at org.openqa.selenium.remote.RemoteWebDriver.execute(RemoteWebDriver.java:552)
	at org.openqa.selenium.remote.RemoteWebDriver.startSession(RemoteWebDriver.java:213)
	at org.openqa.selenium.remote.RemoteWebDriver.&lt;init&gt;(RemoteWebDriver.java:131)
	at org.openqa.selenium.chrome.ChromeDriver.&lt;init&gt;(ChromeDriver.java:181)
	at org.openqa.selenium.chrome.ChromeDriver.&lt;init&gt;(ChromeDriver.java:168)
	at org.openqa.selenium.chrome.ChromeDriver.&lt;init&gt;(ChromeDriver.java:157)
	at com.Selenium_assignment.tests.BaseTest.initializeWebDriver(BaseTest.java:85)
... Removed 23 stack frames</div></td></tr></table><p class="totop"><a href="#summary">back to summary</a></p>
<h3 id="m62">com.Selenium_assignment.tests.HomePageTest#clickReturn</h3><table class="result"><tr><th>Exception</th></tr><tr><td><div class="stacktrace">org.openqa.selenium.SessionNotCreatedException: session not created: This version of ChromeDriver only supports Chrome version 98
Current browser version is 101.0.4951.67 with binary path C:\Users\tanugupta02\AppData\Local\Google\Chrome\Application\chrome.exe
Build info: version: &apos;3.141.59&apos;, revision: &apos;e82be7d358&apos;, time: &apos;2018-11-14T08:17:03&apos;
System info: host: &apos;IN-PG02P5S6&apos;, ip: &apos;192.168.1.5&apos;, os.name: &apos;Windows 10&apos;, os.arch: &apos;amd64&apos;, os.version: &apos;10.0&apos;, java.version: &apos;11.0.1&apos;
Driver info: driver.version: ChromeDriver
remote stacktrace: Backtrace:
	Ordinal0 [0x00C169A3+2582947]
	Ordinal0 [0x00BAA6D1+2139857]
	Ordinal0 [0x00AA3A98+1063576]
	Ordinal0 [0x00AC33B8+1192888]
	Ordinal0 [0x00ABF235+1176117]
	Ordinal0 [0x00ABC9E1+1165793]
	Ordinal0 [0x00AECFFF+1363967]
	Ordinal0 [0x00AECC2A+1362986]
	Ordinal0 [0x00AE8366+1344358]
	Ordinal0 [0x00AC5176+1200502]
	Ordinal0 [0x00AC6066+1204326]
	GetHandleVerifier [0x00DBBE02+1675858]
	GetHandleVerifier [0x00E7036C+2414524]
	GetHandleVerifier [0x00CABB01+560977]
	GetHandleVerifier [0x00CAA8D3+556323]
	Ordinal0 [0x00BB020E+2163214]
	Ordinal0 [0x00BB5078+2183288]
	Ordinal0 [0x00BB51C0+2183616]
	Ordinal0 [0x00BBEE1C+2223644]
	BaseThreadInitThunk [0x75736739+25]
	RtlGetFullPathName_UEx [0x771B8FEF+1215]
	RtlGetFullPathName_UEx [0x771B8FBD+1165]

	at org.openqa.selenium.remote.W3CHandshakeResponse.lambda$errorHandler$0(W3CHandshakeResponse.java:62)
	at org.openqa.selenium.remote.HandshakeResponse.lambda$getResponseFunction$0(HandshakeResponse.java:30)
	at org.openqa.selenium.remote.ProtocolHandshake.lambda$createSession$0(ProtocolHandshake.java:126)
	at java.base/java.util.stream.ReferencePipeline$3$1.accept(ReferencePipeline.java:195)
	at java.base/java.util.Spliterators$ArraySpliterator.tryAdvance(Spliterators.java:958)
	at java.base/java.util.stream.ReferencePipeline.forEachWithCancel(ReferencePipeline.java:127)
	at java.base/java.util.stream.AbstractPipeline.copyIntoWithCancel(AbstractPipeline.java:502)
	at java.base/java.util.stream.AbstractPipeline.copyInto(AbstractPipeline.java:488)
	at java.base/java.util.stream.AbstractPipeline.wrapAndCopyInto(AbstractPipeline.java:474)
	at java.base/java.util.stream.FindOps$FindOp.evaluateSequential(FindOps.java:150)
	at java.base/java.util.stream.AbstractPipeline.evaluate(AbstractPipeline.java:234)
	at java.base/java.util.stream.ReferencePipeline.findFirst(ReferencePipeline.java:543)
	at org.openqa.selenium.remote.ProtocolHandshake.createSession(ProtocolHandshake.java:128)
	at org.openqa.selenium.remote.ProtocolHandshake.createSession(ProtocolHandshake.java:74)
	at org.openqa.selenium.remote.HttpCommandExecutor.execute(HttpCommandExecutor.java:136)
	at org.openqa.selenium.remote.service.DriverCommandExecutor.execute(DriverCommandExecutor.java:83)
	at org.openqa.selenium.remote.RemoteWebDriver.execute(RemoteWebDriver.java:552)
	at org.openqa.selenium.remote.RemoteWebDriver.startSession(RemoteWebDriver.java:213)
	at org.openqa.selenium.remote.RemoteWebDriver.&lt;init&gt;(RemoteWebDriver.java:131)
	at org.openqa.selenium.chrome.ChromeDriver.&lt;init&gt;(ChromeDriver.java:181)
	at org.openqa.selenium.chrome.ChromeDriver.&lt;init&gt;(ChromeDriver.java:168)
	at org.openqa.selenium.chrome.ChromeDriver.&lt;init&gt;(ChromeDriver.java:157)
	at com.Selenium_assignment.tests.BaseTest.initializeWebDriver(BaseTest.java:85)
... Removed 23 stack frames</div></td></tr></table><p class="totop"><a href="#summary">back to summary</a></p>
<h3 id="m63">com.Selenium_assignment.tests.HomePageTest#testAmazonLogo</h3><table class="result"><tr><th>Exception</th></tr><tr><td><div class="stacktrace">org.openqa.selenium.SessionNotCreatedException: session not created: This version of ChromeDriver only supports Chrome version 98
Current browser version is 101.0.4951.67 with binary path C:\Users\tanugupta02\AppData\Local\Google\Chrome\Application\chrome.exe
Build info: version: &apos;3.141.59&apos;, revision: &apos;e82be7d358&apos;, time: &apos;2018-11-14T08:17:03&apos;
System info: host: &apos;IN-PG02P5S6&apos;, ip: &apos;192.168.1.5&apos;, os.name: &apos;Windows 10&apos;, os.arch: &apos;amd64&apos;, os.version: &apos;10.0&apos;, java.version: &apos;11.0.1&apos;
Driver info: driver.version: ChromeDriver
remote stacktrace: Backtrace:
	Ordinal0 [0x00C169A3+2582947]
	Ordinal0 [0x00BAA6D1+2139857]
	Ordinal0 [0x00AA3A98+1063576]
	Ordinal0 [0x00AC33B8+1192888]
	Ordinal0 [0x00ABF235+1176117]
	Ordinal0 [0x00ABC9E1+1165793]
	Ordinal0 [0x00AECFFF+1363967]
	Ordinal0 [0x00AECC2A+1362986]
	Ordinal0 [0x00AE8366+1344358]
	Ordinal0 [0x00AC5176+1200502]
	Ordinal0 [0x00AC6066+1204326]
	GetHandleVerifier [0x00DBBE02+1675858]
	GetHandleVerifier [0x00E7036C+2414524]
	GetHandleVerifier [0x00CABB01+560977]
	GetHandleVerifier [0x00CAA8D3+556323]
	Ordinal0 [0x00BB020E+2163214]
	Ordinal0 [0x00BB5078+2183288]
	Ordinal0 [0x00BB51C0+2183616]
	Ordinal0 [0x00BBEE1C+2223644]
	BaseThreadInitThunk [0x75736739+25]
	RtlGetFullPathName_UEx [0x771B8FEF+1215]
	RtlGetFullPathName_UEx [0x771B8FBD+1165]

	at org.openqa.selenium.remote.W3CHandshakeResponse.lambda$errorHandler$0(W3CHandshakeResponse.java:62)
	at org.openqa.selenium.remote.HandshakeResponse.lambda$getResponseFunction$0(HandshakeResponse.java:30)
	at org.openqa.selenium.remote.ProtocolHandshake.lambda$createSession$0(ProtocolHandshake.java:126)
	at java.base/java.util.stream.ReferencePipeline$3$1.accept(ReferencePipeline.java:195)
	at java.base/java.util.Spliterators$ArraySpliterator.tryAdvance(Spliterators.java:958)
	at java.base/java.util.stream.ReferencePipeline.forEachWithCancel(ReferencePipeline.java:127)
	at java.base/java.util.stream.AbstractPipeline.copyIntoWithCancel(AbstractPipeline.java:502)
	at java.base/java.util.stream.AbstractPipeline.copyInto(AbstractPipeline.java:488)
	at java.base/java.util.stream.AbstractPipeline.wrapAndCopyInto(AbstractPipeline.java:474)
	at java.base/java.util.stream.FindOps$FindOp.evaluateSequential(FindOps.java:150)
	at java.base/java.util.stream.AbstractPipeline.evaluate(AbstractPipeline.java:234)
	at java.base/java.util.stream.ReferencePipeline.findFirst(ReferencePipeline.java:543)
	at org.openqa.selenium.remote.ProtocolHandshake.createSession(ProtocolHandshake.java:128)
	at org.openqa.selenium.remote.ProtocolHandshake.createSession(ProtocolHandshake.java:74)
	at org.openqa.selenium.remote.HttpCommandExecutor.execute(HttpCommandExecutor.java:136)
	at org.openqa.selenium.remote.service.DriverCommandExecutor.execute(DriverCommandExecutor.java:83)
	at org.openqa.selenium.remote.RemoteWebDriver.execute(RemoteWebDriver.java:552)
	at org.openqa.selenium.remote.RemoteWebDriver.startSession(RemoteWebDriver.java:213)
	at org.openqa.selenium.remote.RemoteWebDriver.&lt;init&gt;(RemoteWebDriver.java:131)
	at org.openqa.selenium.chrome.ChromeDriver.&lt;init&gt;(ChromeDriver.java:181)
	at org.openqa.selenium.chrome.ChromeDriver.&lt;init&gt;(ChromeDriver.java:168)
	at org.openqa.selenium.chrome.ChromeDriver.&lt;init&gt;(ChromeDriver.java:157)
	at com.Selenium_assignment.tests.BaseTest.initializeWebDriver(BaseTest.java:85)
... Removed 23 stack frames</div></td></tr></table><p class="totop"><a href="#summary">back to summary</a></p>
<h3 id="m64">com.Selenium_assignment.tests.LoginPageTest#Logblankuser</h3><table class="result"><tr><th>Exception</th></tr><tr><td><div class="stacktrace">org.openqa.selenium.SessionNotCreatedException: session not created: This version of ChromeDriver only supports Chrome version 98
Current browser version is 101.0.4951.67 with binary path C:\Users\tanugupta02\AppData\Local\Google\Chrome\Application\chrome.exe
Build info: version: &apos;3.141.59&apos;, revision: &apos;e82be7d358&apos;, time: &apos;2018-11-14T08:17:03&apos;
System info: host: &apos;IN-PG02P5S6&apos;, ip: &apos;192.168.1.5&apos;, os.name: &apos;Windows 10&apos;, os.arch: &apos;amd64&apos;, os.version: &apos;10.0&apos;, java.version: &apos;11.0.1&apos;
Driver info: driver.version: ChromeDriver
remote stacktrace: Backtrace:
	Ordinal0 [0x00C169A3+2582947]
	Ordinal0 [0x00BAA6D1+2139857]
	Ordinal0 [0x00AA3A98+1063576]
	Ordinal0 [0x00AC33B8+1192888]
	Ordinal0 [0x00ABF235+1176117]
	Ordinal0 [0x00ABC9E1+1165793]
	Ordinal0 [0x00AECFFF+1363967]
	Ordinal0 [0x00AECC2A+1362986]
	Ordinal0 [0x00AE8366+1344358]
	Ordinal0 [0x00AC5176+1200502]
	Ordinal0 [0x00AC6066+1204326]
	GetHandleVerifier [0x00DBBE02+1675858]
	GetHandleVerifier [0x00E7036C+2414524]
	GetHandleVerifier [0x00CABB01+560977]
	GetHandleVerifier [0x00CAA8D3+556323]
	Ordinal0 [0x00BB020E+2163214]
	Ordinal0 [0x00BB5078+2183288]
	Ordinal0 [0x00BB51C0+2183616]
	Ordinal0 [0x00BBEE1C+2223644]
	BaseThreadInitThunk [0x75736739+25]
	RtlGetFullPathName_UEx [0x771B8FEF+1215]
	RtlGetFullPathName_UEx [0x771B8FBD+1165]

	at org.openqa.selenium.remote.W3CHandshakeResponse.lambda$errorHandler$0(W3CHandshakeResponse.java:62)
	at org.openqa.selenium.remote.HandshakeResponse.lambda$getResponseFunction$0(HandshakeResponse.java:30)
	at org.openqa.selenium.remote.ProtocolHandshake.lambda$createSession$0(ProtocolHandshake.java:126)
	at java.base/java.util.stream.ReferencePipeline$3$1.accept(ReferencePipeline.java:195)
	at java.base/java.util.Spliterators$ArraySpliterator.tryAdvance(Spliterators.java:958)
	at java.base/java.util.stream.ReferencePipeline.forEachWithCancel(ReferencePipeline.java:127)
	at java.base/java.util.stream.AbstractPipeline.copyIntoWithCancel(AbstractPipeline.java:502)
	at java.base/java.util.stream.AbstractPipeline.copyInto(AbstractPipeline.java:488)
	at java.base/java.util.stream.AbstractPipeline.wrapAndCopyInto(AbstractPipeline.java:474)
	at java.base/java.util.stream.FindOps$FindOp.evaluateSequential(FindOps.java:150)
	at java.base/java.util.stream.AbstractPipeline.evaluate(AbstractPipeline.java:234)
	at java.base/java.util.stream.ReferencePipeline.findFirst(ReferencePipeline.java:543)
	at org.openqa.selenium.remote.ProtocolHandshake.createSession(ProtocolHandshake.java:128)
	at org.openqa.selenium.remote.ProtocolHandshake.createSession(ProtocolHandshake.java:74)
	at org.openqa.selenium.remote.HttpCommandExecutor.execute(HttpCommandExecutor.java:136)
	at org.openqa.selenium.remote.service.DriverCommandExecutor.execute(DriverCommandExecutor.java:83)
	at org.openqa.selenium.remote.RemoteWebDriver.execute(RemoteWebDriver.java:552)
	at org.openqa.selenium.remote.RemoteWebDriver.startSession(RemoteWebDriver.java:213)
	at org.openqa.selenium.remote.RemoteWebDriver.&lt;init&gt;(RemoteWebDriver.java:131)
	at org.openqa.selenium.chrome.ChromeDriver.&lt;init&gt;(ChromeDriver.java:181)
	at org.openqa.selenium.chrome.ChromeDriver.&lt;init&gt;(ChromeDriver.java:168)
	at org.openqa.selenium.chrome.ChromeDriver.&lt;init&gt;(ChromeDriver.java:157)
	at com.Selenium_assignment.tests.BaseTest.initializeWebDriver(BaseTest.java:85)
... Removed 23 stack frames</div></td></tr></table><p class="totop"><a href="#summary">back to summary</a></p>
<h3 id="m65">com.Selenium_assignment.tests.LoginPageTest#LoginValidmailid</h3><table class="result"><tr><th>Exception</th></tr><tr><td><div class="stacktrace">org.openqa.selenium.SessionNotCreatedException: session not created: This version of ChromeDriver only supports Chrome version 98
Current browser version is 101.0.4951.67 with binary path C:\Users\tanugupta02\AppData\Local\Google\Chrome\Application\chrome.exe
Build info: version: &apos;3.141.59&apos;, revision: &apos;e82be7d358&apos;, time: &apos;2018-11-14T08:17:03&apos;
System info: host: &apos;IN-PG02P5S6&apos;, ip: &apos;192.168.1.5&apos;, os.name: &apos;Windows 10&apos;, os.arch: &apos;amd64&apos;, os.version: &apos;10.0&apos;, java.version: &apos;11.0.1&apos;
Driver info: driver.version: ChromeDriver
remote stacktrace: Backtrace:
	Ordinal0 [0x00C169A3+2582947]
	Ordinal0 [0x00BAA6D1+2139857]
	Ordinal0 [0x00AA3A98+1063576]
	Ordinal0 [0x00AC33B8+1192888]
	Ordinal0 [0x00ABF235+1176117]
	Ordinal0 [0x00ABC9E1+1165793]
	Ordinal0 [0x00AECFFF+1363967]
	Ordinal0 [0x00AECC2A+1362986]
	Ordinal0 [0x00AE8366+1344358]
	Ordinal0 [0x00AC5176+1200502]
	Ordinal0 [0x00AC6066+1204326]
	GetHandleVerifier [0x00DBBE02+1675858]
	GetHandleVerifier [0x00E7036C+2414524]
	GetHandleVerifier [0x00CABB01+560977]
	GetHandleVerifier [0x00CAA8D3+556323]
	Ordinal0 [0x00BB020E+2163214]
	Ordinal0 [0x00BB5078+2183288]
	Ordinal0 [0x00BB51C0+2183616]
	Ordinal0 [0x00BBEE1C+2223644]
	BaseThreadInitThunk [0x75736739+25]
	RtlGetFullPathName_UEx [0x771B8FEF+1215]
	RtlGetFullPathName_UEx [0x771B8FBD+1165]

	at org.openqa.selenium.remote.W3CHandshakeResponse.lambda$errorHandler$0(W3CHandshakeResponse.java:62)
	at org.openqa.selenium.remote.HandshakeResponse.lambda$getResponseFunction$0(HandshakeResponse.java:30)
	at org.openqa.selenium.remote.ProtocolHandshake.lambda$createSession$0(ProtocolHandshake.java:126)
	at java.base/java.util.stream.ReferencePipeline$3$1.accept(ReferencePipeline.java:195)
	at java.base/java.util.Spliterators$ArraySpliterator.tryAdvance(Spliterators.java:958)
	at java.base/java.util.stream.ReferencePipeline.forEachWithCancel(ReferencePipeline.java:127)
	at java.base/java.util.stream.AbstractPipeline.copyIntoWithCancel(AbstractPipeline.java:502)
	at java.base/java.util.stream.AbstractPipeline.copyInto(AbstractPipeline.java:488)
	at java.base/java.util.stream.AbstractPipeline.wrapAndCopyInto(AbstractPipeline.java:474)
	at java.base/java.util.stream.FindOps$FindOp.evaluateSequential(FindOps.java:150)
	at java.base/java.util.stream.AbstractPipeline.evaluate(AbstractPipeline.java:234)
	at java.base/java.util.stream.ReferencePipeline.findFirst(ReferencePipeline.java:543)
	at org.openqa.selenium.remote.ProtocolHandshake.createSession(ProtocolHandshake.java:128)
	at org.openqa.selenium.remote.ProtocolHandshake.createSession(ProtocolHandshake.java:74)
	at org.openqa.selenium.remote.HttpCommandExecutor.execute(HttpCommandExecutor.java:136)
	at org.openqa.selenium.remote.service.DriverCommandExecutor.execute(DriverCommandExecutor.java:83)
	at org.openqa.selenium.remote.RemoteWebDriver.execute(RemoteWebDriver.java:552)
	at org.openqa.selenium.remote.RemoteWebDriver.startSession(RemoteWebDriver.java:213)
	at org.openqa.selenium.remote.RemoteWebDriver.&lt;init&gt;(RemoteWebDriver.java:131)
	at org.openqa.selenium.chrome.ChromeDriver.&lt;init&gt;(ChromeDriver.java:181)
	at org.openqa.selenium.chrome.ChromeDriver.&lt;init&gt;(ChromeDriver.java:168)
	at org.openqa.selenium.chrome.ChromeDriver.&lt;init&gt;(ChromeDriver.java:157)
	at com.Selenium_assignment.tests.BaseTest.initializeWebDriver(BaseTest.java:85)
... Removed 23 stack frames</div></td></tr></table><p class="totop"><a href="#summary">back to summary</a></p>
<h3 id="m66">com.Selenium_assignment.tests.LoginPageTest#Loginblankpass</h3><table class="result"><tr><th>Exception</th></tr><tr><td><div class="stacktrace">org.openqa.selenium.SessionNotCreatedException: session not created: This version of ChromeDriver only supports Chrome version 98
Current browser version is 101.0.4951.67 with binary path C:\Users\tanugupta02\AppData\Local\Google\Chrome\Application\chrome.exe
Build info: version: &apos;3.141.59&apos;, revision: &apos;e82be7d358&apos;, time: &apos;2018-11-14T08:17:03&apos;
System info: host: &apos;IN-PG02P5S6&apos;, ip: &apos;192.168.1.5&apos;, os.name: &apos;Windows 10&apos;, os.arch: &apos;amd64&apos;, os.version: &apos;10.0&apos;, java.version: &apos;11.0.1&apos;
Driver info: driver.version: ChromeDriver
remote stacktrace: Backtrace:
	Ordinal0 [0x00C169A3+2582947]
	Ordinal0 [0x00BAA6D1+2139857]
	Ordinal0 [0x00AA3A98+1063576]
	Ordinal0 [0x00AC33B8+1192888]
	Ordinal0 [0x00ABF235+1176117]
	Ordinal0 [0x00ABC9E1+1165793]
	Ordinal0 [0x00AECFFF+1363967]
	Ordinal0 [0x00AECC2A+1362986]
	Ordinal0 [0x00AE8366+1344358]
	Ordinal0 [0x00AC5176+1200502]
	Ordinal0 [0x00AC6066+1204326]
	GetHandleVerifier [0x00DBBE02+1675858]
	GetHandleVerifier [0x00E7036C+2414524]
	GetHandleVerifier [0x00CABB01+560977]
	GetHandleVerifier [0x00CAA8D3+556323]
	Ordinal0 [0x00BB020E+2163214]
	Ordinal0 [0x00BB5078+2183288]
	Ordinal0 [0x00BB51C0+2183616]
	Ordinal0 [0x00BBEE1C+2223644]
	BaseThreadInitThunk [0x75736739+25]
	RtlGetFullPathName_UEx [0x771B8FEF+1215]
	RtlGetFullPathName_UEx [0x771B8FBD+1165]

	at org.openqa.selenium.remote.W3CHandshakeResponse.lambda$errorHandler$0(W3CHandshakeResponse.java:62)
	at org.openqa.selenium.remote.HandshakeResponse.lambda$getResponseFunction$0(HandshakeResponse.java:30)
	at org.openqa.selenium.remote.ProtocolHandshake.lambda$createSession$0(ProtocolHandshake.java:126)
	at java.base/java.util.stream.ReferencePipeline$3$1.accept(ReferencePipeline.java:195)
	at java.base/java.util.Spliterators$ArraySpliterator.tryAdvance(Spliterators.java:958)
	at java.base/java.util.stream.ReferencePipeline.forEachWithCancel(ReferencePipeline.java:127)
	at java.base/java.util.stream.AbstractPipeline.copyIntoWithCancel(AbstractPipeline.java:502)
	at java.base/java.util.stream.AbstractPipeline.copyInto(AbstractPipeline.java:488)
	at java.base/java.util.stream.AbstractPipeline.wrapAndCopyInto(AbstractPipeline.java:474)
	at java.base/java.util.stream.FindOps$FindOp.evaluateSequential(FindOps.java:150)
	at java.base/java.util.stream.AbstractPipeline.evaluate(AbstractPipeline.java:234)
	at java.base/java.util.stream.ReferencePipeline.findFirst(ReferencePipeline.java:543)
	at org.openqa.selenium.remote.ProtocolHandshake.createSession(ProtocolHandshake.java:128)
	at org.openqa.selenium.remote.ProtocolHandshake.createSession(ProtocolHandshake.java:74)
	at org.openqa.selenium.remote.HttpCommandExecutor.execute(HttpCommandExecutor.java:136)
	at org.openqa.selenium.remote.service.DriverCommandExecutor.execute(DriverCommandExecutor.java:83)
	at org.openqa.selenium.remote.RemoteWebDriver.execute(RemoteWebDriver.java:552)
	at org.openqa.selenium.remote.RemoteWebDriver.startSession(RemoteWebDriver.java:213)
	at org.openqa.selenium.remote.RemoteWebDriver.&lt;init&gt;(RemoteWebDriver.java:131)
	at org.openqa.selenium.chrome.ChromeDriver.&lt;init&gt;(ChromeDriver.java:181)
	at org.openqa.selenium.chrome.ChromeDriver.&lt;init&gt;(ChromeDriver.java:168)
	at org.openqa.selenium.chrome.ChromeDriver.&lt;init&gt;(ChromeDriver.java:157)
	at com.Selenium_assignment.tests.BaseTest.initializeWebDriver(BaseTest.java:85)
... Removed 23 stack frames</div></td></tr></table><p class="totop"><a href="#summary">back to summary</a></p>
<h3 id="m67">com.Selenium_assignment.tests.LoginPageTest#LogininValidPassword</h3><table class="result"><tr><th>Exception</th></tr><tr><td><div class="stacktrace">org.openqa.selenium.SessionNotCreatedException: session not created: This version of ChromeDriver only supports Chrome version 98
Current browser version is 101.0.4951.67 with binary path C:\Users\tanugupta02\AppData\Local\Google\Chrome\Application\chrome.exe
Build info: version: &apos;3.141.59&apos;, revision: &apos;e82be7d358&apos;, time: &apos;2018-11-14T08:17:03&apos;
System info: host: &apos;IN-PG02P5S6&apos;, ip: &apos;192.168.1.5&apos;, os.name: &apos;Windows 10&apos;, os.arch: &apos;amd64&apos;, os.version: &apos;10.0&apos;, java.version: &apos;11.0.1&apos;
Driver info: driver.version: ChromeDriver
remote stacktrace: Backtrace:
	Ordinal0 [0x00C169A3+2582947]
	Ordinal0 [0x00BAA6D1+2139857]
	Ordinal0 [0x00AA3A98+1063576]
	Ordinal0 [0x00AC33B8+1192888]
	Ordinal0 [0x00ABF235+1176117]
	Ordinal0 [0x00ABC9E1+1165793]
	Ordinal0 [0x00AECFFF+1363967]
	Ordinal0 [0x00AECC2A+1362986]
	Ordinal0 [0x00AE8366+1344358]
	Ordinal0 [0x00AC5176+1200502]
	Ordinal0 [0x00AC6066+1204326]
	GetHandleVerifier [0x00DBBE02+1675858]
	GetHandleVerifier [0x00E7036C+2414524]
	GetHandleVerifier [0x00CABB01+560977]
	GetHandleVerifier [0x00CAA8D3+556323]
	Ordinal0 [0x00BB020E+2163214]
	Ordinal0 [0x00BB5078+2183288]
	Ordinal0 [0x00BB51C0+2183616]
	Ordinal0 [0x00BBEE1C+2223644]
	BaseThreadInitThunk [0x75736739+25]
	RtlGetFullPathName_UEx [0x771B8FEF+1215]
	RtlGetFullPathName_UEx [0x771B8FBD+1165]

	at org.openqa.selenium.remote.W3CHandshakeResponse.lambda$errorHandler$0(W3CHandshakeResponse.java:62)
	at org.openqa.selenium.remote.HandshakeResponse.lambda$getResponseFunction$0(HandshakeResponse.java:30)
	at org.openqa.selenium.remote.ProtocolHandshake.lambda$createSession$0(ProtocolHandshake.java:126)
	at java.base/java.util.stream.ReferencePipeline$3$1.accept(ReferencePipeline.java:195)
	at java.base/java.util.Spliterators$ArraySpliterator.tryAdvance(Spliterators.java:958)
	at java.base/java.util.stream.ReferencePipeline.forEachWithCancel(ReferencePipeline.java:127)
	at java.base/java.util.stream.AbstractPipeline.copyIntoWithCancel(AbstractPipeline.java:502)
	at java.base/java.util.stream.AbstractPipeline.copyInto(AbstractPipeline.java:488)
	at java.base/java.util.stream.AbstractPipeline.wrapAndCopyInto(AbstractPipeline.java:474)
	at java.base/java.util.stream.FindOps$FindOp.evaluateSequential(FindOps.java:150)
	at java.base/java.util.stream.AbstractPipeline.evaluate(AbstractPipeline.java:234)
	at java.base/java.util.stream.ReferencePipeline.findFirst(ReferencePipeline.java:543)
	at org.openqa.selenium.remote.ProtocolHandshake.createSession(ProtocolHandshake.java:128)
	at org.openqa.selenium.remote.ProtocolHandshake.createSession(ProtocolHandshake.java:74)
	at org.openqa.selenium.remote.HttpCommandExecutor.execute(HttpCommandExecutor.java:136)
	at org.openqa.selenium.remote.service.DriverCommandExecutor.execute(DriverCommandExecutor.java:83)
	at org.openqa.selenium.remote.RemoteWebDriver.execute(RemoteWebDriver.java:552)
	at org.openqa.selenium.remote.RemoteWebDriver.startSession(RemoteWebDriver.java:213)
	at org.openqa.selenium.remote.RemoteWebDriver.&lt;init&gt;(RemoteWebDriver.java:131)
	at org.openqa.selenium.chrome.ChromeDriver.&lt;init&gt;(ChromeDriver.java:181)
	at org.openqa.selenium.chrome.ChromeDriver.&lt;init&gt;(ChromeDriver.java:168)
	at org.openqa.selenium.chrome.ChromeDriver.&lt;init&gt;(ChromeDriver.java:157)
	at com.Selenium_assignment.tests.BaseTest.initializeWebDriver(BaseTest.java:85)
... Removed 23 stack frames</div></td></tr></table><p class="totop"><a href="#summary">back to summary</a></p>
<h3 id="m68">com.Selenium_assignment.tests.LoginPageTest#Loginvalidmailid</h3><table class="result"><tr><th>Exception</th></tr><tr><td><div class="stacktrace">org.openqa.selenium.SessionNotCreatedException: session not created: This version of ChromeDriver only supports Chrome version 98
Current browser version is 101.0.4951.67 with binary path C:\Users\tanugupta02\AppData\Local\Google\Chrome\Application\chrome.exe
Build info: version: &apos;3.141.59&apos;, revision: &apos;e82be7d358&apos;, time: &apos;2018-11-14T08:17:03&apos;
System info: host: &apos;IN-PG02P5S6&apos;, ip: &apos;192.168.1.5&apos;, os.name: &apos;Windows 10&apos;, os.arch: &apos;amd64&apos;, os.version: &apos;10.0&apos;, java.version: &apos;11.0.1&apos;
Driver info: driver.version: ChromeDriver
remote stacktrace: Backtrace:
	Ordinal0 [0x00C169A3+2582947]
	Ordinal0 [0x00BAA6D1+2139857]
	Ordinal0 [0x00AA3A98+1063576]
	Ordinal0 [0x00AC33B8+1192888]
	Ordinal0 [0x00ABF235+1176117]
	Ordinal0 [0x00ABC9E1+1165793]
	Ordinal0 [0x00AECFFF+1363967]
	Ordinal0 [0x00AECC2A+1362986]
	Ordinal0 [0x00AE8366+1344358]
	Ordinal0 [0x00AC5176+1200502]
	Ordinal0 [0x00AC6066+1204326]
	GetHandleVerifier [0x00DBBE02+1675858]
	GetHandleVerifier [0x00E7036C+2414524]
	GetHandleVerifier [0x00CABB01+560977]
	GetHandleVerifier [0x00CAA8D3+556323]
	Ordinal0 [0x00BB020E+2163214]
	Ordinal0 [0x00BB5078+2183288]
	Ordinal0 [0x00BB51C0+2183616]
	Ordinal0 [0x00BBEE1C+2223644]
	BaseThreadInitThunk [0x75736739+25]
	RtlGetFullPathName_UEx [0x771B8FEF+1215]
	RtlGetFullPathName_UEx [0x771B8FBD+1165]

	at org.openqa.selenium.remote.W3CHandshakeResponse.lambda$errorHandler$0(W3CHandshakeResponse.java:62)
	at org.openqa.selenium.remote.HandshakeResponse.lambda$getResponseFunction$0(HandshakeResponse.java:30)
	at org.openqa.selenium.remote.ProtocolHandshake.lambda$createSession$0(ProtocolHandshake.java:126)
	at java.base/java.util.stream.ReferencePipeline$3$1.accept(ReferencePipeline.java:195)
	at java.base/java.util.Spliterators$ArraySpliterator.tryAdvance(Spliterators.java:958)
	at java.base/java.util.stream.ReferencePipeline.forEachWithCancel(ReferencePipeline.java:127)
	at java.base/java.util.stream.AbstractPipeline.copyIntoWithCancel(AbstractPipeline.java:502)
	at java.base/java.util.stream.AbstractPipeline.copyInto(AbstractPipeline.java:488)
	at java.base/java.util.stream.AbstractPipeline.wrapAndCopyInto(AbstractPipeline.java:474)
	at java.base/java.util.stream.FindOps$FindOp.evaluateSequential(FindOps.java:150)
	at java.base/java.util.stream.AbstractPipeline.evaluate(AbstractPipeline.java:234)
	at java.base/java.util.stream.ReferencePipeline.findFirst(ReferencePipeline.java:543)
	at org.openqa.selenium.remote.ProtocolHandshake.createSession(ProtocolHandshake.java:128)
	at org.openqa.selenium.remote.ProtocolHandshake.createSession(ProtocolHandshake.java:74)
	at org.openqa.selenium.remote.HttpCommandExecutor.execute(HttpCommandExecutor.java:136)
	at org.openqa.selenium.remote.service.DriverCommandExecutor.execute(DriverCommandExecutor.java:83)
	at org.openqa.selenium.remote.RemoteWebDriver.execute(RemoteWebDriver.java:552)
	at org.openqa.selenium.remote.RemoteWebDriver.startSession(RemoteWebDriver.java:213)
	at org.openqa.selenium.remote.RemoteWebDriver.&lt;init&gt;(RemoteWebDriver.java:131)
	at org.openqa.selenium.chrome.ChromeDriver.&lt;init&gt;(ChromeDriver.java:181)
	at org.openqa.selenium.chrome.ChromeDriver.&lt;init&gt;(ChromeDriver.java:168)
	at org.openqa.selenium.chrome.ChromeDriver.&lt;init&gt;(ChromeDriver.java:157)
	at com.Selenium_assignment.tests.BaseTest.initializeWebDriver(BaseTest.java:85)
... Removed 23 stack frames</div></td></tr></table><p class="totop"><a href="#summary">back to summary</a></p>
<h3 id="m69">com.Selenium_assignment.tests.RegisterPageTest#CreateNewuser</h3><table class="result"><tr><th>Exception</th></tr><tr><td><div class="stacktrace">org.openqa.selenium.SessionNotCreatedException: session not created: This version of ChromeDriver only supports Chrome version 98
Current browser version is 101.0.4951.67 with binary path C:\Users\tanugupta02\AppData\Local\Google\Chrome\Application\chrome.exe
Build info: version: &apos;3.141.59&apos;, revision: &apos;e82be7d358&apos;, time: &apos;2018-11-14T08:17:03&apos;
System info: host: &apos;IN-PG02P5S6&apos;, ip: &apos;192.168.1.5&apos;, os.name: &apos;Windows 10&apos;, os.arch: &apos;amd64&apos;, os.version: &apos;10.0&apos;, java.version: &apos;11.0.1&apos;
Driver info: driver.version: ChromeDriver
remote stacktrace: Backtrace:
	Ordinal0 [0x00C169A3+2582947]
	Ordinal0 [0x00BAA6D1+2139857]
	Ordinal0 [0x00AA3A98+1063576]
	Ordinal0 [0x00AC33B8+1192888]
	Ordinal0 [0x00ABF235+1176117]
	Ordinal0 [0x00ABC9E1+1165793]
	Ordinal0 [0x00AECFFF+1363967]
	Ordinal0 [0x00AECC2A+1362986]
	Ordinal0 [0x00AE8366+1344358]
	Ordinal0 [0x00AC5176+1200502]
	Ordinal0 [0x00AC6066+1204326]
	GetHandleVerifier [0x00DBBE02+1675858]
	GetHandleVerifier [0x00E7036C+2414524]
	GetHandleVerifier [0x00CABB01+560977]
	GetHandleVerifier [0x00CAA8D3+556323]
	Ordinal0 [0x00BB020E+2163214]
	Ordinal0 [0x00BB5078+2183288]
	Ordinal0 [0x00BB51C0+2183616]
	Ordinal0 [0x00BBEE1C+2223644]
	BaseThreadInitThunk [0x75736739+25]
	RtlGetFullPathName_UEx [0x771B8FEF+1215]
	RtlGetFullPathName_UEx [0x771B8FBD+1165]

	at org.openqa.selenium.remote.W3CHandshakeResponse.lambda$errorHandler$0(W3CHandshakeResponse.java:62)
	at org.openqa.selenium.remote.HandshakeResponse.lambda$getResponseFunction$0(HandshakeResponse.java:30)
	at org.openqa.selenium.remote.ProtocolHandshake.lambda$createSession$0(ProtocolHandshake.java:126)
	at java.base/java.util.stream.ReferencePipeline$3$1.accept(ReferencePipeline.java:195)
	at java.base/java.util.Spliterators$ArraySpliterator.tryAdvance(Spliterators.java:958)
	at java.base/java.util.stream.ReferencePipeline.forEachWithCancel(ReferencePipeline.java:127)
	at java.base/java.util.stream.AbstractPipeline.copyIntoWithCancel(AbstractPipeline.java:502)
	at java.base/java.util.stream.AbstractPipeline.copyInto(AbstractPipeline.java:488)
	at java.base/java.util.stream.AbstractPipeline.wrapAndCopyInto(AbstractPipeline.java:474)
	at java.base/java.util.stream.FindOps$FindOp.evaluateSequential(FindOps.java:150)
	at java.base/java.util.stream.AbstractPipeline.evaluate(AbstractPipeline.java:234)
	at java.base/java.util.stream.ReferencePipeline.findFirst(ReferencePipeline.java:543)
	at org.openqa.selenium.remote.ProtocolHandshake.createSession(ProtocolHandshake.java:128)
	at org.openqa.selenium.remote.ProtocolHandshake.createSession(ProtocolHandshake.java:74)
	at org.openqa.selenium.remote.HttpCommandExecutor.execute(HttpCommandExecutor.java:136)
	at org.openqa.selenium.remote.service.DriverCommandExecutor.execute(DriverCommandExecutor.java:83)
	at org.openqa.selenium.remote.RemoteWebDriver.execute(RemoteWebDriver.java:552)
	at org.openqa.selenium.remote.RemoteWebDriver.startSession(RemoteWebDriver.java:213)
	at org.openqa.selenium.remote.RemoteWebDriver.&lt;init&gt;(RemoteWebDriver.java:131)
	at org.openqa.selenium.chrome.ChromeDriver.&lt;init&gt;(ChromeDriver.java:181)
	at org.openqa.selenium.chrome.ChromeDriver.&lt;init&gt;(ChromeDriver.java:168)
	at org.openqa.selenium.chrome.ChromeDriver.&lt;init&gt;(ChromeDriver.java:157)
	at com.Selenium_assignment.tests.BaseTest.initializeWebDriver(BaseTest.java:85)
... Removed 23 stack frames</div></td></tr></table><p class="totop"><a href="#summary">back to summary</a></p>
<h3 id="m70">com.Selenium_assignment.tests.productsearchTest#SearchProductfootball</h3><table class="result"><tr><th>Exception</th></tr><tr><td><div class="stacktrace">org.openqa.selenium.SessionNotCreatedException: session not created: This version of ChromeDriver only supports Chrome version 98
Current browser version is 101.0.4951.67 with binary path C:\Users\tanugupta02\AppData\Local\Google\Chrome\Application\chrome.exe
Build info: version: &apos;3.141.59&apos;, revision: &apos;e82be7d358&apos;, time: &apos;2018-11-14T08:17:03&apos;
System info: host: &apos;IN-PG02P5S6&apos;, ip: &apos;192.168.1.5&apos;, os.name: &apos;Windows 10&apos;, os.arch: &apos;amd64&apos;, os.version: &apos;10.0&apos;, java.version: &apos;11.0.1&apos;
Driver info: driver.version: ChromeDriver
remote stacktrace: Backtrace:
	Ordinal0 [0x00C169A3+2582947]
	Ordinal0 [0x00BAA6D1+2139857]
	Ordinal0 [0x00AA3A98+1063576]
	Ordinal0 [0x00AC33B8+1192888]
	Ordinal0 [0x00ABF235+1176117]
	Ordinal0 [0x00ABC9E1+1165793]
	Ordinal0 [0x00AECFFF+1363967]
	Ordinal0 [0x00AECC2A+1362986]
	Ordinal0 [0x00AE8366+1344358]
	Ordinal0 [0x00AC5176+1200502]
	Ordinal0 [0x00AC6066+1204326]
	GetHandleVerifier [0x00DBBE02+1675858]
	GetHandleVerifier [0x00E7036C+2414524]
	GetHandleVerifier [0x00CABB01+560977]
	GetHandleVerifier [0x00CAA8D3+556323]
	Ordinal0 [0x00BB020E+2163214]
	Ordinal0 [0x00BB5078+2183288]
	Ordinal0 [0x00BB51C0+2183616]
	Ordinal0 [0x00BBEE1C+2223644]
	BaseThreadInitThunk [0x75736739+25]
	RtlGetFullPathName_UEx [0x771B8FEF+1215]
	RtlGetFullPathName_UEx [0x771B8FBD+1165]

	at org.openqa.selenium.remote.W3CHandshakeResponse.lambda$errorHandler$0(W3CHandshakeResponse.java:62)
	at org.openqa.selenium.remote.HandshakeResponse.lambda$getResponseFunction$0(HandshakeResponse.java:30)
	at org.openqa.selenium.remote.ProtocolHandshake.lambda$createSession$0(ProtocolHandshake.java:126)
	at java.base/java.util.stream.ReferencePipeline$3$1.accept(ReferencePipeline.java:195)
	at java.base/java.util.Spliterators$ArraySpliterator.tryAdvance(Spliterators.java:958)
	at java.base/java.util.stream.ReferencePipeline.forEachWithCancel(ReferencePipeline.java:127)
	at java.base/java.util.stream.AbstractPipeline.copyIntoWithCancel(AbstractPipeline.java:502)
	at java.base/java.util.stream.AbstractPipeline.copyInto(AbstractPipeline.java:488)
	at java.base/java.util.stream.AbstractPipeline.wrapAndCopyInto(AbstractPipeline.java:474)
	at java.base/java.util.stream.FindOps$FindOp.evaluateSequential(FindOps.java:150)
	at java.base/java.util.stream.AbstractPipeline.evaluate(AbstractPipeline.java:234)
	at java.base/java.util.stream.ReferencePipeline.findFirst(ReferencePipeline.java:543)
	at org.openqa.selenium.remote.ProtocolHandshake.createSession(ProtocolHandshake.java:128)
	at org.openqa.selenium.remote.ProtocolHandshake.createSession(ProtocolHandshake.java:74)
	at org.openqa.selenium.remote.HttpCommandExecutor.execute(HttpCommandExecutor.java:136)
	at org.openqa.selenium.remote.service.DriverCommandExecutor.execute(DriverCommandExecutor.java:83)
	at org.openqa.selenium.remote.RemoteWebDriver.execute(RemoteWebDriver.java:552)
	at org.openqa.selenium.remote.RemoteWebDriver.startSession(RemoteWebDriver.java:213)
	at org.openqa.selenium.remote.RemoteWebDriver.&lt;init&gt;(RemoteWebDriver.java:131)
	at org.openqa.selenium.chrome.ChromeDriver.&lt;init&gt;(ChromeDriver.java:181)
	at org.openqa.selenium.chrome.ChromeDriver.&lt;init&gt;(ChromeDriver.java:168)
	at org.openqa.selenium.chrome.ChromeDriver.&lt;init&gt;(ChromeDriver.java:157)
	at com.Selenium_assignment.tests.BaseTest.initializeWebDriver(BaseTest.java:85)
... Removed 23 stack frames</div></td></tr></table><p class="totop"><a href="#summary">back to summary</a></p>
<h3 id="m71">com.Selenium_assignment.tests.productsearchTest#SearchProductiphone</h3><table class="result"><tr><th>Exception</th></tr><tr><td><div class="stacktrace">org.openqa.selenium.SessionNotCreatedException: session not created: This version of ChromeDriver only supports Chrome version 98
Current browser version is 101.0.4951.67 with binary path C:\Users\tanugupta02\AppData\Local\Google\Chrome\Application\chrome.exe
Build info: version: &apos;3.141.59&apos;, revision: &apos;e82be7d358&apos;, time: &apos;2018-11-14T08:17:03&apos;
System info: host: &apos;IN-PG02P5S6&apos;, ip: &apos;192.168.1.5&apos;, os.name: &apos;Windows 10&apos;, os.arch: &apos;amd64&apos;, os.version: &apos;10.0&apos;, java.version: &apos;11.0.1&apos;
Driver info: driver.version: ChromeDriver
remote stacktrace: Backtrace:
	Ordinal0 [0x00C169A3+2582947]
	Ordinal0 [0x00BAA6D1+2139857]
	Ordinal0 [0x00AA3A98+1063576]
	Ordinal0 [0x00AC33B8+1192888]
	Ordinal0 [0x00ABF235+1176117]
	Ordinal0 [0x00ABC9E1+1165793]
	Ordinal0 [0x00AECFFF+1363967]
	Ordinal0 [0x00AECC2A+1362986]
	Ordinal0 [0x00AE8366+1344358]
	Ordinal0 [0x00AC5176+1200502]
	Ordinal0 [0x00AC6066+1204326]
	GetHandleVerifier [0x00DBBE02+1675858]
	GetHandleVerifier [0x00E7036C+2414524]
	GetHandleVerifier [0x00CABB01+560977]
	GetHandleVerifier [0x00CAA8D3+556323]
	Ordinal0 [0x00BB020E+2163214]
	Ordinal0 [0x00BB5078+2183288]
	Ordinal0 [0x00BB51C0+2183616]
	Ordinal0 [0x00BBEE1C+2223644]
	BaseThreadInitThunk [0x75736739+25]
	RtlGetFullPathName_UEx [0x771B8FEF+1215]
	RtlGetFullPathName_UEx [0x771B8FBD+1165]

	at org.openqa.selenium.remote.W3CHandshakeResponse.lambda$errorHandler$0(W3CHandshakeResponse.java:62)
	at org.openqa.selenium.remote.HandshakeResponse.lambda$getResponseFunction$0(HandshakeResponse.java:30)
	at org.openqa.selenium.remote.ProtocolHandshake.lambda$createSession$0(ProtocolHandshake.java:126)
	at java.base/java.util.stream.ReferencePipeline$3$1.accept(ReferencePipeline.java:195)
	at java.base/java.util.Spliterators$ArraySpliterator.tryAdvance(Spliterators.java:958)
	at java.base/java.util.stream.ReferencePipeline.forEachWithCancel(ReferencePipeline.java:127)
	at java.base/java.util.stream.AbstractPipeline.copyIntoWithCancel(AbstractPipeline.java:502)
	at java.base/java.util.stream.AbstractPipeline.copyInto(AbstractPipeline.java:488)
	at java.base/java.util.stream.AbstractPipeline.wrapAndCopyInto(AbstractPipeline.java:474)
	at java.base/java.util.stream.FindOps$FindOp.evaluateSequential(FindOps.java:150)
	at java.base/java.util.stream.AbstractPipeline.evaluate(AbstractPipeline.java:234)
	at java.base/java.util.stream.ReferencePipeline.findFirst(ReferencePipeline.java:543)
	at org.openqa.selenium.remote.ProtocolHandshake.createSession(ProtocolHandshake.java:128)
	at org.openqa.selenium.remote.ProtocolHandshake.createSession(ProtocolHandshake.java:74)
	at org.openqa.selenium.remote.HttpCommandExecutor.execute(HttpCommandExecutor.java:136)
	at org.openqa.selenium.remote.service.DriverCommandExecutor.execute(DriverCommandExecutor.java:83)
	at org.openqa.selenium.remote.RemoteWebDriver.execute(RemoteWebDriver.java:552)
	at org.openqa.selenium.remote.RemoteWebDriver.startSession(RemoteWebDriver.java:213)
	at org.openqa.selenium.remote.RemoteWebDriver.&lt;init&gt;(RemoteWebDriver.java:131)
	at org.openqa.selenium.chrome.ChromeDriver.&lt;init&gt;(ChromeDriver.java:181)
	at org.openqa.selenium.chrome.ChromeDriver.&lt;init&gt;(ChromeDriver.java:168)
	at org.openqa.selenium.chrome.ChromeDriver.&lt;init&gt;(ChromeDriver.java:157)
	at com.Selenium_assignment.tests.BaseTest.initializeWebDriver(BaseTest.java:85)
... Removed 23 stack frames</div></td></tr></table><p class="totop"><a href="#summary">back to summary</a></p>
</body>
</html>
