<?xml version="1.0" encoding="UTF-8"?>
<testng-results ignored="20" total="37" passed="0" failed="0" skipped="17">
  <reporter-output>
  </reporter-output>
  <suite started-at="2022-05-27T22:19:37 IST" name="Suite" finished-at="2022-05-27T22:19:37 IST" duration-ms="142">
    <groups>
    </groups>
    <test started-at="2022-05-27T22:19:37 IST" name="Test" finished-at="2022-05-27T22:19:37 IST" duration-ms="142">
      <class name="com.Selenium_assignment.tests.HomePageTest">
        <test-method is-config="true" signature="initializeWebDriver()[pri:0, instance:com.Selenium_assignment.tests.HomePageTest@2f217633]" started-at="2022-05-27T22:19:35 IST" name="initializeWebDriver" finished-at="2022-05-27T22:19:37 IST" duration-ms="1793" status="FAIL">
          <exception class="org.openqa.selenium.SessionNotCreatedException">
            <message>
              <![CDATA[session not created: This version of ChromeDriver only supports Chrome version 98
Current browser version is 101.0.4951.67 with binary path C:\Users\tanugupta02\AppData\Local\Google\Chrome\Application\chrome.exe
Build info: version: '3.141.59', revision: 'e82be7d358', time: '2018-11-14T08:17:03'
System info: host: 'IN-PG02P5S6', ip: '192.168.1.5', os.name: 'Windows 10', os.arch: 'amd64', os.version: '10.0', java.version: '11.0.1'
Driver info: driver.version: ChromeDriver
remote stacktrace: Backtrace:
Ordinal0 [0x00C169A3+2582947]
Ordinal0 [0x00BAA6D1+2139857]
Ordinal0 [0x00AA3A98+1063576]
Ordinal0 [0x00AC33B8+1192888]
Ordinal0 [0x00ABF235+1176117]
Ordinal0 [0x00ABC9E1+1165793]
Ordinal0 [0x00AECFFF+1363967]
Ordinal0 [0x00AECC2A+1362986]
Ordinal0 [0x00AE8366+1344358]
Ordinal0 [0x00AC5176+1200502]
Ordinal0 [0x00AC6066+1204326]
GetHandleVerifier [0x00DBBE02+1675858]
GetHandleVerifier [0x00E7036C+2414524]
GetHandleVerifier [0x00CABB01+560977]
GetHandleVerifier [0x00CAA8D3+556323]
Ordinal0 [0x00BB020E+2163214]
Ordinal0 [0x00BB5078+2183288]
Ordinal0 [0x00BB51C0+2183616]
Ordinal0 [0x00BBEE1C+2223644]
BaseThreadInitThunk [0x75736739+25]
RtlGetFullPathName_UEx [0x771B8FEF+1215]
RtlGetFullPathName_UEx [0x771B8FBD+1165]
]]>
            </message>
            <full-stacktrace>
              <![CDATA[org.openqa.selenium.SessionNotCreatedException: session not created: This version of ChromeDriver only supports Chrome version 98
Current browser version is 101.0.4951.67 with binary path C:\Users\tanugupta02\AppData\Local\Google\Chrome\Application\chrome.exe
Build info: version: '3.141.59', revision: 'e82be7d358', time: '2018-11-14T08:17:03'
System info: host: 'IN-PG02P5S6', ip: '192.168.1.5', os.name: 'Windows 10', os.arch: 'amd64', os.version: '10.0', java.version: '11.0.1'
Driver info: driver.version: ChromeDriver
remote stacktrace: Backtrace:
Ordinal0 [0x00C169A3+2582947]
Ordinal0 [0x00BAA6D1+2139857]
Ordinal0 [0x00AA3A98+1063576]
Ordinal0 [0x00AC33B8+1192888]
Ordinal0 [0x00ABF235+1176117]
Ordinal0 [0x00ABC9E1+1165793]
Ordinal0 [0x00AECFFF+1363967]
Ordinal0 [0x00AECC2A+1362986]
Ordinal0 [0x00AE8366+1344358]
Ordinal0 [0x00AC5176+1200502]
Ordinal0 [0x00AC6066+1204326]
GetHandleVerifier [0x00DBBE02+1675858]
GetHandleVerifier [0x00E7036C+2414524]
GetHandleVerifier [0x00CABB01+560977]
GetHandleVerifier [0x00CAA8D3+556323]
Ordinal0 [0x00BB020E+2163214]
Ordinal0 [0x00BB5078+2183288]
Ordinal0 [0x00BB51C0+2183616]
Ordinal0 [0x00BBEE1C+2223644]
BaseThreadInitThunk [0x75736739+25]
RtlGetFullPathName_UEx [0x771B8FEF+1215]
RtlGetFullPathName_UEx [0x771B8FBD+1165]

at java.base/jdk.internal.reflect.NativeConstructorAccessorImpl.newInstance0(Native Method)
at java.base/jdk.internal.reflect.NativeConstructorAccessorImpl.newInstance(NativeConstructorAccessorImpl.java:62)
at java.base/jdk.internal.reflect.DelegatingConstructorAccessorImpl.newInstance(DelegatingConstructorAccessorImpl.java:45)
at java.base/java.lang.reflect.Constructor.newInstance(Constructor.java:490)
at org.openqa.selenium.remote.W3CHandshakeResponse.lambda$errorHandler$0(W3CHandshakeResponse.java:62)
at org.openqa.selenium.remote.HandshakeResponse.lambda$getResponseFunction$0(HandshakeResponse.java:30)
at org.openqa.selenium.remote.ProtocolHandshake.lambda$createSession$0(ProtocolHandshake.java:126)
at java.base/java.util.stream.ReferencePipeline$3$1.accept(ReferencePipeline.java:195)
at java.base/java.util.Spliterators$ArraySpliterator.tryAdvance(Spliterators.java:958)
at java.base/java.util.stream.ReferencePipeline.forEachWithCancel(ReferencePipeline.java:127)
at java.base/java.util.stream.AbstractPipeline.copyIntoWithCancel(AbstractPipeline.java:502)
at java.base/java.util.stream.AbstractPipeline.copyInto(AbstractPipeline.java:488)
at java.base/java.util.stream.AbstractPipeline.wrapAndCopyInto(AbstractPipeline.java:474)
at java.base/java.util.stream.FindOps$FindOp.evaluateSequential(FindOps.java:150)
at java.base/java.util.stream.AbstractPipeline.evaluate(AbstractPipeline.java:234)
at java.base/java.util.stream.ReferencePipeline.findFirst(ReferencePipeline.java:543)
at org.openqa.selenium.remote.ProtocolHandshake.createSession(ProtocolHandshake.java:128)
at org.openqa.selenium.remote.ProtocolHandshake.createSession(ProtocolHandshake.java:74)
at org.openqa.selenium.remote.HttpCommandExecutor.execute(HttpCommandExecutor.java:136)
at org.openqa.selenium.remote.service.DriverCommandExecutor.execute(DriverCommandExecutor.java:83)
at org.openqa.selenium.remote.RemoteWebDriver.execute(RemoteWebDriver.java:552)
at org.openqa.selenium.remote.RemoteWebDriver.startSession(RemoteWebDriver.java:213)
at org.openqa.selenium.remote.RemoteWebDriver.<init>(RemoteWebDriver.java:131)
at org.openqa.selenium.chrome.ChromeDriver.<init>(ChromeDriver.java:181)
at org.openqa.selenium.chrome.ChromeDriver.<init>(ChromeDriver.java:168)
at org.openqa.selenium.chrome.ChromeDriver.<init>(ChromeDriver.java:157)
at com.Selenium_assignment.tests.BaseTest.initializeWebDriver(BaseTest.java:85)
at java.base/jdk.internal.reflect.NativeMethodAccessorImpl.invoke0(Native Method)
at java.base/jdk.internal.reflect.NativeMethodAccessorImpl.invoke(NativeMethodAccessorImpl.java:62)
at java.base/jdk.internal.reflect.DelegatingMethodAccessorImpl.invoke(DelegatingMethodAccessorImpl.java:43)
at java.base/java.lang.reflect.Method.invoke(Method.java:566)
at org.testng.internal.MethodInvocationHelper.invokeMethod(MethodInvocationHelper.java:133)
at org.testng.internal.MethodInvocationHelper.invokeMethodConsideringTimeout(MethodInvocationHelper.java:62)
at org.testng.internal.ConfigInvoker.invokeConfigurationMethod(ConfigInvoker.java:385)
at org.testng.internal.ConfigInvoker.invokeConfigurations(ConfigInvoker.java:321)
at org.testng.SuiteRunner.privateRun(SuiteRunner.java:317)
at org.testng.SuiteRunner.run(SuiteRunner.java:276)
at org.testng.SuiteRunnerWorker.runSuite(SuiteRunnerWorker.java:53)
at org.testng.SuiteRunnerWorker.run(SuiteRunnerWorker.java:96)
at org.testng.TestNG.runSuitesSequentially(TestNG.java:1212)
at org.testng.TestNG.runSuitesLocally(TestNG.java:1134)
at org.testng.TestNG.runSuites(TestNG.java:1063)
at org.testng.TestNG.run(TestNG.java:1031)
at org.testng.remote.AbstractRemoteTestNG.run(AbstractRemoteTestNG.java:115)
at org.testng.remote.RemoteTestNG.initAndRun(RemoteTestNG.java:251)
at org.testng.remote.RemoteTestNG.main(RemoteTestNG.java:77)
]]>
            </full-stacktrace>
          </exception> <!-- org.openqa.selenium.SessionNotCreatedException -->
          <reporter-output>
          </reporter-output>
        </test-method> <!-- initializeWebDriver -->
        <test-method is-config="true" signature="setExtent()[pri:0, instance:com.Selenium_assignment.tests.HomePageTest@2f217633]" started-at="2022-05-27T22:19:37 IST" name="setExtent" finished-at="1970-01-01T05:30:00 IST" duration-ms="-1653670177297" status="SKIP">
          <reporter-output>
          </reporter-output>
        </test-method> <!-- setExtent -->
        <test-method is-config="true" signature="openurl()[pri:0, instance:com.Selenium_assignment.tests.HomePageTest@2f217633]" started-at="2022-05-27T22:19:37 IST" name="openurl" finished-at="1970-01-01T05:30:00 IST" duration-ms="-1653670177317" status="SKIP">
          <reporter-output>
          </reporter-output>
        </test-method> <!-- openurl -->
        <test-method signature="testAmazonLogo()[pri:0, instance:com.Selenium_assignment.tests.HomePageTest@2f217633]" started-at="2022-05-27T22:19:37 IST" name="testAmazonLogo" finished-at="2022-05-27T22:19:37 IST" duration-ms="0" status="SKIP">
          <exception class="org.openqa.selenium.SessionNotCreatedException">
            <message>
              <![CDATA[session not created: This version of ChromeDriver only supports Chrome version 98
Current browser version is 101.0.4951.67 with binary path C:\Users\tanugupta02\AppData\Local\Google\Chrome\Application\chrome.exe
Build info: version: '3.141.59', revision: 'e82be7d358', time: '2018-11-14T08:17:03'
System info: host: 'IN-PG02P5S6', ip: '192.168.1.5', os.name: 'Windows 10', os.arch: 'amd64', os.version: '10.0', java.version: '11.0.1'
Driver info: driver.version: ChromeDriver
remote stacktrace: Backtrace:
Ordinal0 [0x00C169A3+2582947]
Ordinal0 [0x00BAA6D1+2139857]
Ordinal0 [0x00AA3A98+1063576]
Ordinal0 [0x00AC33B8+1192888]
Ordinal0 [0x00ABF235+1176117]
Ordinal0 [0x00ABC9E1+1165793]
Ordinal0 [0x00AECFFF+1363967]
Ordinal0 [0x00AECC2A+1362986]
Ordinal0 [0x00AE8366+1344358]
Ordinal0 [0x00AC5176+1200502]
Ordinal0 [0x00AC6066+1204326]
GetHandleVerifier [0x00DBBE02+1675858]
GetHandleVerifier [0x00E7036C+2414524]
GetHandleVerifier [0x00CABB01+560977]
GetHandleVerifier [0x00CAA8D3+556323]
Ordinal0 [0x00BB020E+2163214]
Ordinal0 [0x00BB5078+2183288]
Ordinal0 [0x00BB51C0+2183616]
Ordinal0 [0x00BBEE1C+2223644]
BaseThreadInitThunk [0x75736739+25]
RtlGetFullPathName_UEx [0x771B8FEF+1215]
RtlGetFullPathName_UEx [0x771B8FBD+1165]
]]>
            </message>
            <full-stacktrace>
              <![CDATA[org.openqa.selenium.SessionNotCreatedException: session not created: This version of ChromeDriver only supports Chrome version 98
Current browser version is 101.0.4951.67 with binary path C:\Users\tanugupta02\AppData\Local\Google\Chrome\Application\chrome.exe
Build info: version: '3.141.59', revision: 'e82be7d358', time: '2018-11-14T08:17:03'
System info: host: 'IN-PG02P5S6', ip: '192.168.1.5', os.name: 'Windows 10', os.arch: 'amd64', os.version: '10.0', java.version: '11.0.1'
Driver info: driver.version: ChromeDriver
remote stacktrace: Backtrace:
Ordinal0 [0x00C169A3+2582947]
Ordinal0 [0x00BAA6D1+2139857]
Ordinal0 [0x00AA3A98+1063576]
Ordinal0 [0x00AC33B8+1192888]
Ordinal0 [0x00ABF235+1176117]
Ordinal0 [0x00ABC9E1+1165793]
Ordinal0 [0x00AECFFF+1363967]
Ordinal0 [0x00AECC2A+1362986]
Ordinal0 [0x00AE8366+1344358]
Ordinal0 [0x00AC5176+1200502]
Ordinal0 [0x00AC6066+1204326]
GetHandleVerifier [0x00DBBE02+1675858]
GetHandleVerifier [0x00E7036C+2414524]
GetHandleVerifier [0x00CABB01+560977]
GetHandleVerifier [0x00CAA8D3+556323]
Ordinal0 [0x00BB020E+2163214]
Ordinal0 [0x00BB5078+2183288]
Ordinal0 [0x00BB51C0+2183616]
Ordinal0 [0x00BBEE1C+2223644]
BaseThreadInitThunk [0x75736739+25]
RtlGetFullPathName_UEx [0x771B8FEF+1215]
RtlGetFullPathName_UEx [0x771B8FBD+1165]

at java.base/jdk.internal.reflect.NativeConstructorAccessorImpl.newInstance0(Native Method)
at java.base/jdk.internal.reflect.NativeConstructorAccessorImpl.newInstance(NativeConstructorAccessorImpl.java:62)
at java.base/jdk.internal.reflect.DelegatingConstructorAccessorImpl.newInstance(DelegatingConstructorAccessorImpl.java:45)
at java.base/java.lang.reflect.Constructor.newInstance(Constructor.java:490)
at org.openqa.selenium.remote.W3CHandshakeResponse.lambda$errorHandler$0(W3CHandshakeResponse.java:62)
at org.openqa.selenium.remote.HandshakeResponse.lambda$getResponseFunction$0(HandshakeResponse.java:30)
at org.openqa.selenium.remote.ProtocolHandshake.lambda$createSession$0(ProtocolHandshake.java:126)
at java.base/java.util.stream.ReferencePipeline$3$1.accept(ReferencePipeline.java:195)
at java.base/java.util.Spliterators$ArraySpliterator.tryAdvance(Spliterators.java:958)
at java.base/java.util.stream.ReferencePipeline.forEachWithCancel(ReferencePipeline.java:127)
at java.base/java.util.stream.AbstractPipeline.copyIntoWithCancel(AbstractPipeline.java:502)
at java.base/java.util.stream.AbstractPipeline.copyInto(AbstractPipeline.java:488)
at java.base/java.util.stream.AbstractPipeline.wrapAndCopyInto(AbstractPipeline.java:474)
at java.base/java.util.stream.FindOps$FindOp.evaluateSequential(FindOps.java:150)
at java.base/java.util.stream.AbstractPipeline.evaluate(AbstractPipeline.java:234)
at java.base/java.util.stream.ReferencePipeline.findFirst(ReferencePipeline.java:543)
at org.openqa.selenium.remote.ProtocolHandshake.createSession(ProtocolHandshake.java:128)
at org.openqa.selenium.remote.ProtocolHandshake.createSession(ProtocolHandshake.java:74)
at org.openqa.selenium.remote.HttpCommandExecutor.execute(HttpCommandExecutor.java:136)
at org.openqa.selenium.remote.service.DriverCommandExecutor.execute(DriverCommandExecutor.java:83)
at org.openqa.selenium.remote.RemoteWebDriver.execute(RemoteWebDriver.java:552)
at org.openqa.selenium.remote.RemoteWebDriver.startSession(RemoteWebDriver.java:213)
at org.openqa.selenium.remote.RemoteWebDriver.<init>(RemoteWebDriver.java:131)
at org.openqa.selenium.chrome.ChromeDriver.<init>(ChromeDriver.java:181)
at org.openqa.selenium.chrome.ChromeDriver.<init>(ChromeDriver.java:168)
at org.openqa.selenium.chrome.ChromeDriver.<init>(ChromeDriver.java:157)
at com.Selenium_assignment.tests.BaseTest.initializeWebDriver(BaseTest.java:85)
at java.base/jdk.internal.reflect.NativeMethodAccessorImpl.invoke0(Native Method)
at java.base/jdk.internal.reflect.NativeMethodAccessorImpl.invoke(NativeMethodAccessorImpl.java:62)
at java.base/jdk.internal.reflect.DelegatingMethodAccessorImpl.invoke(DelegatingMethodAccessorImpl.java:43)
at java.base/java.lang.reflect.Method.invoke(Method.java:566)
at org.testng.internal.MethodInvocationHelper.invokeMethod(MethodInvocationHelper.java:133)
at org.testng.internal.MethodInvocationHelper.invokeMethodConsideringTimeout(MethodInvocationHelper.java:62)
at org.testng.internal.ConfigInvoker.invokeConfigurationMethod(ConfigInvoker.java:385)
at org.testng.internal.ConfigInvoker.invokeConfigurations(ConfigInvoker.java:321)
at org.testng.SuiteRunner.privateRun(SuiteRunner.java:317)
at org.testng.SuiteRunner.run(SuiteRunner.java:276)
at org.testng.SuiteRunnerWorker.runSuite(SuiteRunnerWorker.java:53)
at org.testng.SuiteRunnerWorker.run(SuiteRunnerWorker.java:96)
at org.testng.TestNG.runSuitesSequentially(TestNG.java:1212)
at org.testng.TestNG.runSuitesLocally(TestNG.java:1134)
at org.testng.TestNG.runSuites(TestNG.java:1063)
at org.testng.TestNG.run(TestNG.java:1031)
at org.testng.remote.AbstractRemoteTestNG.run(AbstractRemoteTestNG.java:115)
at org.testng.remote.RemoteTestNG.initAndRun(RemoteTestNG.java:251)
at org.testng.remote.RemoteTestNG.main(RemoteTestNG.java:77)
]]>
            </full-stacktrace>
          </exception> <!-- org.openqa.selenium.SessionNotCreatedException -->
          <reporter-output>
          </reporter-output>
        </test-method> <!-- testAmazonLogo -->
        <test-method is-config="true" signature="attachScreenshot(org.testng.ITestResult)[pri:0, instance:com.Selenium_assignment.tests.HomePageTest@2f217633]" started-at="2022-05-27T22:19:37 IST" name="attachScreenshot" finished-at="1970-01-01T05:30:00 IST" duration-ms="-1653670177322" status="SKIP">
          <reporter-output>
          </reporter-output>
        </test-method> <!-- attachScreenshot -->
        <test-method is-config="true" signature="endTest()[pri:0, instance:com.Selenium_assignment.tests.HomePageTest@2f217633]" started-at="2022-05-27T22:19:37 IST" name="endTest" finished-at="1970-01-01T05:30:00 IST" duration-ms="-1653670177323" status="SKIP">
          <reporter-output>
          </reporter-output>
        </test-method> <!-- endTest -->
        <test-method is-config="true" signature="openurl()[pri:0, instance:com.Selenium_assignment.tests.HomePageTest@2f217633]" started-at="2022-05-27T22:19:37 IST" name="openurl" finished-at="1970-01-01T05:30:00 IST" duration-ms="-1653670177325" status="SKIP">
          <reporter-output>
          </reporter-output>
        </test-method> <!-- openurl -->
        <test-method signature="ClickNextSlide()[pri:1, instance:com.Selenium_assignment.tests.HomePageTest@2f217633]" started-at="2022-05-27T22:19:37 IST" name="ClickNextSlide" finished-at="2022-05-27T22:19:37 IST" duration-ms="0" status="SKIP">
          <exception class="org.openqa.selenium.SessionNotCreatedException">
            <message>
              <![CDATA[session not created: This version of ChromeDriver only supports Chrome version 98
Current browser version is 101.0.4951.67 with binary path C:\Users\tanugupta02\AppData\Local\Google\Chrome\Application\chrome.exe
Build info: version: '3.141.59', revision: 'e82be7d358', time: '2018-11-14T08:17:03'
System info: host: 'IN-PG02P5S6', ip: '192.168.1.5', os.name: 'Windows 10', os.arch: 'amd64', os.version: '10.0', java.version: '11.0.1'
Driver info: driver.version: ChromeDriver
remote stacktrace: Backtrace:
Ordinal0 [0x00C169A3+2582947]
Ordinal0 [0x00BAA6D1+2139857]
Ordinal0 [0x00AA3A98+1063576]
Ordinal0 [0x00AC33B8+1192888]
Ordinal0 [0x00ABF235+1176117]
Ordinal0 [0x00ABC9E1+1165793]
Ordinal0 [0x00AECFFF+1363967]
Ordinal0 [0x00AECC2A+1362986]
Ordinal0 [0x00AE8366+1344358]
Ordinal0 [0x00AC5176+1200502]
Ordinal0 [0x00AC6066+1204326]
GetHandleVerifier [0x00DBBE02+1675858]
GetHandleVerifier [0x00E7036C+2414524]
GetHandleVerifier [0x00CABB01+560977]
GetHandleVerifier [0x00CAA8D3+556323]
Ordinal0 [0x00BB020E+2163214]
Ordinal0 [0x00BB5078+2183288]
Ordinal0 [0x00BB51C0+2183616]
Ordinal0 [0x00BBEE1C+2223644]
BaseThreadInitThunk [0x75736739+25]
RtlGetFullPathName_UEx [0x771B8FEF+1215]
RtlGetFullPathName_UEx [0x771B8FBD+1165]
]]>
            </message>
            <full-stacktrace>
              <![CDATA[org.openqa.selenium.SessionNotCreatedException: session not created: This version of ChromeDriver only supports Chrome version 98
Current browser version is 101.0.4951.67 with binary path C:\Users\tanugupta02\AppData\Local\Google\Chrome\Application\chrome.exe
Build info: version: '3.141.59', revision: 'e82be7d358', time: '2018-11-14T08:17:03'
System info: host: 'IN-PG02P5S6', ip: '192.168.1.5', os.name: 'Windows 10', os.arch: 'amd64', os.version: '10.0', java.version: '11.0.1'
Driver info: driver.version: ChromeDriver
remote stacktrace: Backtrace:
Ordinal0 [0x00C169A3+2582947]
Ordinal0 [0x00BAA6D1+2139857]
Ordinal0 [0x00AA3A98+1063576]
Ordinal0 [0x00AC33B8+1192888]
Ordinal0 [0x00ABF235+1176117]
Ordinal0 [0x00ABC9E1+1165793]
Ordinal0 [0x00AECFFF+1363967]
Ordinal0 [0x00AECC2A+1362986]
Ordinal0 [0x00AE8366+1344358]
Ordinal0 [0x00AC5176+1200502]
Ordinal0 [0x00AC6066+1204326]
GetHandleVerifier [0x00DBBE02+1675858]
GetHandleVerifier [0x00E7036C+2414524]
GetHandleVerifier [0x00CABB01+560977]
GetHandleVerifier [0x00CAA8D3+556323]
Ordinal0 [0x00BB020E+2163214]
Ordinal0 [0x00BB5078+2183288]
Ordinal0 [0x00BB51C0+2183616]
Ordinal0 [0x00BBEE1C+2223644]
BaseThreadInitThunk [0x75736739+25]
RtlGetFullPathName_UEx [0x771B8FEF+1215]
RtlGetFullPathName_UEx [0x771B8FBD+1165]

at java.base/jdk.internal.reflect.NativeConstructorAccessorImpl.newInstance0(Native Method)
at java.base/jdk.internal.reflect.NativeConstructorAccessorImpl.newInstance(NativeConstructorAccessorImpl.java:62)
at java.base/jdk.internal.reflect.DelegatingConstructorAccessorImpl.newInstance(DelegatingConstructorAccessorImpl.java:45)
at java.base/java.lang.reflect.Constructor.newInstance(Constructor.java:490)
at org.openqa.selenium.remote.W3CHandshakeResponse.lambda$errorHandler$0(W3CHandshakeResponse.java:62)
at org.openqa.selenium.remote.HandshakeResponse.lambda$getResponseFunction$0(HandshakeResponse.java:30)
at org.openqa.selenium.remote.ProtocolHandshake.lambda$createSession$0(ProtocolHandshake.java:126)
at java.base/java.util.stream.ReferencePipeline$3$1.accept(ReferencePipeline.java:195)
at java.base/java.util.Spliterators$ArraySpliterator.tryAdvance(Spliterators.java:958)
at java.base/java.util.stream.ReferencePipeline.forEachWithCancel(ReferencePipeline.java:127)
at java.base/java.util.stream.AbstractPipeline.copyIntoWithCancel(AbstractPipeline.java:502)
at java.base/java.util.stream.AbstractPipeline.copyInto(AbstractPipeline.java:488)
at java.base/java.util.stream.AbstractPipeline.wrapAndCopyInto(AbstractPipeline.java:474)
at java.base/java.util.stream.FindOps$FindOp.evaluateSequential(FindOps.java:150)
at java.base/java.util.stream.AbstractPipeline.evaluate(AbstractPipeline.java:234)
at java.base/java.util.stream.ReferencePipeline.findFirst(ReferencePipeline.java:543)
at org.openqa.selenium.remote.ProtocolHandshake.createSession(ProtocolHandshake.java:128)
at org.openqa.selenium.remote.ProtocolHandshake.createSession(ProtocolHandshake.java:74)
at org.openqa.selenium.remote.HttpCommandExecutor.execute(HttpCommandExecutor.java:136)
at org.openqa.selenium.remote.service.DriverCommandExecutor.execute(DriverCommandExecutor.java:83)
at org.openqa.selenium.remote.RemoteWebDriver.execute(RemoteWebDriver.java:552)
at org.openqa.selenium.remote.RemoteWebDriver.startSession(RemoteWebDriver.java:213)
at org.openqa.selenium.remote.RemoteWebDriver.<init>(RemoteWebDriver.java:131)
at org.openqa.selenium.chrome.ChromeDriver.<init>(ChromeDriver.java:181)
at org.openqa.selenium.chrome.ChromeDriver.<init>(ChromeDriver.java:168)
at org.openqa.selenium.chrome.ChromeDriver.<init>(ChromeDriver.java:157)
at com.Selenium_assignment.tests.BaseTest.initializeWebDriver(BaseTest.java:85)
at java.base/jdk.internal.reflect.NativeMethodAccessorImpl.invoke0(Native Method)
at java.base/jdk.internal.reflect.NativeMethodAccessorImpl.invoke(NativeMethodAccessorImpl.java:62)
at java.base/jdk.internal.reflect.DelegatingMethodAccessorImpl.invoke(DelegatingMethodAccessorImpl.java:43)
at java.base/java.lang.reflect.Method.invoke(Method.java:566)
at org.testng.internal.MethodInvocationHelper.invokeMethod(MethodInvocationHelper.java:133)
at org.testng.internal.MethodInvocationHelper.invokeMethodConsideringTimeout(MethodInvocationHelper.java:62)
at org.testng.internal.ConfigInvoker.invokeConfigurationMethod(ConfigInvoker.java:385)
at org.testng.internal.ConfigInvoker.invokeConfigurations(ConfigInvoker.java:321)
at org.testng.SuiteRunner.privateRun(SuiteRunner.java:317)
at org.testng.SuiteRunner.run(SuiteRunner.java:276)
at org.testng.SuiteRunnerWorker.runSuite(SuiteRunnerWorker.java:53)
at org.testng.SuiteRunnerWorker.run(SuiteRunnerWorker.java:96)
at org.testng.TestNG.runSuitesSequentially(TestNG.java:1212)
at org.testng.TestNG.runSuitesLocally(TestNG.java:1134)
at org.testng.TestNG.runSuites(TestNG.java:1063)
at org.testng.TestNG.run(TestNG.java:1031)
at org.testng.remote.AbstractRemoteTestNG.run(AbstractRemoteTestNG.java:115)
at org.testng.remote.RemoteTestNG.initAndRun(RemoteTestNG.java:251)
at org.testng.remote.RemoteTestNG.main(RemoteTestNG.java:77)
]]>
            </full-stacktrace>
          </exception> <!-- org.openqa.selenium.SessionNotCreatedException -->
          <reporter-output>
          </reporter-output>
        </test-method> <!-- ClickNextSlide -->
        <test-method is-config="true" signature="attachScreenshot(org.testng.ITestResult)[pri:0, instance:com.Selenium_assignment.tests.HomePageTest@2f217633]" started-at="2022-05-27T22:19:37 IST" name="attachScreenshot" finished-at="1970-01-01T05:30:00 IST" duration-ms="-1653670177330" status="SKIP">
          <reporter-output>
          </reporter-output>
        </test-method> <!-- attachScreenshot -->
        <test-method is-config="true" signature="endTest()[pri:0, instance:com.Selenium_assignment.tests.HomePageTest@2f217633]" started-at="2022-05-27T22:19:37 IST" name="endTest" finished-at="1970-01-01T05:30:00 IST" duration-ms="-1653670177330" status="SKIP">
          <reporter-output>
          </reporter-output>
        </test-method> <!-- endTest -->
        <test-method is-config="true" signature="openurl()[pri:0, instance:com.Selenium_assignment.tests.HomePageTest@2f217633]" started-at="2022-05-27T22:19:37 IST" name="openurl" finished-at="1970-01-01T05:30:00 IST" duration-ms="-1653670177332" status="SKIP">
          <reporter-output>
          </reporter-output>
        </test-method> <!-- openurl -->
        <test-method signature="Dropdown()[pri:2, instance:com.Selenium_assignment.tests.HomePageTest@2f217633]" started-at="2022-05-27T22:19:37 IST" name="Dropdown" finished-at="2022-05-27T22:19:37 IST" duration-ms="0" status="SKIP">
          <exception class="org.openqa.selenium.SessionNotCreatedException">
            <message>
              <![CDATA[session not created: This version of ChromeDriver only supports Chrome version 98
Current browser version is 101.0.4951.67 with binary path C:\Users\tanugupta02\AppData\Local\Google\Chrome\Application\chrome.exe
Build info: version: '3.141.59', revision: 'e82be7d358', time: '2018-11-14T08:17:03'
System info: host: 'IN-PG02P5S6', ip: '192.168.1.5', os.name: 'Windows 10', os.arch: 'amd64', os.version: '10.0', java.version: '11.0.1'
Driver info: driver.version: ChromeDriver
remote stacktrace: Backtrace:
Ordinal0 [0x00C169A3+2582947]
Ordinal0 [0x00BAA6D1+2139857]
Ordinal0 [0x00AA3A98+1063576]
Ordinal0 [0x00AC33B8+1192888]
Ordinal0 [0x00ABF235+1176117]
Ordinal0 [0x00ABC9E1+1165793]
Ordinal0 [0x00AECFFF+1363967]
Ordinal0 [0x00AECC2A+1362986]
Ordinal0 [0x00AE8366+1344358]
Ordinal0 [0x00AC5176+1200502]
Ordinal0 [0x00AC6066+1204326]
GetHandleVerifier [0x00DBBE02+1675858]
GetHandleVerifier [0x00E7036C+2414524]
GetHandleVerifier [0x00CABB01+560977]
GetHandleVerifier [0x00CAA8D3+556323]
Ordinal0 [0x00BB020E+2163214]
Ordinal0 [0x00BB5078+2183288]
Ordinal0 [0x00BB51C0+2183616]
Ordinal0 [0x00BBEE1C+2223644]
BaseThreadInitThunk [0x75736739+25]
RtlGetFullPathName_UEx [0x771B8FEF+1215]
RtlGetFullPathName_UEx [0x771B8FBD+1165]
]]>
            </message>
            <full-stacktrace>
              <![CDATA[org.openqa.selenium.SessionNotCreatedException: session not created: This version of ChromeDriver only supports Chrome version 98
Current browser version is 101.0.4951.67 with binary path C:\Users\tanugupta02\AppData\Local\Google\Chrome\Application\chrome.exe
Build info: version: '3.141.59', revision: 'e82be7d358', time: '2018-11-14T08:17:03'
System info: host: 'IN-PG02P5S6', ip: '192.168.1.5', os.name: 'Windows 10', os.arch: 'amd64', os.version: '10.0', java.version: '11.0.1'
Driver info: driver.version: ChromeDriver
remote stacktrace: Backtrace:
Ordinal0 [0x00C169A3+2582947]
Ordinal0 [0x00BAA6D1+2139857]
Ordinal0 [0x00AA3A98+1063576]
Ordinal0 [0x00AC33B8+1192888]
Ordinal0 [0x00ABF235+1176117]
Ordinal0 [0x00ABC9E1+1165793]
Ordinal0 [0x00AECFFF+1363967]
Ordinal0 [0x00AECC2A+1362986]
Ordinal0 [0x00AE8366+1344358]
Ordinal0 [0x00AC5176+1200502]
Ordinal0 [0x00AC6066+1204326]
GetHandleVerifier [0x00DBBE02+1675858]
GetHandleVerifier [0x00E7036C+2414524]
GetHandleVerifier [0x00CABB01+560977]
GetHandleVerifier [0x00CAA8D3+556323]
Ordinal0 [0x00BB020E+2163214]
Ordinal0 [0x00BB5078+2183288]
Ordinal0 [0x00BB51C0+2183616]
Ordinal0 [0x00BBEE1C+2223644]
BaseThreadInitThunk [0x75736739+25]
RtlGetFullPathName_UEx [0x771B8FEF+1215]
RtlGetFullPathName_UEx [0x771B8FBD+1165]

at java.base/jdk.internal.reflect.NativeConstructorAccessorImpl.newInstance0(Native Method)
at java.base/jdk.internal.reflect.NativeConstructorAccessorImpl.newInstance(NativeConstructorAccessorImpl.java:62)
at java.base/jdk.internal.reflect.DelegatingConstructorAccessorImpl.newInstance(DelegatingConstructorAccessorImpl.java:45)
at java.base/java.lang.reflect.Constructor.newInstance(Constructor.java:490)
at org.openqa.selenium.remote.W3CHandshakeResponse.lambda$errorHandler$0(W3CHandshakeResponse.java:62)
at org.openqa.selenium.remote.HandshakeResponse.lambda$getResponseFunction$0(HandshakeResponse.java:30)
at org.openqa.selenium.remote.ProtocolHandshake.lambda$createSession$0(ProtocolHandshake.java:126)
at java.base/java.util.stream.ReferencePipeline$3$1.accept(ReferencePipeline.java:195)
at java.base/java.util.Spliterators$ArraySpliterator.tryAdvance(Spliterators.java:958)
at java.base/java.util.stream.ReferencePipeline.forEachWithCancel(ReferencePipeline.java:127)
at java.base/java.util.stream.AbstractPipeline.copyIntoWithCancel(AbstractPipeline.java:502)
at java.base/java.util.stream.AbstractPipeline.copyInto(AbstractPipeline.java:488)
at java.base/java.util.stream.AbstractPipeline.wrapAndCopyInto(AbstractPipeline.java:474)
at java.base/java.util.stream.FindOps$FindOp.evaluateSequential(FindOps.java:150)
at java.base/java.util.stream.AbstractPipeline.evaluate(AbstractPipeline.java:234)
at java.base/java.util.stream.ReferencePipeline.findFirst(ReferencePipeline.java:543)
at org.openqa.selenium.remote.ProtocolHandshake.createSession(ProtocolHandshake.java:128)
at org.openqa.selenium.remote.ProtocolHandshake.createSession(ProtocolHandshake.java:74)
at org.openqa.selenium.remote.HttpCommandExecutor.execute(HttpCommandExecutor.java:136)
at org.openqa.selenium.remote.service.DriverCommandExecutor.execute(DriverCommandExecutor.java:83)
at org.openqa.selenium.remote.RemoteWebDriver.execute(RemoteWebDriver.java:552)
at org.openqa.selenium.remote.RemoteWebDriver.startSession(RemoteWebDriver.java:213)
at org.openqa.selenium.remote.RemoteWebDriver.<init>(RemoteWebDriver.java:131)
at org.openqa.selenium.chrome.ChromeDriver.<init>(ChromeDriver.java:181)
at org.openqa.selenium.chrome.ChromeDriver.<init>(ChromeDriver.java:168)
at org.openqa.selenium.chrome.ChromeDriver.<init>(ChromeDriver.java:157)
at com.Selenium_assignment.tests.BaseTest.initializeWebDriver(BaseTest.java:85)
at java.base/jdk.internal.reflect.NativeMethodAccessorImpl.invoke0(Native Method)
at java.base/jdk.internal.reflect.NativeMethodAccessorImpl.invoke(NativeMethodAccessorImpl.java:62)
at java.base/jdk.internal.reflect.DelegatingMethodAccessorImpl.invoke(DelegatingMethodAccessorImpl.java:43)
at java.base/java.lang.reflect.Method.invoke(Method.java:566)
at org.testng.internal.MethodInvocationHelper.invokeMethod(MethodInvocationHelper.java:133)
at org.testng.internal.MethodInvocationHelper.invokeMethodConsideringTimeout(MethodInvocationHelper.java:62)
at org.testng.internal.ConfigInvoker.invokeConfigurationMethod(ConfigInvoker.java:385)
at org.testng.internal.ConfigInvoker.invokeConfigurations(ConfigInvoker.java:321)
at org.testng.SuiteRunner.privateRun(SuiteRunner.java:317)
at org.testng.SuiteRunner.run(SuiteRunner.java:276)
at org.testng.SuiteRunnerWorker.runSuite(SuiteRunnerWorker.java:53)
at org.testng.SuiteRunnerWorker.run(SuiteRunnerWorker.java:96)
at org.testng.TestNG.runSuitesSequentially(TestNG.java:1212)
at org.testng.TestNG.runSuitesLocally(TestNG.java:1134)
at org.testng.TestNG.runSuites(TestNG.java:1063)
at org.testng.TestNG.run(TestNG.java:1031)
at org.testng.remote.AbstractRemoteTestNG.run(AbstractRemoteTestNG.java:115)
at org.testng.remote.RemoteTestNG.initAndRun(RemoteTestNG.java:251)
at org.testng.remote.RemoteTestNG.main(RemoteTestNG.java:77)
]]>
            </full-stacktrace>
          </exception> <!-- org.openqa.selenium.SessionNotCreatedException -->
          <reporter-output>
          </reporter-output>
        </test-method> <!-- Dropdown -->
        <test-method is-config="true" signature="attachScreenshot(org.testng.ITestResult)[pri:0, instance:com.Selenium_assignment.tests.HomePageTest@2f217633]" started-at="2022-05-27T22:19:37 IST" name="attachScreenshot" finished-at="1970-01-01T05:30:00 IST" duration-ms="-1653670177337" status="SKIP">
          <reporter-output>
          </reporter-output>
        </test-method> <!-- attachScreenshot -->
        <test-method is-config="true" signature="endTest()[pri:0, instance:com.Selenium_assignment.tests.HomePageTest@2f217633]" started-at="2022-05-27T22:19:37 IST" name="endTest" finished-at="1970-01-01T05:30:00 IST" duration-ms="-1653670177338" status="SKIP">
          <reporter-output>
          </reporter-output>
        </test-method> <!-- endTest -->
        <test-method signature="clickReturn()[pri:3, instance:com.Selenium_assignment.tests.HomePageTest@2f217633]" started-at="2022-05-27T22:19:37 IST" name="clickReturn" finished-at="2022-05-27T22:19:37 IST" duration-ms="0" status="SKIP">
          <exception class="org.openqa.selenium.SessionNotCreatedException">
            <message>
              <![CDATA[session not created: This version of ChromeDriver only supports Chrome version 98
Current browser version is 101.0.4951.67 with binary path C:\Users\tanugupta02\AppData\Local\Google\Chrome\Application\chrome.exe
Build info: version: '3.141.59', revision: 'e82be7d358', time: '2018-11-14T08:17:03'
System info: host: 'IN-PG02P5S6', ip: '192.168.1.5', os.name: 'Windows 10', os.arch: 'amd64', os.version: '10.0', java.version: '11.0.1'
Driver info: driver.version: ChromeDriver
remote stacktrace: Backtrace:
Ordinal0 [0x00C169A3+2582947]
Ordinal0 [0x00BAA6D1+2139857]
Ordinal0 [0x00AA3A98+1063576]
Ordinal0 [0x00AC33B8+1192888]
Ordinal0 [0x00ABF235+1176117]
Ordinal0 [0x00ABC9E1+1165793]
Ordinal0 [0x00AECFFF+1363967]
Ordinal0 [0x00AECC2A+1362986]
Ordinal0 [0x00AE8366+1344358]
Ordinal0 [0x00AC5176+1200502]
Ordinal0 [0x00AC6066+1204326]
GetHandleVerifier [0x00DBBE02+1675858]
GetHandleVerifier [0x00E7036C+2414524]
GetHandleVerifier [0x00CABB01+560977]
GetHandleVerifier [0x00CAA8D3+556323]
Ordinal0 [0x00BB020E+2163214]
Ordinal0 [0x00BB5078+2183288]
Ordinal0 [0x00BB51C0+2183616]
Ordinal0 [0x00BBEE1C+2223644]
BaseThreadInitThunk [0x75736739+25]
RtlGetFullPathName_UEx [0x771B8FEF+1215]
RtlGetFullPathName_UEx [0x771B8FBD+1165]
]]>
            </message>
            <full-stacktrace>
              <![CDATA[org.openqa.selenium.SessionNotCreatedException: session not created: This version of ChromeDriver only supports Chrome version 98
Current browser version is 101.0.4951.67 with binary path C:\Users\tanugupta02\AppData\Local\Google\Chrome\Application\chrome.exe
Build info: version: '3.141.59', revision: 'e82be7d358', time: '2018-11-14T08:17:03'
System info: host: 'IN-PG02P5S6', ip: '192.168.1.5', os.name: 'Windows 10', os.arch: 'amd64', os.version: '10.0', java.version: '11.0.1'
Driver info: driver.version: ChromeDriver
remote stacktrace: Backtrace:
Ordinal0 [0x00C169A3+2582947]
Ordinal0 [0x00BAA6D1+2139857]
Ordinal0 [0x00AA3A98+1063576]
Ordinal0 [0x00AC33B8+1192888]
Ordinal0 [0x00ABF235+1176117]
Ordinal0 [0x00ABC9E1+1165793]
Ordinal0 [0x00AECFFF+1363967]
Ordinal0 [0x00AECC2A+1362986]
Ordinal0 [0x00AE8366+1344358]
Ordinal0 [0x00AC5176+1200502]
Ordinal0 [0x00AC6066+1204326]
GetHandleVerifier [0x00DBBE02+1675858]
GetHandleVerifier [0x00E7036C+2414524]
GetHandleVerifier [0x00CABB01+560977]
GetHandleVerifier [0x00CAA8D3+556323]
Ordinal0 [0x00BB020E+2163214]
Ordinal0 [0x00BB5078+2183288]
Ordinal0 [0x00BB51C0+2183616]
Ordinal0 [0x00BBEE1C+2223644]
BaseThreadInitThunk [0x75736739+25]
RtlGetFullPathName_UEx [0x771B8FEF+1215]
RtlGetFullPathName_UEx [0x771B8FBD+1165]

at java.base/jdk.internal.reflect.NativeConstructorAccessorImpl.newInstance0(Native Method)
at java.base/jdk.internal.reflect.NativeConstructorAccessorImpl.newInstance(NativeConstructorAccessorImpl.java:62)
at java.base/jdk.internal.reflect.DelegatingConstructorAccessorImpl.newInstance(DelegatingConstructorAccessorImpl.java:45)
at java.base/java.lang.reflect.Constructor.newInstance(Constructor.java:490)
at org.openqa.selenium.remote.W3CHandshakeResponse.lambda$errorHandler$0(W3CHandshakeResponse.java:62)
at org.openqa.selenium.remote.HandshakeResponse.lambda$getResponseFunction$0(HandshakeResponse.java:30)
at org.openqa.selenium.remote.ProtocolHandshake.lambda$createSession$0(ProtocolHandshake.java:126)
at java.base/java.util.stream.ReferencePipeline$3$1.accept(ReferencePipeline.java:195)
at java.base/java.util.Spliterators$ArraySpliterator.tryAdvance(Spliterators.java:958)
at java.base/java.util.stream.ReferencePipeline.forEachWithCancel(ReferencePipeline.java:127)
at java.base/java.util.stream.AbstractPipeline.copyIntoWithCancel(AbstractPipeline.java:502)
at java.base/java.util.stream.AbstractPipeline.copyInto(AbstractPipeline.java:488)
at java.base/java.util.stream.AbstractPipeline.wrapAndCopyInto(AbstractPipeline.java:474)
at java.base/java.util.stream.FindOps$FindOp.evaluateSequential(FindOps.java:150)
at java.base/java.util.stream.AbstractPipeline.evaluate(AbstractPipeline.java:234)
at java.base/java.util.stream.ReferencePipeline.findFirst(ReferencePipeline.java:543)
at org.openqa.selenium.remote.ProtocolHandshake.createSession(ProtocolHandshake.java:128)
at org.openqa.selenium.remote.ProtocolHandshake.createSession(ProtocolHandshake.java:74)
at org.openqa.selenium.remote.HttpCommandExecutor.execute(HttpCommandExecutor.java:136)
at org.openqa.selenium.remote.service.DriverCommandExecutor.execute(DriverCommandExecutor.java:83)
at org.openqa.selenium.remote.RemoteWebDriver.execute(RemoteWebDriver.java:552)
at org.openqa.selenium.remote.RemoteWebDriver.startSession(RemoteWebDriver.java:213)
at org.openqa.selenium.remote.RemoteWebDriver.<init>(RemoteWebDriver.java:131)
at org.openqa.selenium.chrome.ChromeDriver.<init>(ChromeDriver.java:181)
at org.openqa.selenium.chrome.ChromeDriver.<init>(ChromeDriver.java:168)
at org.openqa.selenium.chrome.ChromeDriver.<init>(ChromeDriver.java:157)
at com.Selenium_assignment.tests.BaseTest.initializeWebDriver(BaseTest.java:85)
at java.base/jdk.internal.reflect.NativeMethodAccessorImpl.invoke0(Native Method)
at java.base/jdk.internal.reflect.NativeMethodAccessorImpl.invoke(NativeMethodAccessorImpl.java:62)
at java.base/jdk.internal.reflect.DelegatingMethodAccessorImpl.invoke(DelegatingMethodAccessorImpl.java:43)
at java.base/java.lang.reflect.Method.invoke(Method.java:566)
at org.testng.internal.MethodInvocationHelper.invokeMethod(MethodInvocationHelper.java:133)
at org.testng.internal.MethodInvocationHelper.invokeMethodConsideringTimeout(MethodInvocationHelper.java:62)
at org.testng.internal.ConfigInvoker.invokeConfigurationMethod(ConfigInvoker.java:385)
at org.testng.internal.ConfigInvoker.invokeConfigurations(ConfigInvoker.java:321)
at org.testng.SuiteRunner.privateRun(SuiteRunner.java:317)
at org.testng.SuiteRunner.run(SuiteRunner.java:276)
at org.testng.SuiteRunnerWorker.runSuite(SuiteRunnerWorker.java:53)
at org.testng.SuiteRunnerWorker.run(SuiteRunnerWorker.java:96)
at org.testng.TestNG.runSuitesSequentially(TestNG.java:1212)
at org.testng.TestNG.runSuitesLocally(TestNG.java:1134)
at org.testng.TestNG.runSuites(TestNG.java:1063)
at org.testng.TestNG.run(TestNG.java:1031)
at org.testng.remote.AbstractRemoteTestNG.run(AbstractRemoteTestNG.java:115)
at org.testng.remote.RemoteTestNG.initAndRun(RemoteTestNG.java:251)
at org.testng.remote.RemoteTestNG.main(RemoteTestNG.java:77)
]]>
            </full-stacktrace>
          </exception> <!-- org.openqa.selenium.SessionNotCreatedException -->
          <reporter-output>
          </reporter-output>
        </test-method> <!-- clickReturn -->
        <test-method is-config="true" signature="openurl()[pri:0, instance:com.Selenium_assignment.tests.HomePageTest@2f217633]" started-at="2022-05-27T22:19:37 IST" name="openurl" finished-at="1970-01-01T05:30:00 IST" duration-ms="-1653670177339" status="SKIP">
          <reporter-output>
          </reporter-output>
        </test-method> <!-- openurl -->
        <test-method is-config="true" signature="endTest()[pri:0, instance:com.Selenium_assignment.tests.HomePageTest@2f217633]" started-at="2022-05-27T22:19:37 IST" name="endTest" finished-at="1970-01-01T05:30:00 IST" duration-ms="-1653670177343" status="SKIP">
          <reporter-output>
          </reporter-output>
        </test-method> <!-- endTest -->
        <test-method is-config="true" signature="attachScreenshot(org.testng.ITestResult)[pri:0, instance:com.Selenium_assignment.tests.HomePageTest@2f217633]" started-at="2022-05-27T22:19:37 IST" name="attachScreenshot" finished-at="1970-01-01T05:30:00 IST" duration-ms="-1653670177343" status="SKIP">
          <reporter-output>
          </reporter-output>
        </test-method> <!-- attachScreenshot -->
        <test-method is-config="true" signature="openurl()[pri:0, instance:com.Selenium_assignment.tests.HomePageTest@2f217633]" started-at="2022-05-27T22:19:37 IST" name="openurl" finished-at="1970-01-01T05:30:00 IST" duration-ms="-1653670177344" status="SKIP">
          <reporter-output>
          </reporter-output>
        </test-method> <!-- openurl -->
        <test-method signature="chooseFashion()[pri:4, instance:com.Selenium_assignment.tests.HomePageTest@2f217633]" started-at="2022-05-27T22:19:37 IST" name="chooseFashion" finished-at="2022-05-27T22:19:37 IST" duration-ms="2" status="SKIP">
          <exception class="org.openqa.selenium.SessionNotCreatedException">
            <message>
              <![CDATA[session not created: This version of ChromeDriver only supports Chrome version 98
Current browser version is 101.0.4951.67 with binary path C:\Users\tanugupta02\AppData\Local\Google\Chrome\Application\chrome.exe
Build info: version: '3.141.59', revision: 'e82be7d358', time: '2018-11-14T08:17:03'
System info: host: 'IN-PG02P5S6', ip: '192.168.1.5', os.name: 'Windows 10', os.arch: 'amd64', os.version: '10.0', java.version: '11.0.1'
Driver info: driver.version: ChromeDriver
remote stacktrace: Backtrace:
Ordinal0 [0x00C169A3+2582947]
Ordinal0 [0x00BAA6D1+2139857]
Ordinal0 [0x00AA3A98+1063576]
Ordinal0 [0x00AC33B8+1192888]
Ordinal0 [0x00ABF235+1176117]
Ordinal0 [0x00ABC9E1+1165793]
Ordinal0 [0x00AECFFF+1363967]
Ordinal0 [0x00AECC2A+1362986]
Ordinal0 [0x00AE8366+1344358]
Ordinal0 [0x00AC5176+1200502]
Ordinal0 [0x00AC6066+1204326]
GetHandleVerifier [0x00DBBE02+1675858]
GetHandleVerifier [0x00E7036C+2414524]
GetHandleVerifier [0x00CABB01+560977]
GetHandleVerifier [0x00CAA8D3+556323]
Ordinal0 [0x00BB020E+2163214]
Ordinal0 [0x00BB5078+2183288]
Ordinal0 [0x00BB51C0+2183616]
Ordinal0 [0x00BBEE1C+2223644]
BaseThreadInitThunk [0x75736739+25]
RtlGetFullPathName_UEx [0x771B8FEF+1215]
RtlGetFullPathName_UEx [0x771B8FBD+1165]
]]>
            </message>
            <full-stacktrace>
              <![CDATA[org.openqa.selenium.SessionNotCreatedException: session not created: This version of ChromeDriver only supports Chrome version 98
Current browser version is 101.0.4951.67 with binary path C:\Users\tanugupta02\AppData\Local\Google\Chrome\Application\chrome.exe
Build info: version: '3.141.59', revision: 'e82be7d358', time: '2018-11-14T08:17:03'
System info: host: 'IN-PG02P5S6', ip: '192.168.1.5', os.name: 'Windows 10', os.arch: 'amd64', os.version: '10.0', java.version: '11.0.1'
Driver info: driver.version: ChromeDriver
remote stacktrace: Backtrace:
Ordinal0 [0x00C169A3+2582947]
Ordinal0 [0x00BAA6D1+2139857]
Ordinal0 [0x00AA3A98+1063576]
Ordinal0 [0x00AC33B8+1192888]
Ordinal0 [0x00ABF235+1176117]
Ordinal0 [0x00ABC9E1+1165793]
Ordinal0 [0x00AECFFF+1363967]
Ordinal0 [0x00AECC2A+1362986]
Ordinal0 [0x00AE8366+1344358]
Ordinal0 [0x00AC5176+1200502]
Ordinal0 [0x00AC6066+1204326]
GetHandleVerifier [0x00DBBE02+1675858]
GetHandleVerifier [0x00E7036C+2414524]
GetHandleVerifier [0x00CABB01+560977]
GetHandleVerifier [0x00CAA8D3+556323]
Ordinal0 [0x00BB020E+2163214]
Ordinal0 [0x00BB5078+2183288]
Ordinal0 [0x00BB51C0+2183616]
Ordinal0 [0x00BBEE1C+2223644]
BaseThreadInitThunk [0x75736739+25]
RtlGetFullPathName_UEx [0x771B8FEF+1215]
RtlGetFullPathName_UEx [0x771B8FBD+1165]

at java.base/jdk.internal.reflect.NativeConstructorAccessorImpl.newInstance0(Native Method)
at java.base/jdk.internal.reflect.NativeConstructorAccessorImpl.newInstance(NativeConstructorAccessorImpl.java:62)
at java.base/jdk.internal.reflect.DelegatingConstructorAccessorImpl.newInstance(DelegatingConstructorAccessorImpl.java:45)
at java.base/java.lang.reflect.Constructor.newInstance(Constructor.java:490)
at org.openqa.selenium.remote.W3CHandshakeResponse.lambda$errorHandler$0(W3CHandshakeResponse.java:62)
at org.openqa.selenium.remote.HandshakeResponse.lambda$getResponseFunction$0(HandshakeResponse.java:30)
at org.openqa.selenium.remote.ProtocolHandshake.lambda$createSession$0(ProtocolHandshake.java:126)
at java.base/java.util.stream.ReferencePipeline$3$1.accept(ReferencePipeline.java:195)
at java.base/java.util.Spliterators$ArraySpliterator.tryAdvance(Spliterators.java:958)
at java.base/java.util.stream.ReferencePipeline.forEachWithCancel(ReferencePipeline.java:127)
at java.base/java.util.stream.AbstractPipeline.copyIntoWithCancel(AbstractPipeline.java:502)
at java.base/java.util.stream.AbstractPipeline.copyInto(AbstractPipeline.java:488)
at java.base/java.util.stream.AbstractPipeline.wrapAndCopyInto(AbstractPipeline.java:474)
at java.base/java.util.stream.FindOps$FindOp.evaluateSequential(FindOps.java:150)
at java.base/java.util.stream.AbstractPipeline.evaluate(AbstractPipeline.java:234)
at java.base/java.util.stream.ReferencePipeline.findFirst(ReferencePipeline.java:543)
at org.openqa.selenium.remote.ProtocolHandshake.createSession(ProtocolHandshake.java:128)
at org.openqa.selenium.remote.ProtocolHandshake.createSession(ProtocolHandshake.java:74)
at org.openqa.selenium.remote.HttpCommandExecutor.execute(HttpCommandExecutor.java:136)
at org.openqa.selenium.remote.service.DriverCommandExecutor.execute(DriverCommandExecutor.java:83)
at org.openqa.selenium.remote.RemoteWebDriver.execute(RemoteWebDriver.java:552)
at org.openqa.selenium.remote.RemoteWebDriver.startSession(RemoteWebDriver.java:213)
at org.openqa.selenium.remote.RemoteWebDriver.<init>(RemoteWebDriver.java:131)
at org.openqa.selenium.chrome.ChromeDriver.<init>(ChromeDriver.java:181)
at org.openqa.selenium.chrome.ChromeDriver.<init>(ChromeDriver.java:168)
at org.openqa.selenium.chrome.ChromeDriver.<init>(ChromeDriver.java:157)
at com.Selenium_assignment.tests.BaseTest.initializeWebDriver(BaseTest.java:85)
at java.base/jdk.internal.reflect.NativeMethodAccessorImpl.invoke0(Native Method)
at java.base/jdk.internal.reflect.NativeMethodAccessorImpl.invoke(NativeMethodAccessorImpl.java:62)
at java.base/jdk.internal.reflect.DelegatingMethodAccessorImpl.invoke(DelegatingMethodAccessorImpl.java:43)
at java.base/java.lang.reflect.Method.invoke(Method.java:566)
at org.testng.internal.MethodInvocationHelper.invokeMethod(MethodInvocationHelper.java:133)
at org.testng.internal.MethodInvocationHelper.invokeMethodConsideringTimeout(MethodInvocationHelper.java:62)
at org.testng.internal.ConfigInvoker.invokeConfigurationMethod(ConfigInvoker.java:385)
at org.testng.internal.ConfigInvoker.invokeConfigurations(ConfigInvoker.java:321)
at org.testng.SuiteRunner.privateRun(SuiteRunner.java:317)
at org.testng.SuiteRunner.run(SuiteRunner.java:276)
at org.testng.SuiteRunnerWorker.runSuite(SuiteRunnerWorker.java:53)
at org.testng.SuiteRunnerWorker.run(SuiteRunnerWorker.java:96)
at org.testng.TestNG.runSuitesSequentially(TestNG.java:1212)
at org.testng.TestNG.runSuitesLocally(TestNG.java:1134)
at org.testng.TestNG.runSuites(TestNG.java:1063)
at org.testng.TestNG.run(TestNG.java:1031)
at org.testng.remote.AbstractRemoteTestNG.run(AbstractRemoteTestNG.java:115)
at org.testng.remote.RemoteTestNG.initAndRun(RemoteTestNG.java:251)
at org.testng.remote.RemoteTestNG.main(RemoteTestNG.java:77)
]]>
            </full-stacktrace>
          </exception> <!-- org.openqa.selenium.SessionNotCreatedException -->
          <reporter-output>
          </reporter-output>
        </test-method> <!-- chooseFashion -->
        <test-method is-config="true" signature="attachScreenshot(org.testng.ITestResult)[pri:0, instance:com.Selenium_assignment.tests.HomePageTest@2f217633]" started-at="2022-05-27T22:19:37 IST" name="attachScreenshot" finished-at="1970-01-01T05:30:00 IST" duration-ms="-1653670177352" status="SKIP">
          <reporter-output>
          </reporter-output>
        </test-method> <!-- attachScreenshot -->
        <test-method is-config="true" signature="endTest()[pri:0, instance:com.Selenium_assignment.tests.HomePageTest@2f217633]" started-at="2022-05-27T22:19:37 IST" name="endTest" finished-at="1970-01-01T05:30:00 IST" duration-ms="-1653670177354" status="SKIP">
          <reporter-output>
          </reporter-output>
        </test-method> <!-- endTest -->
        <test-method is-config="true" signature="closeBrowser()[pri:0, instance:com.Selenium_assignment.tests.HomePageTest@2f217633]" started-at="2022-05-27T22:19:37 IST" name="closeBrowser" finished-at="1970-01-01T05:30:00 IST" duration-ms="-1653670177539" status="SKIP">
          <reporter-output>
          </reporter-output>
        </test-method> <!-- closeBrowser -->
        <test-method is-config="true" signature="endReport()[pri:0, instance:com.Selenium_assignment.tests.HomePageTest@2f217633]" started-at="2022-05-27T22:19:37 IST" name="endReport" finished-at="1970-01-01T05:30:00 IST" duration-ms="-1653670177540" status="SKIP">
          <reporter-output>
          </reporter-output>
        </test-method> <!-- endReport -->
      </class> <!-- com.Selenium_assignment.tests.HomePageTest -->
      <class name="com.Selenium_assignment.tests.ChooseLanguageTest">
        <test-method is-config="true" signature="openurl()[pri:0, instance:com.Selenium_assignment.tests.ChooseLanguageTest@543588e6]" started-at="2022-05-27T22:19:37 IST" name="openurl" finished-at="1970-01-01T05:30:00 IST" duration-ms="-1653670177427" status="SKIP">
          <reporter-output>
          </reporter-output>
        </test-method> <!-- openurl -->
        <test-method signature="ChooseHindiLanguage()[pri:15, instance:com.Selenium_assignment.tests.ChooseLanguageTest@543588e6]" started-at="2022-05-27T22:19:37 IST" name="ChooseHindiLanguage" finished-at="2022-05-27T22:19:37 IST" duration-ms="0" status="SKIP">
          <exception class="org.openqa.selenium.SessionNotCreatedException">
            <message>
              <![CDATA[session not created: This version of ChromeDriver only supports Chrome version 98
Current browser version is 101.0.4951.67 with binary path C:\Users\tanugupta02\AppData\Local\Google\Chrome\Application\chrome.exe
Build info: version: '3.141.59', revision: 'e82be7d358', time: '2018-11-14T08:17:03'
System info: host: 'IN-PG02P5S6', ip: '192.168.1.5', os.name: 'Windows 10', os.arch: 'amd64', os.version: '10.0', java.version: '11.0.1'
Driver info: driver.version: ChromeDriver
remote stacktrace: Backtrace:
Ordinal0 [0x00C169A3+2582947]
Ordinal0 [0x00BAA6D1+2139857]
Ordinal0 [0x00AA3A98+1063576]
Ordinal0 [0x00AC33B8+1192888]
Ordinal0 [0x00ABF235+1176117]
Ordinal0 [0x00ABC9E1+1165793]
Ordinal0 [0x00AECFFF+1363967]
Ordinal0 [0x00AECC2A+1362986]
Ordinal0 [0x00AE8366+1344358]
Ordinal0 [0x00AC5176+1200502]
Ordinal0 [0x00AC6066+1204326]
GetHandleVerifier [0x00DBBE02+1675858]
GetHandleVerifier [0x00E7036C+2414524]
GetHandleVerifier [0x00CABB01+560977]
GetHandleVerifier [0x00CAA8D3+556323]
Ordinal0 [0x00BB020E+2163214]
Ordinal0 [0x00BB5078+2183288]
Ordinal0 [0x00BB51C0+2183616]
Ordinal0 [0x00BBEE1C+2223644]
BaseThreadInitThunk [0x75736739+25]
RtlGetFullPathName_UEx [0x771B8FEF+1215]
RtlGetFullPathName_UEx [0x771B8FBD+1165]
]]>
            </message>
            <full-stacktrace>
              <![CDATA[org.openqa.selenium.SessionNotCreatedException: session not created: This version of ChromeDriver only supports Chrome version 98
Current browser version is 101.0.4951.67 with binary path C:\Users\tanugupta02\AppData\Local\Google\Chrome\Application\chrome.exe
Build info: version: '3.141.59', revision: 'e82be7d358', time: '2018-11-14T08:17:03'
System info: host: 'IN-PG02P5S6', ip: '192.168.1.5', os.name: 'Windows 10', os.arch: 'amd64', os.version: '10.0', java.version: '11.0.1'
Driver info: driver.version: ChromeDriver
remote stacktrace: Backtrace:
Ordinal0 [0x00C169A3+2582947]
Ordinal0 [0x00BAA6D1+2139857]
Ordinal0 [0x00AA3A98+1063576]
Ordinal0 [0x00AC33B8+1192888]
Ordinal0 [0x00ABF235+1176117]
Ordinal0 [0x00ABC9E1+1165793]
Ordinal0 [0x00AECFFF+1363967]
Ordinal0 [0x00AECC2A+1362986]
Ordinal0 [0x00AE8366+1344358]
Ordinal0 [0x00AC5176+1200502]
Ordinal0 [0x00AC6066+1204326]
GetHandleVerifier [0x00DBBE02+1675858]
GetHandleVerifier [0x00E7036C+2414524]
GetHandleVerifier [0x00CABB01+560977]
GetHandleVerifier [0x00CAA8D3+556323]
Ordinal0 [0x00BB020E+2163214]
Ordinal0 [0x00BB5078+2183288]
Ordinal0 [0x00BB51C0+2183616]
Ordinal0 [0x00BBEE1C+2223644]
BaseThreadInitThunk [0x75736739+25]
RtlGetFullPathName_UEx [0x771B8FEF+1215]
RtlGetFullPathName_UEx [0x771B8FBD+1165]

at java.base/jdk.internal.reflect.NativeConstructorAccessorImpl.newInstance0(Native Method)
at java.base/jdk.internal.reflect.NativeConstructorAccessorImpl.newInstance(NativeConstructorAccessorImpl.java:62)
at java.base/jdk.internal.reflect.DelegatingConstructorAccessorImpl.newInstance(DelegatingConstructorAccessorImpl.java:45)
at java.base/java.lang.reflect.Constructor.newInstance(Constructor.java:490)
at org.openqa.selenium.remote.W3CHandshakeResponse.lambda$errorHandler$0(W3CHandshakeResponse.java:62)
at org.openqa.selenium.remote.HandshakeResponse.lambda$getResponseFunction$0(HandshakeResponse.java:30)
at org.openqa.selenium.remote.ProtocolHandshake.lambda$createSession$0(ProtocolHandshake.java:126)
at java.base/java.util.stream.ReferencePipeline$3$1.accept(ReferencePipeline.java:195)
at java.base/java.util.Spliterators$ArraySpliterator.tryAdvance(Spliterators.java:958)
at java.base/java.util.stream.ReferencePipeline.forEachWithCancel(ReferencePipeline.java:127)
at java.base/java.util.stream.AbstractPipeline.copyIntoWithCancel(AbstractPipeline.java:502)
at java.base/java.util.stream.AbstractPipeline.copyInto(AbstractPipeline.java:488)
at java.base/java.util.stream.AbstractPipeline.wrapAndCopyInto(AbstractPipeline.java:474)
at java.base/java.util.stream.FindOps$FindOp.evaluateSequential(FindOps.java:150)
at java.base/java.util.stream.AbstractPipeline.evaluate(AbstractPipeline.java:234)
at java.base/java.util.stream.ReferencePipeline.findFirst(ReferencePipeline.java:543)
at org.openqa.selenium.remote.ProtocolHandshake.createSession(ProtocolHandshake.java:128)
at org.openqa.selenium.remote.ProtocolHandshake.createSession(ProtocolHandshake.java:74)
at org.openqa.selenium.remote.HttpCommandExecutor.execute(HttpCommandExecutor.java:136)
at org.openqa.selenium.remote.service.DriverCommandExecutor.execute(DriverCommandExecutor.java:83)
at org.openqa.selenium.remote.RemoteWebDriver.execute(RemoteWebDriver.java:552)
at org.openqa.selenium.remote.RemoteWebDriver.startSession(RemoteWebDriver.java:213)
at org.openqa.selenium.remote.RemoteWebDriver.<init>(RemoteWebDriver.java:131)
at org.openqa.selenium.chrome.ChromeDriver.<init>(ChromeDriver.java:181)
at org.openqa.selenium.chrome.ChromeDriver.<init>(ChromeDriver.java:168)
at org.openqa.selenium.chrome.ChromeDriver.<init>(ChromeDriver.java:157)
at com.Selenium_assignment.tests.BaseTest.initializeWebDriver(BaseTest.java:85)
at java.base/jdk.internal.reflect.NativeMethodAccessorImpl.invoke0(Native Method)
at java.base/jdk.internal.reflect.NativeMethodAccessorImpl.invoke(NativeMethodAccessorImpl.java:62)
at java.base/jdk.internal.reflect.DelegatingMethodAccessorImpl.invoke(DelegatingMethodAccessorImpl.java:43)
at java.base/java.lang.reflect.Method.invoke(Method.java:566)
at org.testng.internal.MethodInvocationHelper.invokeMethod(MethodInvocationHelper.java:133)
at org.testng.internal.MethodInvocationHelper.invokeMethodConsideringTimeout(MethodInvocationHelper.java:62)
at org.testng.internal.ConfigInvoker.invokeConfigurationMethod(ConfigInvoker.java:385)
at org.testng.internal.ConfigInvoker.invokeConfigurations(ConfigInvoker.java:321)
at org.testng.SuiteRunner.privateRun(SuiteRunner.java:317)
at org.testng.SuiteRunner.run(SuiteRunner.java:276)
at org.testng.SuiteRunnerWorker.runSuite(SuiteRunnerWorker.java:53)
at org.testng.SuiteRunnerWorker.run(SuiteRunnerWorker.java:96)
at org.testng.TestNG.runSuitesSequentially(TestNG.java:1212)
at org.testng.TestNG.runSuitesLocally(TestNG.java:1134)
at org.testng.TestNG.runSuites(TestNG.java:1063)
at org.testng.TestNG.run(TestNG.java:1031)
at org.testng.remote.AbstractRemoteTestNG.run(AbstractRemoteTestNG.java:115)
at org.testng.remote.RemoteTestNG.initAndRun(RemoteTestNG.java:251)
at org.testng.remote.RemoteTestNG.main(RemoteTestNG.java:77)
]]>
            </full-stacktrace>
          </exception> <!-- org.openqa.selenium.SessionNotCreatedException -->
          <reporter-output>
          </reporter-output>
        </test-method> <!-- ChooseHindiLanguage -->
        <test-method is-config="true" signature="attachScreenshot(org.testng.ITestResult)[pri:0, instance:com.Selenium_assignment.tests.ChooseLanguageTest@543588e6]" started-at="2022-05-27T22:19:37 IST" name="attachScreenshot" finished-at="1970-01-01T05:30:00 IST" duration-ms="-1653670177432" status="SKIP">
          <reporter-output>
          </reporter-output>
        </test-method> <!-- attachScreenshot -->
        <test-method is-config="true" signature="endTest()[pri:0, instance:com.Selenium_assignment.tests.ChooseLanguageTest@543588e6]" started-at="2022-05-27T22:19:37 IST" name="endTest" finished-at="1970-01-01T05:30:00 IST" duration-ms="-1653670177432" status="SKIP">
          <reporter-output>
          </reporter-output>
        </test-method> <!-- endTest -->
        <test-method signature="ChooseEnglishLanguage()[pri:16, instance:com.Selenium_assignment.tests.ChooseLanguageTest@543588e6]" started-at="2022-05-27T22:19:37 IST" name="ChooseEnglishLanguage" finished-at="2022-05-27T22:19:37 IST" duration-ms="0" status="SKIP">
          <exception class="org.openqa.selenium.SessionNotCreatedException">
            <message>
              <![CDATA[session not created: This version of ChromeDriver only supports Chrome version 98
Current browser version is 101.0.4951.67 with binary path C:\Users\tanugupta02\AppData\Local\Google\Chrome\Application\chrome.exe
Build info: version: '3.141.59', revision: 'e82be7d358', time: '2018-11-14T08:17:03'
System info: host: 'IN-PG02P5S6', ip: '192.168.1.5', os.name: 'Windows 10', os.arch: 'amd64', os.version: '10.0', java.version: '11.0.1'
Driver info: driver.version: ChromeDriver
remote stacktrace: Backtrace:
Ordinal0 [0x00C169A3+2582947]
Ordinal0 [0x00BAA6D1+2139857]
Ordinal0 [0x00AA3A98+1063576]
Ordinal0 [0x00AC33B8+1192888]
Ordinal0 [0x00ABF235+1176117]
Ordinal0 [0x00ABC9E1+1165793]
Ordinal0 [0x00AECFFF+1363967]
Ordinal0 [0x00AECC2A+1362986]
Ordinal0 [0x00AE8366+1344358]
Ordinal0 [0x00AC5176+1200502]
Ordinal0 [0x00AC6066+1204326]
GetHandleVerifier [0x00DBBE02+1675858]
GetHandleVerifier [0x00E7036C+2414524]
GetHandleVerifier [0x00CABB01+560977]
GetHandleVerifier [0x00CAA8D3+556323]
Ordinal0 [0x00BB020E+2163214]
Ordinal0 [0x00BB5078+2183288]
Ordinal0 [0x00BB51C0+2183616]
Ordinal0 [0x00BBEE1C+2223644]
BaseThreadInitThunk [0x75736739+25]
RtlGetFullPathName_UEx [0x771B8FEF+1215]
RtlGetFullPathName_UEx [0x771B8FBD+1165]
]]>
            </message>
            <full-stacktrace>
              <![CDATA[org.openqa.selenium.SessionNotCreatedException: session not created: This version of ChromeDriver only supports Chrome version 98
Current browser version is 101.0.4951.67 with binary path C:\Users\tanugupta02\AppData\Local\Google\Chrome\Application\chrome.exe
Build info: version: '3.141.59', revision: 'e82be7d358', time: '2018-11-14T08:17:03'
System info: host: 'IN-PG02P5S6', ip: '192.168.1.5', os.name: 'Windows 10', os.arch: 'amd64', os.version: '10.0', java.version: '11.0.1'
Driver info: driver.version: ChromeDriver
remote stacktrace: Backtrace:
Ordinal0 [0x00C169A3+2582947]
Ordinal0 [0x00BAA6D1+2139857]
Ordinal0 [0x00AA3A98+1063576]
Ordinal0 [0x00AC33B8+1192888]
Ordinal0 [0x00ABF235+1176117]
Ordinal0 [0x00ABC9E1+1165793]
Ordinal0 [0x00AECFFF+1363967]
Ordinal0 [0x00AECC2A+1362986]
Ordinal0 [0x00AE8366+1344358]
Ordinal0 [0x00AC5176+1200502]
Ordinal0 [0x00AC6066+1204326]
GetHandleVerifier [0x00DBBE02+1675858]
GetHandleVerifier [0x00E7036C+2414524]
GetHandleVerifier [0x00CABB01+560977]
GetHandleVerifier [0x00CAA8D3+556323]
Ordinal0 [0x00BB020E+2163214]
Ordinal0 [0x00BB5078+2183288]
Ordinal0 [0x00BB51C0+2183616]
Ordinal0 [0x00BBEE1C+2223644]
BaseThreadInitThunk [0x75736739+25]
RtlGetFullPathName_UEx [0x771B8FEF+1215]
RtlGetFullPathName_UEx [0x771B8FBD+1165]

at java.base/jdk.internal.reflect.NativeConstructorAccessorImpl.newInstance0(Native Method)
at java.base/jdk.internal.reflect.NativeConstructorAccessorImpl.newInstance(NativeConstructorAccessorImpl.java:62)
at java.base/jdk.internal.reflect.DelegatingConstructorAccessorImpl.newInstance(DelegatingConstructorAccessorImpl.java:45)
at java.base/java.lang.reflect.Constructor.newInstance(Constructor.java:490)
at org.openqa.selenium.remote.W3CHandshakeResponse.lambda$errorHandler$0(W3CHandshakeResponse.java:62)
at org.openqa.selenium.remote.HandshakeResponse.lambda$getResponseFunction$0(HandshakeResponse.java:30)
at org.openqa.selenium.remote.ProtocolHandshake.lambda$createSession$0(ProtocolHandshake.java:126)
at java.base/java.util.stream.ReferencePipeline$3$1.accept(ReferencePipeline.java:195)
at java.base/java.util.Spliterators$ArraySpliterator.tryAdvance(Spliterators.java:958)
at java.base/java.util.stream.ReferencePipeline.forEachWithCancel(ReferencePipeline.java:127)
at java.base/java.util.stream.AbstractPipeline.copyIntoWithCancel(AbstractPipeline.java:502)
at java.base/java.util.stream.AbstractPipeline.copyInto(AbstractPipeline.java:488)
at java.base/java.util.stream.AbstractPipeline.wrapAndCopyInto(AbstractPipeline.java:474)
at java.base/java.util.stream.FindOps$FindOp.evaluateSequential(FindOps.java:150)
at java.base/java.util.stream.AbstractPipeline.evaluate(AbstractPipeline.java:234)
at java.base/java.util.stream.ReferencePipeline.findFirst(ReferencePipeline.java:543)
at org.openqa.selenium.remote.ProtocolHandshake.createSession(ProtocolHandshake.java:128)
at org.openqa.selenium.remote.ProtocolHandshake.createSession(ProtocolHandshake.java:74)
at org.openqa.selenium.remote.HttpCommandExecutor.execute(HttpCommandExecutor.java:136)
at org.openqa.selenium.remote.service.DriverCommandExecutor.execute(DriverCommandExecutor.java:83)
at org.openqa.selenium.remote.RemoteWebDriver.execute(RemoteWebDriver.java:552)
at org.openqa.selenium.remote.RemoteWebDriver.startSession(RemoteWebDriver.java:213)
at org.openqa.selenium.remote.RemoteWebDriver.<init>(RemoteWebDriver.java:131)
at org.openqa.selenium.chrome.ChromeDriver.<init>(ChromeDriver.java:181)
at org.openqa.selenium.chrome.ChromeDriver.<init>(ChromeDriver.java:168)
at org.openqa.selenium.chrome.ChromeDriver.<init>(ChromeDriver.java:157)
at com.Selenium_assignment.tests.BaseTest.initializeWebDriver(BaseTest.java:85)
at java.base/jdk.internal.reflect.NativeMethodAccessorImpl.invoke0(Native Method)
at java.base/jdk.internal.reflect.NativeMethodAccessorImpl.invoke(NativeMethodAccessorImpl.java:62)
at java.base/jdk.internal.reflect.DelegatingMethodAccessorImpl.invoke(DelegatingMethodAccessorImpl.java:43)
at java.base/java.lang.reflect.Method.invoke(Method.java:566)
at org.testng.internal.MethodInvocationHelper.invokeMethod(MethodInvocationHelper.java:133)
at org.testng.internal.MethodInvocationHelper.invokeMethodConsideringTimeout(MethodInvocationHelper.java:62)
at org.testng.internal.ConfigInvoker.invokeConfigurationMethod(ConfigInvoker.java:385)
at org.testng.internal.ConfigInvoker.invokeConfigurations(ConfigInvoker.java:321)
at org.testng.SuiteRunner.privateRun(SuiteRunner.java:317)
at org.testng.SuiteRunner.run(SuiteRunner.java:276)
at org.testng.SuiteRunnerWorker.runSuite(SuiteRunnerWorker.java:53)
at org.testng.SuiteRunnerWorker.run(SuiteRunnerWorker.java:96)
at org.testng.TestNG.runSuitesSequentially(TestNG.java:1212)
at org.testng.TestNG.runSuitesLocally(TestNG.java:1134)
at org.testng.TestNG.runSuites(TestNG.java:1063)
at org.testng.TestNG.run(TestNG.java:1031)
at org.testng.remote.AbstractRemoteTestNG.run(AbstractRemoteTestNG.java:115)
at org.testng.remote.RemoteTestNG.initAndRun(RemoteTestNG.java:251)
at org.testng.remote.RemoteTestNG.main(RemoteTestNG.java:77)
]]>
            </full-stacktrace>
          </exception> <!-- org.openqa.selenium.SessionNotCreatedException -->
          <reporter-output>
          </reporter-output>
        </test-method> <!-- ChooseEnglishLanguage -->
        <test-method is-config="true" signature="openurl()[pri:0, instance:com.Selenium_assignment.tests.ChooseLanguageTest@543588e6]" started-at="2022-05-27T22:19:37 IST" name="openurl" finished-at="1970-01-01T05:30:00 IST" duration-ms="-1653670177434" status="SKIP">
          <reporter-output>
          </reporter-output>
        </test-method> <!-- openurl -->
        <test-method is-config="true" signature="attachScreenshot(org.testng.ITestResult)[pri:0, instance:com.Selenium_assignment.tests.ChooseLanguageTest@543588e6]" started-at="2022-05-27T22:19:37 IST" name="attachScreenshot" finished-at="1970-01-01T05:30:00 IST" duration-ms="-1653670177436" status="SKIP">
          <reporter-output>
          </reporter-output>
        </test-method> <!-- attachScreenshot -->
        <test-method is-config="true" signature="endTest()[pri:0, instance:com.Selenium_assignment.tests.ChooseLanguageTest@543588e6]" started-at="2022-05-27T22:19:37 IST" name="endTest" finished-at="1970-01-01T05:30:00 IST" duration-ms="-1653670177439" status="SKIP">
          <reporter-output>
          </reporter-output>
        </test-method> <!-- endTest -->
      </class> <!-- com.Selenium_assignment.tests.ChooseLanguageTest -->
      <class name="com.Selenium_assignment.tests.LoginPageTest">
        <test-method is-config="true" signature="openurl()[pri:0, instance:com.Selenium_assignment.tests.LoginPageTest@18d87d80]" started-at="2022-05-27T22:19:37 IST" name="openurl" finished-at="1970-01-01T05:30:00 IST" duration-ms="-1653670177365" status="SKIP">
          <reporter-output>
          </reporter-output>
        </test-method> <!-- openurl -->
        <test-method signature="LoginValidmailid()[pri:6, instance:com.Selenium_assignment.tests.LoginPageTest@18d87d80]" started-at="2022-05-27T22:19:37 IST" name="LoginValidmailid" finished-at="2022-05-27T22:19:37 IST" duration-ms="0" status="SKIP">
          <exception class="org.openqa.selenium.SessionNotCreatedException">
            <message>
              <![CDATA[session not created: This version of ChromeDriver only supports Chrome version 98
Current browser version is 101.0.4951.67 with binary path C:\Users\tanugupta02\AppData\Local\Google\Chrome\Application\chrome.exe
Build info: version: '3.141.59', revision: 'e82be7d358', time: '2018-11-14T08:17:03'
System info: host: 'IN-PG02P5S6', ip: '192.168.1.5', os.name: 'Windows 10', os.arch: 'amd64', os.version: '10.0', java.version: '11.0.1'
Driver info: driver.version: ChromeDriver
remote stacktrace: Backtrace:
Ordinal0 [0x00C169A3+2582947]
Ordinal0 [0x00BAA6D1+2139857]
Ordinal0 [0x00AA3A98+1063576]
Ordinal0 [0x00AC33B8+1192888]
Ordinal0 [0x00ABF235+1176117]
Ordinal0 [0x00ABC9E1+1165793]
Ordinal0 [0x00AECFFF+1363967]
Ordinal0 [0x00AECC2A+1362986]
Ordinal0 [0x00AE8366+1344358]
Ordinal0 [0x00AC5176+1200502]
Ordinal0 [0x00AC6066+1204326]
GetHandleVerifier [0x00DBBE02+1675858]
GetHandleVerifier [0x00E7036C+2414524]
GetHandleVerifier [0x00CABB01+560977]
GetHandleVerifier [0x00CAA8D3+556323]
Ordinal0 [0x00BB020E+2163214]
Ordinal0 [0x00BB5078+2183288]
Ordinal0 [0x00BB51C0+2183616]
Ordinal0 [0x00BBEE1C+2223644]
BaseThreadInitThunk [0x75736739+25]
RtlGetFullPathName_UEx [0x771B8FEF+1215]
RtlGetFullPathName_UEx [0x771B8FBD+1165]
]]>
            </message>
            <full-stacktrace>
              <![CDATA[org.openqa.selenium.SessionNotCreatedException: session not created: This version of ChromeDriver only supports Chrome version 98
Current browser version is 101.0.4951.67 with binary path C:\Users\tanugupta02\AppData\Local\Google\Chrome\Application\chrome.exe
Build info: version: '3.141.59', revision: 'e82be7d358', time: '2018-11-14T08:17:03'
System info: host: 'IN-PG02P5S6', ip: '192.168.1.5', os.name: 'Windows 10', os.arch: 'amd64', os.version: '10.0', java.version: '11.0.1'
Driver info: driver.version: ChromeDriver
remote stacktrace: Backtrace:
Ordinal0 [0x00C169A3+2582947]
Ordinal0 [0x00BAA6D1+2139857]
Ordinal0 [0x00AA3A98+1063576]
Ordinal0 [0x00AC33B8+1192888]
Ordinal0 [0x00ABF235+1176117]
Ordinal0 [0x00ABC9E1+1165793]
Ordinal0 [0x00AECFFF+1363967]
Ordinal0 [0x00AECC2A+1362986]
Ordinal0 [0x00AE8366+1344358]
Ordinal0 [0x00AC5176+1200502]
Ordinal0 [0x00AC6066+1204326]
GetHandleVerifier [0x00DBBE02+1675858]
GetHandleVerifier [0x00E7036C+2414524]
GetHandleVerifier [0x00CABB01+560977]
GetHandleVerifier [0x00CAA8D3+556323]
Ordinal0 [0x00BB020E+2163214]
Ordinal0 [0x00BB5078+2183288]
Ordinal0 [0x00BB51C0+2183616]
Ordinal0 [0x00BBEE1C+2223644]
BaseThreadInitThunk [0x75736739+25]
RtlGetFullPathName_UEx [0x771B8FEF+1215]
RtlGetFullPathName_UEx [0x771B8FBD+1165]

at java.base/jdk.internal.reflect.NativeConstructorAccessorImpl.newInstance0(Native Method)
at java.base/jdk.internal.reflect.NativeConstructorAccessorImpl.newInstance(NativeConstructorAccessorImpl.java:62)
at java.base/jdk.internal.reflect.DelegatingConstructorAccessorImpl.newInstance(DelegatingConstructorAccessorImpl.java:45)
at java.base/java.lang.reflect.Constructor.newInstance(Constructor.java:490)
at org.openqa.selenium.remote.W3CHandshakeResponse.lambda$errorHandler$0(W3CHandshakeResponse.java:62)
at org.openqa.selenium.remote.HandshakeResponse.lambda$getResponseFunction$0(HandshakeResponse.java:30)
at org.openqa.selenium.remote.ProtocolHandshake.lambda$createSession$0(ProtocolHandshake.java:126)
at java.base/java.util.stream.ReferencePipeline$3$1.accept(ReferencePipeline.java:195)
at java.base/java.util.Spliterators$ArraySpliterator.tryAdvance(Spliterators.java:958)
at java.base/java.util.stream.ReferencePipeline.forEachWithCancel(ReferencePipeline.java:127)
at java.base/java.util.stream.AbstractPipeline.copyIntoWithCancel(AbstractPipeline.java:502)
at java.base/java.util.stream.AbstractPipeline.copyInto(AbstractPipeline.java:488)
at java.base/java.util.stream.AbstractPipeline.wrapAndCopyInto(AbstractPipeline.java:474)
at java.base/java.util.stream.FindOps$FindOp.evaluateSequential(FindOps.java:150)
at java.base/java.util.stream.AbstractPipeline.evaluate(AbstractPipeline.java:234)
at java.base/java.util.stream.ReferencePipeline.findFirst(ReferencePipeline.java:543)
at org.openqa.selenium.remote.ProtocolHandshake.createSession(ProtocolHandshake.java:128)
at org.openqa.selenium.remote.ProtocolHandshake.createSession(ProtocolHandshake.java:74)
at org.openqa.selenium.remote.HttpCommandExecutor.execute(HttpCommandExecutor.java:136)
at org.openqa.selenium.remote.service.DriverCommandExecutor.execute(DriverCommandExecutor.java:83)
at org.openqa.selenium.remote.RemoteWebDriver.execute(RemoteWebDriver.java:552)
at org.openqa.selenium.remote.RemoteWebDriver.startSession(RemoteWebDriver.java:213)
at org.openqa.selenium.remote.RemoteWebDriver.<init>(RemoteWebDriver.java:131)
at org.openqa.selenium.chrome.ChromeDriver.<init>(ChromeDriver.java:181)
at org.openqa.selenium.chrome.ChromeDriver.<init>(ChromeDriver.java:168)
at org.openqa.selenium.chrome.ChromeDriver.<init>(ChromeDriver.java:157)
at com.Selenium_assignment.tests.BaseTest.initializeWebDriver(BaseTest.java:85)
at java.base/jdk.internal.reflect.NativeMethodAccessorImpl.invoke0(Native Method)
at java.base/jdk.internal.reflect.NativeMethodAccessorImpl.invoke(NativeMethodAccessorImpl.java:62)
at java.base/jdk.internal.reflect.DelegatingMethodAccessorImpl.invoke(DelegatingMethodAccessorImpl.java:43)
at java.base/java.lang.reflect.Method.invoke(Method.java:566)
at org.testng.internal.MethodInvocationHelper.invokeMethod(MethodInvocationHelper.java:133)
at org.testng.internal.MethodInvocationHelper.invokeMethodConsideringTimeout(MethodInvocationHelper.java:62)
at org.testng.internal.ConfigInvoker.invokeConfigurationMethod(ConfigInvoker.java:385)
at org.testng.internal.ConfigInvoker.invokeConfigurations(ConfigInvoker.java:321)
at org.testng.SuiteRunner.privateRun(SuiteRunner.java:317)
at org.testng.SuiteRunner.run(SuiteRunner.java:276)
at org.testng.SuiteRunnerWorker.runSuite(SuiteRunnerWorker.java:53)
at org.testng.SuiteRunnerWorker.run(SuiteRunnerWorker.java:96)
at org.testng.TestNG.runSuitesSequentially(TestNG.java:1212)
at org.testng.TestNG.runSuitesLocally(TestNG.java:1134)
at org.testng.TestNG.runSuites(TestNG.java:1063)
at org.testng.TestNG.run(TestNG.java:1031)
at org.testng.remote.AbstractRemoteTestNG.run(AbstractRemoteTestNG.java:115)
at org.testng.remote.RemoteTestNG.initAndRun(RemoteTestNG.java:251)
at org.testng.remote.RemoteTestNG.main(RemoteTestNG.java:77)
]]>
            </full-stacktrace>
          </exception> <!-- org.openqa.selenium.SessionNotCreatedException -->
          <reporter-output>
          </reporter-output>
        </test-method> <!-- LoginValidmailid -->
        <test-method is-config="true" signature="attachScreenshot(org.testng.ITestResult)[pri:0, instance:com.Selenium_assignment.tests.LoginPageTest@18d87d80]" started-at="2022-05-27T22:19:37 IST" name="attachScreenshot" finished-at="1970-01-01T05:30:00 IST" duration-ms="-1653670177369" status="SKIP">
          <reporter-output>
          </reporter-output>
        </test-method> <!-- attachScreenshot -->
        <test-method is-config="true" signature="endTest()[pri:0, instance:com.Selenium_assignment.tests.LoginPageTest@18d87d80]" started-at="2022-05-27T22:19:37 IST" name="endTest" finished-at="1970-01-01T05:30:00 IST" duration-ms="-1653670177370" status="SKIP">
          <reporter-output>
          </reporter-output>
        </test-method> <!-- endTest -->
        <test-method is-config="true" signature="openurl()[pri:0, instance:com.Selenium_assignment.tests.LoginPageTest@18d87d80]" started-at="2022-05-27T22:19:37 IST" name="openurl" finished-at="1970-01-01T05:30:00 IST" duration-ms="-1653670177370" status="SKIP">
          <reporter-output>
          </reporter-output>
        </test-method> <!-- openurl -->
        <test-method signature="Loginvalidmailid()[pri:7, instance:com.Selenium_assignment.tests.LoginPageTest@18d87d80]" started-at="2022-05-27T22:19:37 IST" name="Loginvalidmailid" finished-at="2022-05-27T22:19:37 IST" duration-ms="0" status="SKIP">
          <exception class="org.openqa.selenium.SessionNotCreatedException">
            <message>
              <![CDATA[session not created: This version of ChromeDriver only supports Chrome version 98
Current browser version is 101.0.4951.67 with binary path C:\Users\tanugupta02\AppData\Local\Google\Chrome\Application\chrome.exe
Build info: version: '3.141.59', revision: 'e82be7d358', time: '2018-11-14T08:17:03'
System info: host: 'IN-PG02P5S6', ip: '192.168.1.5', os.name: 'Windows 10', os.arch: 'amd64', os.version: '10.0', java.version: '11.0.1'
Driver info: driver.version: ChromeDriver
remote stacktrace: Backtrace:
Ordinal0 [0x00C169A3+2582947]
Ordinal0 [0x00BAA6D1+2139857]
Ordinal0 [0x00AA3A98+1063576]
Ordinal0 [0x00AC33B8+1192888]
Ordinal0 [0x00ABF235+1176117]
Ordinal0 [0x00ABC9E1+1165793]
Ordinal0 [0x00AECFFF+1363967]
Ordinal0 [0x00AECC2A+1362986]
Ordinal0 [0x00AE8366+1344358]
Ordinal0 [0x00AC5176+1200502]
Ordinal0 [0x00AC6066+1204326]
GetHandleVerifier [0x00DBBE02+1675858]
GetHandleVerifier [0x00E7036C+2414524]
GetHandleVerifier [0x00CABB01+560977]
GetHandleVerifier [0x00CAA8D3+556323]
Ordinal0 [0x00BB020E+2163214]
Ordinal0 [0x00BB5078+2183288]
Ordinal0 [0x00BB51C0+2183616]
Ordinal0 [0x00BBEE1C+2223644]
BaseThreadInitThunk [0x75736739+25]
RtlGetFullPathName_UEx [0x771B8FEF+1215]
RtlGetFullPathName_UEx [0x771B8FBD+1165]
]]>
            </message>
            <full-stacktrace>
              <![CDATA[org.openqa.selenium.SessionNotCreatedException: session not created: This version of ChromeDriver only supports Chrome version 98
Current browser version is 101.0.4951.67 with binary path C:\Users\tanugupta02\AppData\Local\Google\Chrome\Application\chrome.exe
Build info: version: '3.141.59', revision: 'e82be7d358', time: '2018-11-14T08:17:03'
System info: host: 'IN-PG02P5S6', ip: '192.168.1.5', os.name: 'Windows 10', os.arch: 'amd64', os.version: '10.0', java.version: '11.0.1'
Driver info: driver.version: ChromeDriver
remote stacktrace: Backtrace:
Ordinal0 [0x00C169A3+2582947]
Ordinal0 [0x00BAA6D1+2139857]
Ordinal0 [0x00AA3A98+1063576]
Ordinal0 [0x00AC33B8+1192888]
Ordinal0 [0x00ABF235+1176117]
Ordinal0 [0x00ABC9E1+1165793]
Ordinal0 [0x00AECFFF+1363967]
Ordinal0 [0x00AECC2A+1362986]
Ordinal0 [0x00AE8366+1344358]
Ordinal0 [0x00AC5176+1200502]
Ordinal0 [0x00AC6066+1204326]
GetHandleVerifier [0x00DBBE02+1675858]
GetHandleVerifier [0x00E7036C+2414524]
GetHandleVerifier [0x00CABB01+560977]
GetHandleVerifier [0x00CAA8D3+556323]
Ordinal0 [0x00BB020E+2163214]
Ordinal0 [0x00BB5078+2183288]
Ordinal0 [0x00BB51C0+2183616]
Ordinal0 [0x00BBEE1C+2223644]
BaseThreadInitThunk [0x75736739+25]
RtlGetFullPathName_UEx [0x771B8FEF+1215]
RtlGetFullPathName_UEx [0x771B8FBD+1165]

at java.base/jdk.internal.reflect.NativeConstructorAccessorImpl.newInstance0(Native Method)
at java.base/jdk.internal.reflect.NativeConstructorAccessorImpl.newInstance(NativeConstructorAccessorImpl.java:62)
at java.base/jdk.internal.reflect.DelegatingConstructorAccessorImpl.newInstance(DelegatingConstructorAccessorImpl.java:45)
at java.base/java.lang.reflect.Constructor.newInstance(Constructor.java:490)
at org.openqa.selenium.remote.W3CHandshakeResponse.lambda$errorHandler$0(W3CHandshakeResponse.java:62)
at org.openqa.selenium.remote.HandshakeResponse.lambda$getResponseFunction$0(HandshakeResponse.java:30)
at org.openqa.selenium.remote.ProtocolHandshake.lambda$createSession$0(ProtocolHandshake.java:126)
at java.base/java.util.stream.ReferencePipeline$3$1.accept(ReferencePipeline.java:195)
at java.base/java.util.Spliterators$ArraySpliterator.tryAdvance(Spliterators.java:958)
at java.base/java.util.stream.ReferencePipeline.forEachWithCancel(ReferencePipeline.java:127)
at java.base/java.util.stream.AbstractPipeline.copyIntoWithCancel(AbstractPipeline.java:502)
at java.base/java.util.stream.AbstractPipeline.copyInto(AbstractPipeline.java:488)
at java.base/java.util.stream.AbstractPipeline.wrapAndCopyInto(AbstractPipeline.java:474)
at java.base/java.util.stream.FindOps$FindOp.evaluateSequential(FindOps.java:150)
at java.base/java.util.stream.AbstractPipeline.evaluate(AbstractPipeline.java:234)
at java.base/java.util.stream.ReferencePipeline.findFirst(ReferencePipeline.java:543)
at org.openqa.selenium.remote.ProtocolHandshake.createSession(ProtocolHandshake.java:128)
at org.openqa.selenium.remote.ProtocolHandshake.createSession(ProtocolHandshake.java:74)
at org.openqa.selenium.remote.HttpCommandExecutor.execute(HttpCommandExecutor.java:136)
at org.openqa.selenium.remote.service.DriverCommandExecutor.execute(DriverCommandExecutor.java:83)
at org.openqa.selenium.remote.RemoteWebDriver.execute(RemoteWebDriver.java:552)
at org.openqa.selenium.remote.RemoteWebDriver.startSession(RemoteWebDriver.java:213)
at org.openqa.selenium.remote.RemoteWebDriver.<init>(RemoteWebDriver.java:131)
at org.openqa.selenium.chrome.ChromeDriver.<init>(ChromeDriver.java:181)
at org.openqa.selenium.chrome.ChromeDriver.<init>(ChromeDriver.java:168)
at org.openqa.selenium.chrome.ChromeDriver.<init>(ChromeDriver.java:157)
at com.Selenium_assignment.tests.BaseTest.initializeWebDriver(BaseTest.java:85)
at java.base/jdk.internal.reflect.NativeMethodAccessorImpl.invoke0(Native Method)
at java.base/jdk.internal.reflect.NativeMethodAccessorImpl.invoke(NativeMethodAccessorImpl.java:62)
at java.base/jdk.internal.reflect.DelegatingMethodAccessorImpl.invoke(DelegatingMethodAccessorImpl.java:43)
at java.base/java.lang.reflect.Method.invoke(Method.java:566)
at org.testng.internal.MethodInvocationHelper.invokeMethod(MethodInvocationHelper.java:133)
at org.testng.internal.MethodInvocationHelper.invokeMethodConsideringTimeout(MethodInvocationHelper.java:62)
at org.testng.internal.ConfigInvoker.invokeConfigurationMethod(ConfigInvoker.java:385)
at org.testng.internal.ConfigInvoker.invokeConfigurations(ConfigInvoker.java:321)
at org.testng.SuiteRunner.privateRun(SuiteRunner.java:317)
at org.testng.SuiteRunner.run(SuiteRunner.java:276)
at org.testng.SuiteRunnerWorker.runSuite(SuiteRunnerWorker.java:53)
at org.testng.SuiteRunnerWorker.run(SuiteRunnerWorker.java:96)
at org.testng.TestNG.runSuitesSequentially(TestNG.java:1212)
at org.testng.TestNG.runSuitesLocally(TestNG.java:1134)
at org.testng.TestNG.runSuites(TestNG.java:1063)
at org.testng.TestNG.run(TestNG.java:1031)
at org.testng.remote.AbstractRemoteTestNG.run(AbstractRemoteTestNG.java:115)
at org.testng.remote.RemoteTestNG.initAndRun(RemoteTestNG.java:251)
at org.testng.remote.RemoteTestNG.main(RemoteTestNG.java:77)
]]>
            </full-stacktrace>
          </exception> <!-- org.openqa.selenium.SessionNotCreatedException -->
          <reporter-output>
          </reporter-output>
        </test-method> <!-- Loginvalidmailid -->
        <test-method is-config="true" signature="attachScreenshot(org.testng.ITestResult)[pri:0, instance:com.Selenium_assignment.tests.LoginPageTest@18d87d80]" started-at="2022-05-27T22:19:37 IST" name="attachScreenshot" finished-at="1970-01-01T05:30:00 IST" duration-ms="-1653670177375" status="SKIP">
          <reporter-output>
          </reporter-output>
        </test-method> <!-- attachScreenshot -->
        <test-method is-config="true" signature="endTest()[pri:0, instance:com.Selenium_assignment.tests.LoginPageTest@18d87d80]" started-at="2022-05-27T22:19:37 IST" name="endTest" finished-at="1970-01-01T05:30:00 IST" duration-ms="-1653670177376" status="SKIP">
          <reporter-output>
          </reporter-output>
        </test-method> <!-- endTest -->
        <test-method is-config="true" signature="openurl()[pri:0, instance:com.Selenium_assignment.tests.LoginPageTest@18d87d80]" started-at="2022-05-27T22:19:37 IST" name="openurl" finished-at="1970-01-01T05:30:00 IST" duration-ms="-1653670177378" status="SKIP">
          <reporter-output>
          </reporter-output>
        </test-method> <!-- openurl -->
        <test-method signature="LogininValidPassword()[pri:8, instance:com.Selenium_assignment.tests.LoginPageTest@18d87d80]" started-at="2022-05-27T22:19:37 IST" name="LogininValidPassword" finished-at="2022-05-27T22:19:37 IST" duration-ms="0" status="SKIP">
          <exception class="org.openqa.selenium.SessionNotCreatedException">
            <message>
              <![CDATA[session not created: This version of ChromeDriver only supports Chrome version 98
Current browser version is 101.0.4951.67 with binary path C:\Users\tanugupta02\AppData\Local\Google\Chrome\Application\chrome.exe
Build info: version: '3.141.59', revision: 'e82be7d358', time: '2018-11-14T08:17:03'
System info: host: 'IN-PG02P5S6', ip: '192.168.1.5', os.name: 'Windows 10', os.arch: 'amd64', os.version: '10.0', java.version: '11.0.1'
Driver info: driver.version: ChromeDriver
remote stacktrace: Backtrace:
Ordinal0 [0x00C169A3+2582947]
Ordinal0 [0x00BAA6D1+2139857]
Ordinal0 [0x00AA3A98+1063576]
Ordinal0 [0x00AC33B8+1192888]
Ordinal0 [0x00ABF235+1176117]
Ordinal0 [0x00ABC9E1+1165793]
Ordinal0 [0x00AECFFF+1363967]
Ordinal0 [0x00AECC2A+1362986]
Ordinal0 [0x00AE8366+1344358]
Ordinal0 [0x00AC5176+1200502]
Ordinal0 [0x00AC6066+1204326]
GetHandleVerifier [0x00DBBE02+1675858]
GetHandleVerifier [0x00E7036C+2414524]
GetHandleVerifier [0x00CABB01+560977]
GetHandleVerifier [0x00CAA8D3+556323]
Ordinal0 [0x00BB020E+2163214]
Ordinal0 [0x00BB5078+2183288]
Ordinal0 [0x00BB51C0+2183616]
Ordinal0 [0x00BBEE1C+2223644]
BaseThreadInitThunk [0x75736739+25]
RtlGetFullPathName_UEx [0x771B8FEF+1215]
RtlGetFullPathName_UEx [0x771B8FBD+1165]
]]>
            </message>
            <full-stacktrace>
              <![CDATA[org.openqa.selenium.SessionNotCreatedException: session not created: This version of ChromeDriver only supports Chrome version 98
Current browser version is 101.0.4951.67 with binary path C:\Users\tanugupta02\AppData\Local\Google\Chrome\Application\chrome.exe
Build info: version: '3.141.59', revision: 'e82be7d358', time: '2018-11-14T08:17:03'
System info: host: 'IN-PG02P5S6', ip: '192.168.1.5', os.name: 'Windows 10', os.arch: 'amd64', os.version: '10.0', java.version: '11.0.1'
Driver info: driver.version: ChromeDriver
remote stacktrace: Backtrace:
Ordinal0 [0x00C169A3+2582947]
Ordinal0 [0x00BAA6D1+2139857]
Ordinal0 [0x00AA3A98+1063576]
Ordinal0 [0x00AC33B8+1192888]
Ordinal0 [0x00ABF235+1176117]
Ordinal0 [0x00ABC9E1+1165793]
Ordinal0 [0x00AECFFF+1363967]
Ordinal0 [0x00AECC2A+1362986]
Ordinal0 [0x00AE8366+1344358]
Ordinal0 [0x00AC5176+1200502]
Ordinal0 [0x00AC6066+1204326]
GetHandleVerifier [0x00DBBE02+1675858]
GetHandleVerifier [0x00E7036C+2414524]
GetHandleVerifier [0x00CABB01+560977]
GetHandleVerifier [0x00CAA8D3+556323]
Ordinal0 [0x00BB020E+2163214]
Ordinal0 [0x00BB5078+2183288]
Ordinal0 [0x00BB51C0+2183616]
Ordinal0 [0x00BBEE1C+2223644]
BaseThreadInitThunk [0x75736739+25]
RtlGetFullPathName_UEx [0x771B8FEF+1215]
RtlGetFullPathName_UEx [0x771B8FBD+1165]

at java.base/jdk.internal.reflect.NativeConstructorAccessorImpl.newInstance0(Native Method)
at java.base/jdk.internal.reflect.NativeConstructorAccessorImpl.newInstance(NativeConstructorAccessorImpl.java:62)
at java.base/jdk.internal.reflect.DelegatingConstructorAccessorImpl.newInstance(DelegatingConstructorAccessorImpl.java:45)
at java.base/java.lang.reflect.Constructor.newInstance(Constructor.java:490)
at org.openqa.selenium.remote.W3CHandshakeResponse.lambda$errorHandler$0(W3CHandshakeResponse.java:62)
at org.openqa.selenium.remote.HandshakeResponse.lambda$getResponseFunction$0(HandshakeResponse.java:30)
at org.openqa.selenium.remote.ProtocolHandshake.lambda$createSession$0(ProtocolHandshake.java:126)
at java.base/java.util.stream.ReferencePipeline$3$1.accept(ReferencePipeline.java:195)
at java.base/java.util.Spliterators$ArraySpliterator.tryAdvance(Spliterators.java:958)
at java.base/java.util.stream.ReferencePipeline.forEachWithCancel(ReferencePipeline.java:127)
at java.base/java.util.stream.AbstractPipeline.copyIntoWithCancel(AbstractPipeline.java:502)
at java.base/java.util.stream.AbstractPipeline.copyInto(AbstractPipeline.java:488)
at java.base/java.util.stream.AbstractPipeline.wrapAndCopyInto(AbstractPipeline.java:474)
at java.base/java.util.stream.FindOps$FindOp.evaluateSequential(FindOps.java:150)
at java.base/java.util.stream.AbstractPipeline.evaluate(AbstractPipeline.java:234)
at java.base/java.util.stream.ReferencePipeline.findFirst(ReferencePipeline.java:543)
at org.openqa.selenium.remote.ProtocolHandshake.createSession(ProtocolHandshake.java:128)
at org.openqa.selenium.remote.ProtocolHandshake.createSession(ProtocolHandshake.java:74)
at org.openqa.selenium.remote.HttpCommandExecutor.execute(HttpCommandExecutor.java:136)
at org.openqa.selenium.remote.service.DriverCommandExecutor.execute(DriverCommandExecutor.java:83)
at org.openqa.selenium.remote.RemoteWebDriver.execute(RemoteWebDriver.java:552)
at org.openqa.selenium.remote.RemoteWebDriver.startSession(RemoteWebDriver.java:213)
at org.openqa.selenium.remote.RemoteWebDriver.<init>(RemoteWebDriver.java:131)
at org.openqa.selenium.chrome.ChromeDriver.<init>(ChromeDriver.java:181)
at org.openqa.selenium.chrome.ChromeDriver.<init>(ChromeDriver.java:168)
at org.openqa.selenium.chrome.ChromeDriver.<init>(ChromeDriver.java:157)
at com.Selenium_assignment.tests.BaseTest.initializeWebDriver(BaseTest.java:85)
at java.base/jdk.internal.reflect.NativeMethodAccessorImpl.invoke0(Native Method)
at java.base/jdk.internal.reflect.NativeMethodAccessorImpl.invoke(NativeMethodAccessorImpl.java:62)
at java.base/jdk.internal.reflect.DelegatingMethodAccessorImpl.invoke(DelegatingMethodAccessorImpl.java:43)
at java.base/java.lang.reflect.Method.invoke(Method.java:566)
at org.testng.internal.MethodInvocationHelper.invokeMethod(MethodInvocationHelper.java:133)
at org.testng.internal.MethodInvocationHelper.invokeMethodConsideringTimeout(MethodInvocationHelper.java:62)
at org.testng.internal.ConfigInvoker.invokeConfigurationMethod(ConfigInvoker.java:385)
at org.testng.internal.ConfigInvoker.invokeConfigurations(ConfigInvoker.java:321)
at org.testng.SuiteRunner.privateRun(SuiteRunner.java:317)
at org.testng.SuiteRunner.run(SuiteRunner.java:276)
at org.testng.SuiteRunnerWorker.runSuite(SuiteRunnerWorker.java:53)
at org.testng.SuiteRunnerWorker.run(SuiteRunnerWorker.java:96)
at org.testng.TestNG.runSuitesSequentially(TestNG.java:1212)
at org.testng.TestNG.runSuitesLocally(TestNG.java:1134)
at org.testng.TestNG.runSuites(TestNG.java:1063)
at org.testng.TestNG.run(TestNG.java:1031)
at org.testng.remote.AbstractRemoteTestNG.run(AbstractRemoteTestNG.java:115)
at org.testng.remote.RemoteTestNG.initAndRun(RemoteTestNG.java:251)
at org.testng.remote.RemoteTestNG.main(RemoteTestNG.java:77)
]]>
            </full-stacktrace>
          </exception> <!-- org.openqa.selenium.SessionNotCreatedException -->
          <reporter-output>
          </reporter-output>
        </test-method> <!-- LogininValidPassword -->
        <test-method is-config="true" signature="endTest()[pri:0, instance:com.Selenium_assignment.tests.LoginPageTest@18d87d80]" started-at="2022-05-27T22:19:37 IST" name="endTest" finished-at="1970-01-01T05:30:00 IST" duration-ms="-1653670177381" status="SKIP">
          <reporter-output>
          </reporter-output>
        </test-method> <!-- endTest -->
        <test-method is-config="true" signature="attachScreenshot(org.testng.ITestResult)[pri:0, instance:com.Selenium_assignment.tests.LoginPageTest@18d87d80]" started-at="2022-05-27T22:19:37 IST" name="attachScreenshot" finished-at="1970-01-01T05:30:00 IST" duration-ms="-1653670177381" status="SKIP">
          <reporter-output>
          </reporter-output>
        </test-method> <!-- attachScreenshot -->
        <test-method signature="Logblankuser()[pri:9, instance:com.Selenium_assignment.tests.LoginPageTest@18d87d80]" started-at="2022-05-27T22:19:37 IST" name="Logblankuser" finished-at="2022-05-27T22:19:37 IST" duration-ms="0" status="SKIP">
          <exception class="org.openqa.selenium.SessionNotCreatedException">
            <message>
              <![CDATA[session not created: This version of ChromeDriver only supports Chrome version 98
Current browser version is 101.0.4951.67 with binary path C:\Users\tanugupta02\AppData\Local\Google\Chrome\Application\chrome.exe
Build info: version: '3.141.59', revision: 'e82be7d358', time: '2018-11-14T08:17:03'
System info: host: 'IN-PG02P5S6', ip: '192.168.1.5', os.name: 'Windows 10', os.arch: 'amd64', os.version: '10.0', java.version: '11.0.1'
Driver info: driver.version: ChromeDriver
remote stacktrace: Backtrace:
Ordinal0 [0x00C169A3+2582947]
Ordinal0 [0x00BAA6D1+2139857]
Ordinal0 [0x00AA3A98+1063576]
Ordinal0 [0x00AC33B8+1192888]
Ordinal0 [0x00ABF235+1176117]
Ordinal0 [0x00ABC9E1+1165793]
Ordinal0 [0x00AECFFF+1363967]
Ordinal0 [0x00AECC2A+1362986]
Ordinal0 [0x00AE8366+1344358]
Ordinal0 [0x00AC5176+1200502]
Ordinal0 [0x00AC6066+1204326]
GetHandleVerifier [0x00DBBE02+1675858]
GetHandleVerifier [0x00E7036C+2414524]
GetHandleVerifier [0x00CABB01+560977]
GetHandleVerifier [0x00CAA8D3+556323]
Ordinal0 [0x00BB020E+2163214]
Ordinal0 [0x00BB5078+2183288]
Ordinal0 [0x00BB51C0+2183616]
Ordinal0 [0x00BBEE1C+2223644]
BaseThreadInitThunk [0x75736739+25]
RtlGetFullPathName_UEx [0x771B8FEF+1215]
RtlGetFullPathName_UEx [0x771B8FBD+1165]
]]>
            </message>
            <full-stacktrace>
              <![CDATA[org.openqa.selenium.SessionNotCreatedException: session not created: This version of ChromeDriver only supports Chrome version 98
Current browser version is 101.0.4951.67 with binary path C:\Users\tanugupta02\AppData\Local\Google\Chrome\Application\chrome.exe
Build info: version: '3.141.59', revision: 'e82be7d358', time: '2018-11-14T08:17:03'
System info: host: 'IN-PG02P5S6', ip: '192.168.1.5', os.name: 'Windows 10', os.arch: 'amd64', os.version: '10.0', java.version: '11.0.1'
Driver info: driver.version: ChromeDriver
remote stacktrace: Backtrace:
Ordinal0 [0x00C169A3+2582947]
Ordinal0 [0x00BAA6D1+2139857]
Ordinal0 [0x00AA3A98+1063576]
Ordinal0 [0x00AC33B8+1192888]
Ordinal0 [0x00ABF235+1176117]
Ordinal0 [0x00ABC9E1+1165793]
Ordinal0 [0x00AECFFF+1363967]
Ordinal0 [0x00AECC2A+1362986]
Ordinal0 [0x00AE8366+1344358]
Ordinal0 [0x00AC5176+1200502]
Ordinal0 [0x00AC6066+1204326]
GetHandleVerifier [0x00DBBE02+1675858]
GetHandleVerifier [0x00E7036C+2414524]
GetHandleVerifier [0x00CABB01+560977]
GetHandleVerifier [0x00CAA8D3+556323]
Ordinal0 [0x00BB020E+2163214]
Ordinal0 [0x00BB5078+2183288]
Ordinal0 [0x00BB51C0+2183616]
Ordinal0 [0x00BBEE1C+2223644]
BaseThreadInitThunk [0x75736739+25]
RtlGetFullPathName_UEx [0x771B8FEF+1215]
RtlGetFullPathName_UEx [0x771B8FBD+1165]

at java.base/jdk.internal.reflect.NativeConstructorAccessorImpl.newInstance0(Native Method)
at java.base/jdk.internal.reflect.NativeConstructorAccessorImpl.newInstance(NativeConstructorAccessorImpl.java:62)
at java.base/jdk.internal.reflect.DelegatingConstructorAccessorImpl.newInstance(DelegatingConstructorAccessorImpl.java:45)
at java.base/java.lang.reflect.Constructor.newInstance(Constructor.java:490)
at org.openqa.selenium.remote.W3CHandshakeResponse.lambda$errorHandler$0(W3CHandshakeResponse.java:62)
at org.openqa.selenium.remote.HandshakeResponse.lambda$getResponseFunction$0(HandshakeResponse.java:30)
at org.openqa.selenium.remote.ProtocolHandshake.lambda$createSession$0(ProtocolHandshake.java:126)
at java.base/java.util.stream.ReferencePipeline$3$1.accept(ReferencePipeline.java:195)
at java.base/java.util.Spliterators$ArraySpliterator.tryAdvance(Spliterators.java:958)
at java.base/java.util.stream.ReferencePipeline.forEachWithCancel(ReferencePipeline.java:127)
at java.base/java.util.stream.AbstractPipeline.copyIntoWithCancel(AbstractPipeline.java:502)
at java.base/java.util.stream.AbstractPipeline.copyInto(AbstractPipeline.java:488)
at java.base/java.util.stream.AbstractPipeline.wrapAndCopyInto(AbstractPipeline.java:474)
at java.base/java.util.stream.FindOps$FindOp.evaluateSequential(FindOps.java:150)
at java.base/java.util.stream.AbstractPipeline.evaluate(AbstractPipeline.java:234)
at java.base/java.util.stream.ReferencePipeline.findFirst(ReferencePipeline.java:543)
at org.openqa.selenium.remote.ProtocolHandshake.createSession(ProtocolHandshake.java:128)
at org.openqa.selenium.remote.ProtocolHandshake.createSession(ProtocolHandshake.java:74)
at org.openqa.selenium.remote.HttpCommandExecutor.execute(HttpCommandExecutor.java:136)
at org.openqa.selenium.remote.service.DriverCommandExecutor.execute(DriverCommandExecutor.java:83)
at org.openqa.selenium.remote.RemoteWebDriver.execute(RemoteWebDriver.java:552)
at org.openqa.selenium.remote.RemoteWebDriver.startSession(RemoteWebDriver.java:213)
at org.openqa.selenium.remote.RemoteWebDriver.<init>(RemoteWebDriver.java:131)
at org.openqa.selenium.chrome.ChromeDriver.<init>(ChromeDriver.java:181)
at org.openqa.selenium.chrome.ChromeDriver.<init>(ChromeDriver.java:168)
at org.openqa.selenium.chrome.ChromeDriver.<init>(ChromeDriver.java:157)
at com.Selenium_assignment.tests.BaseTest.initializeWebDriver(BaseTest.java:85)
at java.base/jdk.internal.reflect.NativeMethodAccessorImpl.invoke0(Native Method)
at java.base/jdk.internal.reflect.NativeMethodAccessorImpl.invoke(NativeMethodAccessorImpl.java:62)
at java.base/jdk.internal.reflect.DelegatingMethodAccessorImpl.invoke(DelegatingMethodAccessorImpl.java:43)
at java.base/java.lang.reflect.Method.invoke(Method.java:566)
at org.testng.internal.MethodInvocationHelper.invokeMethod(MethodInvocationHelper.java:133)
at org.testng.internal.MethodInvocationHelper.invokeMethodConsideringTimeout(MethodInvocationHelper.java:62)
at org.testng.internal.ConfigInvoker.invokeConfigurationMethod(ConfigInvoker.java:385)
at org.testng.internal.ConfigInvoker.invokeConfigurations(ConfigInvoker.java:321)
at org.testng.SuiteRunner.privateRun(SuiteRunner.java:317)
at org.testng.SuiteRunner.run(SuiteRunner.java:276)
at org.testng.SuiteRunnerWorker.runSuite(SuiteRunnerWorker.java:53)
at org.testng.SuiteRunnerWorker.run(SuiteRunnerWorker.java:96)
at org.testng.TestNG.runSuitesSequentially(TestNG.java:1212)
at org.testng.TestNG.runSuitesLocally(TestNG.java:1134)
at org.testng.TestNG.runSuites(TestNG.java:1063)
at org.testng.TestNG.run(TestNG.java:1031)
at org.testng.remote.AbstractRemoteTestNG.run(AbstractRemoteTestNG.java:115)
at org.testng.remote.RemoteTestNG.initAndRun(RemoteTestNG.java:251)
at org.testng.remote.RemoteTestNG.main(RemoteTestNG.java:77)
]]>
            </full-stacktrace>
          </exception> <!-- org.openqa.selenium.SessionNotCreatedException -->
          <reporter-output>
          </reporter-output>
        </test-method> <!-- Logblankuser -->
        <test-method is-config="true" signature="openurl()[pri:0, instance:com.Selenium_assignment.tests.LoginPageTest@18d87d80]" started-at="2022-05-27T22:19:37 IST" name="openurl" finished-at="1970-01-01T05:30:00 IST" duration-ms="-1653670177382" status="SKIP">
          <reporter-output>
          </reporter-output>
        </test-method> <!-- openurl -->
        <test-method is-config="true" signature="attachScreenshot(org.testng.ITestResult)[pri:0, instance:com.Selenium_assignment.tests.LoginPageTest@18d87d80]" started-at="2022-05-27T22:19:37 IST" name="attachScreenshot" finished-at="1970-01-01T05:30:00 IST" duration-ms="-1653670177384" status="SKIP">
          <reporter-output>
          </reporter-output>
        </test-method> <!-- attachScreenshot -->
        <test-method is-config="true" signature="endTest()[pri:0, instance:com.Selenium_assignment.tests.LoginPageTest@18d87d80]" started-at="2022-05-27T22:19:37 IST" name="endTest" finished-at="1970-01-01T05:30:00 IST" duration-ms="-1653670177384" status="SKIP">
          <reporter-output>
          </reporter-output>
        </test-method> <!-- endTest -->
        <test-method is-config="true" signature="openurl()[pri:0, instance:com.Selenium_assignment.tests.LoginPageTest@18d87d80]" started-at="2022-05-27T22:19:37 IST" name="openurl" finished-at="1970-01-01T05:30:00 IST" duration-ms="-1653670177385" status="SKIP">
          <reporter-output>
          </reporter-output>
        </test-method> <!-- openurl -->
        <test-method signature="Loginblankpass()[pri:10, instance:com.Selenium_assignment.tests.LoginPageTest@18d87d80]" started-at="2022-05-27T22:19:37 IST" name="Loginblankpass" finished-at="2022-05-27T22:19:37 IST" duration-ms="0" status="SKIP">
          <exception class="org.openqa.selenium.SessionNotCreatedException">
            <message>
              <![CDATA[session not created: This version of ChromeDriver only supports Chrome version 98
Current browser version is 101.0.4951.67 with binary path C:\Users\tanugupta02\AppData\Local\Google\Chrome\Application\chrome.exe
Build info: version: '3.141.59', revision: 'e82be7d358', time: '2018-11-14T08:17:03'
System info: host: 'IN-PG02P5S6', ip: '192.168.1.5', os.name: 'Windows 10', os.arch: 'amd64', os.version: '10.0', java.version: '11.0.1'
Driver info: driver.version: ChromeDriver
remote stacktrace: Backtrace:
Ordinal0 [0x00C169A3+2582947]
Ordinal0 [0x00BAA6D1+2139857]
Ordinal0 [0x00AA3A98+1063576]
Ordinal0 [0x00AC33B8+1192888]
Ordinal0 [0x00ABF235+1176117]
Ordinal0 [0x00ABC9E1+1165793]
Ordinal0 [0x00AECFFF+1363967]
Ordinal0 [0x00AECC2A+1362986]
Ordinal0 [0x00AE8366+1344358]
Ordinal0 [0x00AC5176+1200502]
Ordinal0 [0x00AC6066+1204326]
GetHandleVerifier [0x00DBBE02+1675858]
GetHandleVerifier [0x00E7036C+2414524]
GetHandleVerifier [0x00CABB01+560977]
GetHandleVerifier [0x00CAA8D3+556323]
Ordinal0 [0x00BB020E+2163214]
Ordinal0 [0x00BB5078+2183288]
Ordinal0 [0x00BB51C0+2183616]
Ordinal0 [0x00BBEE1C+2223644]
BaseThreadInitThunk [0x75736739+25]
RtlGetFullPathName_UEx [0x771B8FEF+1215]
RtlGetFullPathName_UEx [0x771B8FBD+1165]
]]>
            </message>
            <full-stacktrace>
              <![CDATA[org.openqa.selenium.SessionNotCreatedException: session not created: This version of ChromeDriver only supports Chrome version 98
Current browser version is 101.0.4951.67 with binary path C:\Users\tanugupta02\AppData\Local\Google\Chrome\Application\chrome.exe
Build info: version: '3.141.59', revision: 'e82be7d358', time: '2018-11-14T08:17:03'
System info: host: 'IN-PG02P5S6', ip: '192.168.1.5', os.name: 'Windows 10', os.arch: 'amd64', os.version: '10.0', java.version: '11.0.1'
Driver info: driver.version: ChromeDriver
remote stacktrace: Backtrace:
Ordinal0 [0x00C169A3+2582947]
Ordinal0 [0x00BAA6D1+2139857]
Ordinal0 [0x00AA3A98+1063576]
Ordinal0 [0x00AC33B8+1192888]
Ordinal0 [0x00ABF235+1176117]
Ordinal0 [0x00ABC9E1+1165793]
Ordinal0 [0x00AECFFF+1363967]
Ordinal0 [0x00AECC2A+1362986]
Ordinal0 [0x00AE8366+1344358]
Ordinal0 [0x00AC5176+1200502]
Ordinal0 [0x00AC6066+1204326]
GetHandleVerifier [0x00DBBE02+1675858]
GetHandleVerifier [0x00E7036C+2414524]
GetHandleVerifier [0x00CABB01+560977]
GetHandleVerifier [0x00CAA8D3+556323]
Ordinal0 [0x00BB020E+2163214]
Ordinal0 [0x00BB5078+2183288]
Ordinal0 [0x00BB51C0+2183616]
Ordinal0 [0x00BBEE1C+2223644]
BaseThreadInitThunk [0x75736739+25]
RtlGetFullPathName_UEx [0x771B8FEF+1215]
RtlGetFullPathName_UEx [0x771B8FBD+1165]

at java.base/jdk.internal.reflect.NativeConstructorAccessorImpl.newInstance0(Native Method)
at java.base/jdk.internal.reflect.NativeConstructorAccessorImpl.newInstance(NativeConstructorAccessorImpl.java:62)
at java.base/jdk.internal.reflect.DelegatingConstructorAccessorImpl.newInstance(DelegatingConstructorAccessorImpl.java:45)
at java.base/java.lang.reflect.Constructor.newInstance(Constructor.java:490)
at org.openqa.selenium.remote.W3CHandshakeResponse.lambda$errorHandler$0(W3CHandshakeResponse.java:62)
at org.openqa.selenium.remote.HandshakeResponse.lambda$getResponseFunction$0(HandshakeResponse.java:30)
at org.openqa.selenium.remote.ProtocolHandshake.lambda$createSession$0(ProtocolHandshake.java:126)
at java.base/java.util.stream.ReferencePipeline$3$1.accept(ReferencePipeline.java:195)
at java.base/java.util.Spliterators$ArraySpliterator.tryAdvance(Spliterators.java:958)
at java.base/java.util.stream.ReferencePipeline.forEachWithCancel(ReferencePipeline.java:127)
at java.base/java.util.stream.AbstractPipeline.copyIntoWithCancel(AbstractPipeline.java:502)
at java.base/java.util.stream.AbstractPipeline.copyInto(AbstractPipeline.java:488)
at java.base/java.util.stream.AbstractPipeline.wrapAndCopyInto(AbstractPipeline.java:474)
at java.base/java.util.stream.FindOps$FindOp.evaluateSequential(FindOps.java:150)
at java.base/java.util.stream.AbstractPipeline.evaluate(AbstractPipeline.java:234)
at java.base/java.util.stream.ReferencePipeline.findFirst(ReferencePipeline.java:543)
at org.openqa.selenium.remote.ProtocolHandshake.createSession(ProtocolHandshake.java:128)
at org.openqa.selenium.remote.ProtocolHandshake.createSession(ProtocolHandshake.java:74)
at org.openqa.selenium.remote.HttpCommandExecutor.execute(HttpCommandExecutor.java:136)
at org.openqa.selenium.remote.service.DriverCommandExecutor.execute(DriverCommandExecutor.java:83)
at org.openqa.selenium.remote.RemoteWebDriver.execute(RemoteWebDriver.java:552)
at org.openqa.selenium.remote.RemoteWebDriver.startSession(RemoteWebDriver.java:213)
at org.openqa.selenium.remote.RemoteWebDriver.<init>(RemoteWebDriver.java:131)
at org.openqa.selenium.chrome.ChromeDriver.<init>(ChromeDriver.java:181)
at org.openqa.selenium.chrome.ChromeDriver.<init>(ChromeDriver.java:168)
at org.openqa.selenium.chrome.ChromeDriver.<init>(ChromeDriver.java:157)
at com.Selenium_assignment.tests.BaseTest.initializeWebDriver(BaseTest.java:85)
at java.base/jdk.internal.reflect.NativeMethodAccessorImpl.invoke0(Native Method)
at java.base/jdk.internal.reflect.NativeMethodAccessorImpl.invoke(NativeMethodAccessorImpl.java:62)
at java.base/jdk.internal.reflect.DelegatingMethodAccessorImpl.invoke(DelegatingMethodAccessorImpl.java:43)
at java.base/java.lang.reflect.Method.invoke(Method.java:566)
at org.testng.internal.MethodInvocationHelper.invokeMethod(MethodInvocationHelper.java:133)
at org.testng.internal.MethodInvocationHelper.invokeMethodConsideringTimeout(MethodInvocationHelper.java:62)
at org.testng.internal.ConfigInvoker.invokeConfigurationMethod(ConfigInvoker.java:385)
at org.testng.internal.ConfigInvoker.invokeConfigurations(ConfigInvoker.java:321)
at org.testng.SuiteRunner.privateRun(SuiteRunner.java:317)
at org.testng.SuiteRunner.run(SuiteRunner.java:276)
at org.testng.SuiteRunnerWorker.runSuite(SuiteRunnerWorker.java:53)
at org.testng.SuiteRunnerWorker.run(SuiteRunnerWorker.java:96)
at org.testng.TestNG.runSuitesSequentially(TestNG.java:1212)
at org.testng.TestNG.runSuitesLocally(TestNG.java:1134)
at org.testng.TestNG.runSuites(TestNG.java:1063)
at org.testng.TestNG.run(TestNG.java:1031)
at org.testng.remote.AbstractRemoteTestNG.run(AbstractRemoteTestNG.java:115)
at org.testng.remote.RemoteTestNG.initAndRun(RemoteTestNG.java:251)
at org.testng.remote.RemoteTestNG.main(RemoteTestNG.java:77)
]]>
            </full-stacktrace>
          </exception> <!-- org.openqa.selenium.SessionNotCreatedException -->
          <reporter-output>
          </reporter-output>
        </test-method> <!-- Loginblankpass -->
        <test-method is-config="true" signature="attachScreenshot(org.testng.ITestResult)[pri:0, instance:com.Selenium_assignment.tests.LoginPageTest@18d87d80]" started-at="2022-05-27T22:19:37 IST" name="attachScreenshot" finished-at="1970-01-01T05:30:00 IST" duration-ms="-1653670177406" status="SKIP">
          <reporter-output>
          </reporter-output>
        </test-method> <!-- attachScreenshot -->
        <test-method is-config="true" signature="endTest()[pri:0, instance:com.Selenium_assignment.tests.LoginPageTest@18d87d80]" started-at="2022-05-27T22:19:37 IST" name="endTest" finished-at="1970-01-01T05:30:00 IST" duration-ms="-1653670177407" status="SKIP">
          <reporter-output>
          </reporter-output>
        </test-method> <!-- endTest -->
      </class> <!-- com.Selenium_assignment.tests.LoginPageTest -->
      <class name="com.Selenium_assignment.tests.RegisterPageTest">
        <test-method is-config="true" signature="openurl()[pri:0, instance:com.Selenium_assignment.tests.RegisterPageTest@66d3eec0]" started-at="2022-05-27T22:19:37 IST" name="openurl" finished-at="1970-01-01T05:30:00 IST" duration-ms="-1653670177358" status="SKIP">
          <reporter-output>
          </reporter-output>
        </test-method> <!-- openurl -->
        <test-method signature="CreateNewuser()[pri:5, instance:com.Selenium_assignment.tests.RegisterPageTest@66d3eec0]" started-at="2022-05-27T22:19:37 IST" name="CreateNewuser" finished-at="2022-05-27T22:19:37 IST" duration-ms="0" status="SKIP">
          <exception class="org.openqa.selenium.SessionNotCreatedException">
            <message>
              <![CDATA[session not created: This version of ChromeDriver only supports Chrome version 98
Current browser version is 101.0.4951.67 with binary path C:\Users\tanugupta02\AppData\Local\Google\Chrome\Application\chrome.exe
Build info: version: '3.141.59', revision: 'e82be7d358', time: '2018-11-14T08:17:03'
System info: host: 'IN-PG02P5S6', ip: '192.168.1.5', os.name: 'Windows 10', os.arch: 'amd64', os.version: '10.0', java.version: '11.0.1'
Driver info: driver.version: ChromeDriver
remote stacktrace: Backtrace:
Ordinal0 [0x00C169A3+2582947]
Ordinal0 [0x00BAA6D1+2139857]
Ordinal0 [0x00AA3A98+1063576]
Ordinal0 [0x00AC33B8+1192888]
Ordinal0 [0x00ABF235+1176117]
Ordinal0 [0x00ABC9E1+1165793]
Ordinal0 [0x00AECFFF+1363967]
Ordinal0 [0x00AECC2A+1362986]
Ordinal0 [0x00AE8366+1344358]
Ordinal0 [0x00AC5176+1200502]
Ordinal0 [0x00AC6066+1204326]
GetHandleVerifier [0x00DBBE02+1675858]
GetHandleVerifier [0x00E7036C+2414524]
GetHandleVerifier [0x00CABB01+560977]
GetHandleVerifier [0x00CAA8D3+556323]
Ordinal0 [0x00BB020E+2163214]
Ordinal0 [0x00BB5078+2183288]
Ordinal0 [0x00BB51C0+2183616]
Ordinal0 [0x00BBEE1C+2223644]
BaseThreadInitThunk [0x75736739+25]
RtlGetFullPathName_UEx [0x771B8FEF+1215]
RtlGetFullPathName_UEx [0x771B8FBD+1165]
]]>
            </message>
            <full-stacktrace>
              <![CDATA[org.openqa.selenium.SessionNotCreatedException: session not created: This version of ChromeDriver only supports Chrome version 98
Current browser version is 101.0.4951.67 with binary path C:\Users\tanugupta02\AppData\Local\Google\Chrome\Application\chrome.exe
Build info: version: '3.141.59', revision: 'e82be7d358', time: '2018-11-14T08:17:03'
System info: host: 'IN-PG02P5S6', ip: '192.168.1.5', os.name: 'Windows 10', os.arch: 'amd64', os.version: '10.0', java.version: '11.0.1'
Driver info: driver.version: ChromeDriver
remote stacktrace: Backtrace:
Ordinal0 [0x00C169A3+2582947]
Ordinal0 [0x00BAA6D1+2139857]
Ordinal0 [0x00AA3A98+1063576]
Ordinal0 [0x00AC33B8+1192888]
Ordinal0 [0x00ABF235+1176117]
Ordinal0 [0x00ABC9E1+1165793]
Ordinal0 [0x00AECFFF+1363967]
Ordinal0 [0x00AECC2A+1362986]
Ordinal0 [0x00AE8366+1344358]
Ordinal0 [0x00AC5176+1200502]
Ordinal0 [0x00AC6066+1204326]
GetHandleVerifier [0x00DBBE02+1675858]
GetHandleVerifier [0x00E7036C+2414524]
GetHandleVerifier [0x00CABB01+560977]
GetHandleVerifier [0x00CAA8D3+556323]
Ordinal0 [0x00BB020E+2163214]
Ordinal0 [0x00BB5078+2183288]
Ordinal0 [0x00BB51C0+2183616]
Ordinal0 [0x00BBEE1C+2223644]
BaseThreadInitThunk [0x75736739+25]
RtlGetFullPathName_UEx [0x771B8FEF+1215]
RtlGetFullPathName_UEx [0x771B8FBD+1165]

at java.base/jdk.internal.reflect.NativeConstructorAccessorImpl.newInstance0(Native Method)
at java.base/jdk.internal.reflect.NativeConstructorAccessorImpl.newInstance(NativeConstructorAccessorImpl.java:62)
at java.base/jdk.internal.reflect.DelegatingConstructorAccessorImpl.newInstance(DelegatingConstructorAccessorImpl.java:45)
at java.base/java.lang.reflect.Constructor.newInstance(Constructor.java:490)
at org.openqa.selenium.remote.W3CHandshakeResponse.lambda$errorHandler$0(W3CHandshakeResponse.java:62)
at org.openqa.selenium.remote.HandshakeResponse.lambda$getResponseFunction$0(HandshakeResponse.java:30)
at org.openqa.selenium.remote.ProtocolHandshake.lambda$createSession$0(ProtocolHandshake.java:126)
at java.base/java.util.stream.ReferencePipeline$3$1.accept(ReferencePipeline.java:195)
at java.base/java.util.Spliterators$ArraySpliterator.tryAdvance(Spliterators.java:958)
at java.base/java.util.stream.ReferencePipeline.forEachWithCancel(ReferencePipeline.java:127)
at java.base/java.util.stream.AbstractPipeline.copyIntoWithCancel(AbstractPipeline.java:502)
at java.base/java.util.stream.AbstractPipeline.copyInto(AbstractPipeline.java:488)
at java.base/java.util.stream.AbstractPipeline.wrapAndCopyInto(AbstractPipeline.java:474)
at java.base/java.util.stream.FindOps$FindOp.evaluateSequential(FindOps.java:150)
at java.base/java.util.stream.AbstractPipeline.evaluate(AbstractPipeline.java:234)
at java.base/java.util.stream.ReferencePipeline.findFirst(ReferencePipeline.java:543)
at org.openqa.selenium.remote.ProtocolHandshake.createSession(ProtocolHandshake.java:128)
at org.openqa.selenium.remote.ProtocolHandshake.createSession(ProtocolHandshake.java:74)
at org.openqa.selenium.remote.HttpCommandExecutor.execute(HttpCommandExecutor.java:136)
at org.openqa.selenium.remote.service.DriverCommandExecutor.execute(DriverCommandExecutor.java:83)
at org.openqa.selenium.remote.RemoteWebDriver.execute(RemoteWebDriver.java:552)
at org.openqa.selenium.remote.RemoteWebDriver.startSession(RemoteWebDriver.java:213)
at org.openqa.selenium.remote.RemoteWebDriver.<init>(RemoteWebDriver.java:131)
at org.openqa.selenium.chrome.ChromeDriver.<init>(ChromeDriver.java:181)
at org.openqa.selenium.chrome.ChromeDriver.<init>(ChromeDriver.java:168)
at org.openqa.selenium.chrome.ChromeDriver.<init>(ChromeDriver.java:157)
at com.Selenium_assignment.tests.BaseTest.initializeWebDriver(BaseTest.java:85)
at java.base/jdk.internal.reflect.NativeMethodAccessorImpl.invoke0(Native Method)
at java.base/jdk.internal.reflect.NativeMethodAccessorImpl.invoke(NativeMethodAccessorImpl.java:62)
at java.base/jdk.internal.reflect.DelegatingMethodAccessorImpl.invoke(DelegatingMethodAccessorImpl.java:43)
at java.base/java.lang.reflect.Method.invoke(Method.java:566)
at org.testng.internal.MethodInvocationHelper.invokeMethod(MethodInvocationHelper.java:133)
at org.testng.internal.MethodInvocationHelper.invokeMethodConsideringTimeout(MethodInvocationHelper.java:62)
at org.testng.internal.ConfigInvoker.invokeConfigurationMethod(ConfigInvoker.java:385)
at org.testng.internal.ConfigInvoker.invokeConfigurations(ConfigInvoker.java:321)
at org.testng.SuiteRunner.privateRun(SuiteRunner.java:317)
at org.testng.SuiteRunner.run(SuiteRunner.java:276)
at org.testng.SuiteRunnerWorker.runSuite(SuiteRunnerWorker.java:53)
at org.testng.SuiteRunnerWorker.run(SuiteRunnerWorker.java:96)
at org.testng.TestNG.runSuitesSequentially(TestNG.java:1212)
at org.testng.TestNG.runSuitesLocally(TestNG.java:1134)
at org.testng.TestNG.runSuites(TestNG.java:1063)
at org.testng.TestNG.run(TestNG.java:1031)
at org.testng.remote.AbstractRemoteTestNG.run(AbstractRemoteTestNG.java:115)
at org.testng.remote.RemoteTestNG.initAndRun(RemoteTestNG.java:251)
at org.testng.remote.RemoteTestNG.main(RemoteTestNG.java:77)
]]>
            </full-stacktrace>
          </exception> <!-- org.openqa.selenium.SessionNotCreatedException -->
          <reporter-output>
          </reporter-output>
        </test-method> <!-- CreateNewuser -->
        <test-method is-config="true" signature="attachScreenshot(org.testng.ITestResult)[pri:0, instance:com.Selenium_assignment.tests.RegisterPageTest@66d3eec0]" started-at="2022-05-27T22:19:37 IST" name="attachScreenshot" finished-at="1970-01-01T05:30:00 IST" duration-ms="-1653670177363" status="SKIP">
          <reporter-output>
          </reporter-output>
        </test-method> <!-- attachScreenshot -->
        <test-method is-config="true" signature="endTest()[pri:0, instance:com.Selenium_assignment.tests.RegisterPageTest@66d3eec0]" started-at="2022-05-27T22:19:37 IST" name="endTest" finished-at="1970-01-01T05:30:00 IST" duration-ms="-1653670177364" status="SKIP">
          <reporter-output>
          </reporter-output>
        </test-method> <!-- endTest -->
      </class> <!-- com.Selenium_assignment.tests.RegisterPageTest -->
      <class name="com.Selenium_assignment.tests.FooterPageTest">
        <test-method is-config="true" signature="openurl()[pri:0, instance:com.Selenium_assignment.tests.FooterPageTest@58695725]" started-at="2022-05-27T22:19:37 IST" name="openurl" finished-at="1970-01-01T05:30:00 IST" duration-ms="-1653670177419" status="SKIP">
          <reporter-output>
          </reporter-output>
        </test-method> <!-- openurl -->
        <test-method signature="clickhelp()[pri:13, instance:com.Selenium_assignment.tests.FooterPageTest@58695725]" started-at="2022-05-27T22:19:37 IST" name="clickhelp" finished-at="2022-05-27T22:19:37 IST" duration-ms="0" status="SKIP">
          <exception class="org.openqa.selenium.SessionNotCreatedException">
            <message>
              <![CDATA[session not created: This version of ChromeDriver only supports Chrome version 98
Current browser version is 101.0.4951.67 with binary path C:\Users\tanugupta02\AppData\Local\Google\Chrome\Application\chrome.exe
Build info: version: '3.141.59', revision: 'e82be7d358', time: '2018-11-14T08:17:03'
System info: host: 'IN-PG02P5S6', ip: '192.168.1.5', os.name: 'Windows 10', os.arch: 'amd64', os.version: '10.0', java.version: '11.0.1'
Driver info: driver.version: ChromeDriver
remote stacktrace: Backtrace:
Ordinal0 [0x00C169A3+2582947]
Ordinal0 [0x00BAA6D1+2139857]
Ordinal0 [0x00AA3A98+1063576]
Ordinal0 [0x00AC33B8+1192888]
Ordinal0 [0x00ABF235+1176117]
Ordinal0 [0x00ABC9E1+1165793]
Ordinal0 [0x00AECFFF+1363967]
Ordinal0 [0x00AECC2A+1362986]
Ordinal0 [0x00AE8366+1344358]
Ordinal0 [0x00AC5176+1200502]
Ordinal0 [0x00AC6066+1204326]
GetHandleVerifier [0x00DBBE02+1675858]
GetHandleVerifier [0x00E7036C+2414524]
GetHandleVerifier [0x00CABB01+560977]
GetHandleVerifier [0x00CAA8D3+556323]
Ordinal0 [0x00BB020E+2163214]
Ordinal0 [0x00BB5078+2183288]
Ordinal0 [0x00BB51C0+2183616]
Ordinal0 [0x00BBEE1C+2223644]
BaseThreadInitThunk [0x75736739+25]
RtlGetFullPathName_UEx [0x771B8FEF+1215]
RtlGetFullPathName_UEx [0x771B8FBD+1165]
]]>
            </message>
            <full-stacktrace>
              <![CDATA[org.openqa.selenium.SessionNotCreatedException: session not created: This version of ChromeDriver only supports Chrome version 98
Current browser version is 101.0.4951.67 with binary path C:\Users\tanugupta02\AppData\Local\Google\Chrome\Application\chrome.exe
Build info: version: '3.141.59', revision: 'e82be7d358', time: '2018-11-14T08:17:03'
System info: host: 'IN-PG02P5S6', ip: '192.168.1.5', os.name: 'Windows 10', os.arch: 'amd64', os.version: '10.0', java.version: '11.0.1'
Driver info: driver.version: ChromeDriver
remote stacktrace: Backtrace:
Ordinal0 [0x00C169A3+2582947]
Ordinal0 [0x00BAA6D1+2139857]
Ordinal0 [0x00AA3A98+1063576]
Ordinal0 [0x00AC33B8+1192888]
Ordinal0 [0x00ABF235+1176117]
Ordinal0 [0x00ABC9E1+1165793]
Ordinal0 [0x00AECFFF+1363967]
Ordinal0 [0x00AECC2A+1362986]
Ordinal0 [0x00AE8366+1344358]
Ordinal0 [0x00AC5176+1200502]
Ordinal0 [0x00AC6066+1204326]
GetHandleVerifier [0x00DBBE02+1675858]
GetHandleVerifier [0x00E7036C+2414524]
GetHandleVerifier [0x00CABB01+560977]
GetHandleVerifier [0x00CAA8D3+556323]
Ordinal0 [0x00BB020E+2163214]
Ordinal0 [0x00BB5078+2183288]
Ordinal0 [0x00BB51C0+2183616]
Ordinal0 [0x00BBEE1C+2223644]
BaseThreadInitThunk [0x75736739+25]
RtlGetFullPathName_UEx [0x771B8FEF+1215]
RtlGetFullPathName_UEx [0x771B8FBD+1165]

at java.base/jdk.internal.reflect.NativeConstructorAccessorImpl.newInstance0(Native Method)
at java.base/jdk.internal.reflect.NativeConstructorAccessorImpl.newInstance(NativeConstructorAccessorImpl.java:62)
at java.base/jdk.internal.reflect.DelegatingConstructorAccessorImpl.newInstance(DelegatingConstructorAccessorImpl.java:45)
at java.base/java.lang.reflect.Constructor.newInstance(Constructor.java:490)
at org.openqa.selenium.remote.W3CHandshakeResponse.lambda$errorHandler$0(W3CHandshakeResponse.java:62)
at org.openqa.selenium.remote.HandshakeResponse.lambda$getResponseFunction$0(HandshakeResponse.java:30)
at org.openqa.selenium.remote.ProtocolHandshake.lambda$createSession$0(ProtocolHandshake.java:126)
at java.base/java.util.stream.ReferencePipeline$3$1.accept(ReferencePipeline.java:195)
at java.base/java.util.Spliterators$ArraySpliterator.tryAdvance(Spliterators.java:958)
at java.base/java.util.stream.ReferencePipeline.forEachWithCancel(ReferencePipeline.java:127)
at java.base/java.util.stream.AbstractPipeline.copyIntoWithCancel(AbstractPipeline.java:502)
at java.base/java.util.stream.AbstractPipeline.copyInto(AbstractPipeline.java:488)
at java.base/java.util.stream.AbstractPipeline.wrapAndCopyInto(AbstractPipeline.java:474)
at java.base/java.util.stream.FindOps$FindOp.evaluateSequential(FindOps.java:150)
at java.base/java.util.stream.AbstractPipeline.evaluate(AbstractPipeline.java:234)
at java.base/java.util.stream.ReferencePipeline.findFirst(ReferencePipeline.java:543)
at org.openqa.selenium.remote.ProtocolHandshake.createSession(ProtocolHandshake.java:128)
at org.openqa.selenium.remote.ProtocolHandshake.createSession(ProtocolHandshake.java:74)
at org.openqa.selenium.remote.HttpCommandExecutor.execute(HttpCommandExecutor.java:136)
at org.openqa.selenium.remote.service.DriverCommandExecutor.execute(DriverCommandExecutor.java:83)
at org.openqa.selenium.remote.RemoteWebDriver.execute(RemoteWebDriver.java:552)
at org.openqa.selenium.remote.RemoteWebDriver.startSession(RemoteWebDriver.java:213)
at org.openqa.selenium.remote.RemoteWebDriver.<init>(RemoteWebDriver.java:131)
at org.openqa.selenium.chrome.ChromeDriver.<init>(ChromeDriver.java:181)
at org.openqa.selenium.chrome.ChromeDriver.<init>(ChromeDriver.java:168)
at org.openqa.selenium.chrome.ChromeDriver.<init>(ChromeDriver.java:157)
at com.Selenium_assignment.tests.BaseTest.initializeWebDriver(BaseTest.java:85)
at java.base/jdk.internal.reflect.NativeMethodAccessorImpl.invoke0(Native Method)
at java.base/jdk.internal.reflect.NativeMethodAccessorImpl.invoke(NativeMethodAccessorImpl.java:62)
at java.base/jdk.internal.reflect.DelegatingMethodAccessorImpl.invoke(DelegatingMethodAccessorImpl.java:43)
at java.base/java.lang.reflect.Method.invoke(Method.java:566)
at org.testng.internal.MethodInvocationHelper.invokeMethod(MethodInvocationHelper.java:133)
at org.testng.internal.MethodInvocationHelper.invokeMethodConsideringTimeout(MethodInvocationHelper.java:62)
at org.testng.internal.ConfigInvoker.invokeConfigurationMethod(ConfigInvoker.java:385)
at org.testng.internal.ConfigInvoker.invokeConfigurations(ConfigInvoker.java:321)
at org.testng.SuiteRunner.privateRun(SuiteRunner.java:317)
at org.testng.SuiteRunner.run(SuiteRunner.java:276)
at org.testng.SuiteRunnerWorker.runSuite(SuiteRunnerWorker.java:53)
at org.testng.SuiteRunnerWorker.run(SuiteRunnerWorker.java:96)
at org.testng.TestNG.runSuitesSequentially(TestNG.java:1212)
at org.testng.TestNG.runSuitesLocally(TestNG.java:1134)
at org.testng.TestNG.runSuites(TestNG.java:1063)
at org.testng.TestNG.run(TestNG.java:1031)
at org.testng.remote.AbstractRemoteTestNG.run(AbstractRemoteTestNG.java:115)
at org.testng.remote.RemoteTestNG.initAndRun(RemoteTestNG.java:251)
at org.testng.remote.RemoteTestNG.main(RemoteTestNG.java:77)
]]>
            </full-stacktrace>
          </exception> <!-- org.openqa.selenium.SessionNotCreatedException -->
          <reporter-output>
          </reporter-output>
        </test-method> <!-- clickhelp -->
        <test-method is-config="true" signature="attachScreenshot(org.testng.ITestResult)[pri:0, instance:com.Selenium_assignment.tests.FooterPageTest@58695725]" started-at="2022-05-27T22:19:37 IST" name="attachScreenshot" finished-at="1970-01-01T05:30:00 IST" duration-ms="-1653670177422" status="SKIP">
          <reporter-output>
          </reporter-output>
        </test-method> <!-- attachScreenshot -->
        <test-method is-config="true" signature="endTest()[pri:0, instance:com.Selenium_assignment.tests.FooterPageTest@58695725]" started-at="2022-05-27T22:19:37 IST" name="endTest" finished-at="1970-01-01T05:30:00 IST" duration-ms="-1653670177422" status="SKIP">
          <reporter-output>
          </reporter-output>
        </test-method> <!-- endTest -->
        <test-method is-config="true" signature="openurl()[pri:0, instance:com.Selenium_assignment.tests.FooterPageTest@58695725]" started-at="2022-05-27T22:19:37 IST" name="openurl" finished-at="1970-01-01T05:30:00 IST" duration-ms="-1653670177423" status="SKIP">
          <reporter-output>
          </reporter-output>
        </test-method> <!-- openurl -->
        <test-method signature="clickfb()[pri:14, instance:com.Selenium_assignment.tests.FooterPageTest@58695725]" started-at="2022-05-27T22:19:37 IST" name="clickfb" finished-at="2022-05-27T22:19:37 IST" duration-ms="0" status="SKIP">
          <exception class="org.openqa.selenium.SessionNotCreatedException">
            <message>
              <![CDATA[session not created: This version of ChromeDriver only supports Chrome version 98
Current browser version is 101.0.4951.67 with binary path C:\Users\tanugupta02\AppData\Local\Google\Chrome\Application\chrome.exe
Build info: version: '3.141.59', revision: 'e82be7d358', time: '2018-11-14T08:17:03'
System info: host: 'IN-PG02P5S6', ip: '192.168.1.5', os.name: 'Windows 10', os.arch: 'amd64', os.version: '10.0', java.version: '11.0.1'
Driver info: driver.version: ChromeDriver
remote stacktrace: Backtrace:
Ordinal0 [0x00C169A3+2582947]
Ordinal0 [0x00BAA6D1+2139857]
Ordinal0 [0x00AA3A98+1063576]
Ordinal0 [0x00AC33B8+1192888]
Ordinal0 [0x00ABF235+1176117]
Ordinal0 [0x00ABC9E1+1165793]
Ordinal0 [0x00AECFFF+1363967]
Ordinal0 [0x00AECC2A+1362986]
Ordinal0 [0x00AE8366+1344358]
Ordinal0 [0x00AC5176+1200502]
Ordinal0 [0x00AC6066+1204326]
GetHandleVerifier [0x00DBBE02+1675858]
GetHandleVerifier [0x00E7036C+2414524]
GetHandleVerifier [0x00CABB01+560977]
GetHandleVerifier [0x00CAA8D3+556323]
Ordinal0 [0x00BB020E+2163214]
Ordinal0 [0x00BB5078+2183288]
Ordinal0 [0x00BB51C0+2183616]
Ordinal0 [0x00BBEE1C+2223644]
BaseThreadInitThunk [0x75736739+25]
RtlGetFullPathName_UEx [0x771B8FEF+1215]
RtlGetFullPathName_UEx [0x771B8FBD+1165]
]]>
            </message>
            <full-stacktrace>
              <![CDATA[org.openqa.selenium.SessionNotCreatedException: session not created: This version of ChromeDriver only supports Chrome version 98
Current browser version is 101.0.4951.67 with binary path C:\Users\tanugupta02\AppData\Local\Google\Chrome\Application\chrome.exe
Build info: version: '3.141.59', revision: 'e82be7d358', time: '2018-11-14T08:17:03'
System info: host: 'IN-PG02P5S6', ip: '192.168.1.5', os.name: 'Windows 10', os.arch: 'amd64', os.version: '10.0', java.version: '11.0.1'
Driver info: driver.version: ChromeDriver
remote stacktrace: Backtrace:
Ordinal0 [0x00C169A3+2582947]
Ordinal0 [0x00BAA6D1+2139857]
Ordinal0 [0x00AA3A98+1063576]
Ordinal0 [0x00AC33B8+1192888]
Ordinal0 [0x00ABF235+1176117]
Ordinal0 [0x00ABC9E1+1165793]
Ordinal0 [0x00AECFFF+1363967]
Ordinal0 [0x00AECC2A+1362986]
Ordinal0 [0x00AE8366+1344358]
Ordinal0 [0x00AC5176+1200502]
Ordinal0 [0x00AC6066+1204326]
GetHandleVerifier [0x00DBBE02+1675858]
GetHandleVerifier [0x00E7036C+2414524]
GetHandleVerifier [0x00CABB01+560977]
GetHandleVerifier [0x00CAA8D3+556323]
Ordinal0 [0x00BB020E+2163214]
Ordinal0 [0x00BB5078+2183288]
Ordinal0 [0x00BB51C0+2183616]
Ordinal0 [0x00BBEE1C+2223644]
BaseThreadInitThunk [0x75736739+25]
RtlGetFullPathName_UEx [0x771B8FEF+1215]
RtlGetFullPathName_UEx [0x771B8FBD+1165]

at java.base/jdk.internal.reflect.NativeConstructorAccessorImpl.newInstance0(Native Method)
at java.base/jdk.internal.reflect.NativeConstructorAccessorImpl.newInstance(NativeConstructorAccessorImpl.java:62)
at java.base/jdk.internal.reflect.DelegatingConstructorAccessorImpl.newInstance(DelegatingConstructorAccessorImpl.java:45)
at java.base/java.lang.reflect.Constructor.newInstance(Constructor.java:490)
at org.openqa.selenium.remote.W3CHandshakeResponse.lambda$errorHandler$0(W3CHandshakeResponse.java:62)
at org.openqa.selenium.remote.HandshakeResponse.lambda$getResponseFunction$0(HandshakeResponse.java:30)
at org.openqa.selenium.remote.ProtocolHandshake.lambda$createSession$0(ProtocolHandshake.java:126)
at java.base/java.util.stream.ReferencePipeline$3$1.accept(ReferencePipeline.java:195)
at java.base/java.util.Spliterators$ArraySpliterator.tryAdvance(Spliterators.java:958)
at java.base/java.util.stream.ReferencePipeline.forEachWithCancel(ReferencePipeline.java:127)
at java.base/java.util.stream.AbstractPipeline.copyIntoWithCancel(AbstractPipeline.java:502)
at java.base/java.util.stream.AbstractPipeline.copyInto(AbstractPipeline.java:488)
at java.base/java.util.stream.AbstractPipeline.wrapAndCopyInto(AbstractPipeline.java:474)
at java.base/java.util.stream.FindOps$FindOp.evaluateSequential(FindOps.java:150)
at java.base/java.util.stream.AbstractPipeline.evaluate(AbstractPipeline.java:234)
at java.base/java.util.stream.ReferencePipeline.findFirst(ReferencePipeline.java:543)
at org.openqa.selenium.remote.ProtocolHandshake.createSession(ProtocolHandshake.java:128)
at org.openqa.selenium.remote.ProtocolHandshake.createSession(ProtocolHandshake.java:74)
at org.openqa.selenium.remote.HttpCommandExecutor.execute(HttpCommandExecutor.java:136)
at org.openqa.selenium.remote.service.DriverCommandExecutor.execute(DriverCommandExecutor.java:83)
at org.openqa.selenium.remote.RemoteWebDriver.execute(RemoteWebDriver.java:552)
at org.openqa.selenium.remote.RemoteWebDriver.startSession(RemoteWebDriver.java:213)
at org.openqa.selenium.remote.RemoteWebDriver.<init>(RemoteWebDriver.java:131)
at org.openqa.selenium.chrome.ChromeDriver.<init>(ChromeDriver.java:181)
at org.openqa.selenium.chrome.ChromeDriver.<init>(ChromeDriver.java:168)
at org.openqa.selenium.chrome.ChromeDriver.<init>(ChromeDriver.java:157)
at com.Selenium_assignment.tests.BaseTest.initializeWebDriver(BaseTest.java:85)
at java.base/jdk.internal.reflect.NativeMethodAccessorImpl.invoke0(Native Method)
at java.base/jdk.internal.reflect.NativeMethodAccessorImpl.invoke(NativeMethodAccessorImpl.java:62)
at java.base/jdk.internal.reflect.DelegatingMethodAccessorImpl.invoke(DelegatingMethodAccessorImpl.java:43)
at java.base/java.lang.reflect.Method.invoke(Method.java:566)
at org.testng.internal.MethodInvocationHelper.invokeMethod(MethodInvocationHelper.java:133)
at org.testng.internal.MethodInvocationHelper.invokeMethodConsideringTimeout(MethodInvocationHelper.java:62)
at org.testng.internal.ConfigInvoker.invokeConfigurationMethod(ConfigInvoker.java:385)
at org.testng.internal.ConfigInvoker.invokeConfigurations(ConfigInvoker.java:321)
at org.testng.SuiteRunner.privateRun(SuiteRunner.java:317)
at org.testng.SuiteRunner.run(SuiteRunner.java:276)
at org.testng.SuiteRunnerWorker.runSuite(SuiteRunnerWorker.java:53)
at org.testng.SuiteRunnerWorker.run(SuiteRunnerWorker.java:96)
at org.testng.TestNG.runSuitesSequentially(TestNG.java:1212)
at org.testng.TestNG.runSuitesLocally(TestNG.java:1134)
at org.testng.TestNG.runSuites(TestNG.java:1063)
at org.testng.TestNG.run(TestNG.java:1031)
at org.testng.remote.AbstractRemoteTestNG.run(AbstractRemoteTestNG.java:115)
at org.testng.remote.RemoteTestNG.initAndRun(RemoteTestNG.java:251)
at org.testng.remote.RemoteTestNG.main(RemoteTestNG.java:77)
]]>
            </full-stacktrace>
          </exception> <!-- org.openqa.selenium.SessionNotCreatedException -->
          <reporter-output>
          </reporter-output>
        </test-method> <!-- clickfb -->
        <test-method is-config="true" signature="attachScreenshot(org.testng.ITestResult)[pri:0, instance:com.Selenium_assignment.tests.FooterPageTest@58695725]" started-at="2022-05-27T22:19:37 IST" name="attachScreenshot" finished-at="1970-01-01T05:30:00 IST" duration-ms="-1653670177425" status="SKIP">
          <reporter-output>
          </reporter-output>
        </test-method> <!-- attachScreenshot -->
        <test-method is-config="true" signature="endTest()[pri:0, instance:com.Selenium_assignment.tests.FooterPageTest@58695725]" started-at="2022-05-27T22:19:37 IST" name="endTest" finished-at="1970-01-01T05:30:00 IST" duration-ms="-1653670177426" status="SKIP">
          <reporter-output>
          </reporter-output>
        </test-method> <!-- endTest -->
      </class> <!-- com.Selenium_assignment.tests.FooterPageTest -->
      <class name="com.Selenium_assignment.tests.productsearchTest">
        <test-method is-config="true" signature="openurl()[pri:0, instance:com.Selenium_assignment.tests.productsearchTest@618425b5]" started-at="2022-05-27T22:19:37 IST" name="openurl" finished-at="1970-01-01T05:30:00 IST" duration-ms="-1653670177408" status="SKIP">
          <reporter-output>
          </reporter-output>
        </test-method> <!-- openurl -->
        <test-method signature="SearchProductiphone()[pri:11, instance:com.Selenium_assignment.tests.productsearchTest@618425b5]" started-at="2022-05-27T22:19:37 IST" name="SearchProductiphone" finished-at="2022-05-27T22:19:37 IST" duration-ms="0" status="SKIP">
          <exception class="org.openqa.selenium.SessionNotCreatedException">
            <message>
              <![CDATA[session not created: This version of ChromeDriver only supports Chrome version 98
Current browser version is 101.0.4951.67 with binary path C:\Users\tanugupta02\AppData\Local\Google\Chrome\Application\chrome.exe
Build info: version: '3.141.59', revision: 'e82be7d358', time: '2018-11-14T08:17:03'
System info: host: 'IN-PG02P5S6', ip: '192.168.1.5', os.name: 'Windows 10', os.arch: 'amd64', os.version: '10.0', java.version: '11.0.1'
Driver info: driver.version: ChromeDriver
remote stacktrace: Backtrace:
Ordinal0 [0x00C169A3+2582947]
Ordinal0 [0x00BAA6D1+2139857]
Ordinal0 [0x00AA3A98+1063576]
Ordinal0 [0x00AC33B8+1192888]
Ordinal0 [0x00ABF235+1176117]
Ordinal0 [0x00ABC9E1+1165793]
Ordinal0 [0x00AECFFF+1363967]
Ordinal0 [0x00AECC2A+1362986]
Ordinal0 [0x00AE8366+1344358]
Ordinal0 [0x00AC5176+1200502]
Ordinal0 [0x00AC6066+1204326]
GetHandleVerifier [0x00DBBE02+1675858]
GetHandleVerifier [0x00E7036C+2414524]
GetHandleVerifier [0x00CABB01+560977]
GetHandleVerifier [0x00CAA8D3+556323]
Ordinal0 [0x00BB020E+2163214]
Ordinal0 [0x00BB5078+2183288]
Ordinal0 [0x00BB51C0+2183616]
Ordinal0 [0x00BBEE1C+2223644]
BaseThreadInitThunk [0x75736739+25]
RtlGetFullPathName_UEx [0x771B8FEF+1215]
RtlGetFullPathName_UEx [0x771B8FBD+1165]
]]>
            </message>
            <full-stacktrace>
              <![CDATA[org.openqa.selenium.SessionNotCreatedException: session not created: This version of ChromeDriver only supports Chrome version 98
Current browser version is 101.0.4951.67 with binary path C:\Users\tanugupta02\AppData\Local\Google\Chrome\Application\chrome.exe
Build info: version: '3.141.59', revision: 'e82be7d358', time: '2018-11-14T08:17:03'
System info: host: 'IN-PG02P5S6', ip: '192.168.1.5', os.name: 'Windows 10', os.arch: 'amd64', os.version: '10.0', java.version: '11.0.1'
Driver info: driver.version: ChromeDriver
remote stacktrace: Backtrace:
Ordinal0 [0x00C169A3+2582947]
Ordinal0 [0x00BAA6D1+2139857]
Ordinal0 [0x00AA3A98+1063576]
Ordinal0 [0x00AC33B8+1192888]
Ordinal0 [0x00ABF235+1176117]
Ordinal0 [0x00ABC9E1+1165793]
Ordinal0 [0x00AECFFF+1363967]
Ordinal0 [0x00AECC2A+1362986]
Ordinal0 [0x00AE8366+1344358]
Ordinal0 [0x00AC5176+1200502]
Ordinal0 [0x00AC6066+1204326]
GetHandleVerifier [0x00DBBE02+1675858]
GetHandleVerifier [0x00E7036C+2414524]
GetHandleVerifier [0x00CABB01+560977]
GetHandleVerifier [0x00CAA8D3+556323]
Ordinal0 [0x00BB020E+2163214]
Ordinal0 [0x00BB5078+2183288]
Ordinal0 [0x00BB51C0+2183616]
Ordinal0 [0x00BBEE1C+2223644]
BaseThreadInitThunk [0x75736739+25]
RtlGetFullPathName_UEx [0x771B8FEF+1215]
RtlGetFullPathName_UEx [0x771B8FBD+1165]

at java.base/jdk.internal.reflect.NativeConstructorAccessorImpl.newInstance0(Native Method)
at java.base/jdk.internal.reflect.NativeConstructorAccessorImpl.newInstance(NativeConstructorAccessorImpl.java:62)
at java.base/jdk.internal.reflect.DelegatingConstructorAccessorImpl.newInstance(DelegatingConstructorAccessorImpl.java:45)
at java.base/java.lang.reflect.Constructor.newInstance(Constructor.java:490)
at org.openqa.selenium.remote.W3CHandshakeResponse.lambda$errorHandler$0(W3CHandshakeResponse.java:62)
at org.openqa.selenium.remote.HandshakeResponse.lambda$getResponseFunction$0(HandshakeResponse.java:30)
at org.openqa.selenium.remote.ProtocolHandshake.lambda$createSession$0(ProtocolHandshake.java:126)
at java.base/java.util.stream.ReferencePipeline$3$1.accept(ReferencePipeline.java:195)
at java.base/java.util.Spliterators$ArraySpliterator.tryAdvance(Spliterators.java:958)
at java.base/java.util.stream.ReferencePipeline.forEachWithCancel(ReferencePipeline.java:127)
at java.base/java.util.stream.AbstractPipeline.copyIntoWithCancel(AbstractPipeline.java:502)
at java.base/java.util.stream.AbstractPipeline.copyInto(AbstractPipeline.java:488)
at java.base/java.util.stream.AbstractPipeline.wrapAndCopyInto(AbstractPipeline.java:474)
at java.base/java.util.stream.FindOps$FindOp.evaluateSequential(FindOps.java:150)
at java.base/java.util.stream.AbstractPipeline.evaluate(AbstractPipeline.java:234)
at java.base/java.util.stream.ReferencePipeline.findFirst(ReferencePipeline.java:543)
at org.openqa.selenium.remote.ProtocolHandshake.createSession(ProtocolHandshake.java:128)
at org.openqa.selenium.remote.ProtocolHandshake.createSession(ProtocolHandshake.java:74)
at org.openqa.selenium.remote.HttpCommandExecutor.execute(HttpCommandExecutor.java:136)
at org.openqa.selenium.remote.service.DriverCommandExecutor.execute(DriverCommandExecutor.java:83)
at org.openqa.selenium.remote.RemoteWebDriver.execute(RemoteWebDriver.java:552)
at org.openqa.selenium.remote.RemoteWebDriver.startSession(RemoteWebDriver.java:213)
at org.openqa.selenium.remote.RemoteWebDriver.<init>(RemoteWebDriver.java:131)
at org.openqa.selenium.chrome.ChromeDriver.<init>(ChromeDriver.java:181)
at org.openqa.selenium.chrome.ChromeDriver.<init>(ChromeDriver.java:168)
at org.openqa.selenium.chrome.ChromeDriver.<init>(ChromeDriver.java:157)
at com.Selenium_assignment.tests.BaseTest.initializeWebDriver(BaseTest.java:85)
at java.base/jdk.internal.reflect.NativeMethodAccessorImpl.invoke0(Native Method)
at java.base/jdk.internal.reflect.NativeMethodAccessorImpl.invoke(NativeMethodAccessorImpl.java:62)
at java.base/jdk.internal.reflect.DelegatingMethodAccessorImpl.invoke(DelegatingMethodAccessorImpl.java:43)
at java.base/java.lang.reflect.Method.invoke(Method.java:566)
at org.testng.internal.MethodInvocationHelper.invokeMethod(MethodInvocationHelper.java:133)
at org.testng.internal.MethodInvocationHelper.invokeMethodConsideringTimeout(MethodInvocationHelper.java:62)
at org.testng.internal.ConfigInvoker.invokeConfigurationMethod(ConfigInvoker.java:385)
at org.testng.internal.ConfigInvoker.invokeConfigurations(ConfigInvoker.java:321)
at org.testng.SuiteRunner.privateRun(SuiteRunner.java:317)
at org.testng.SuiteRunner.run(SuiteRunner.java:276)
at org.testng.SuiteRunnerWorker.runSuite(SuiteRunnerWorker.java:53)
at org.testng.SuiteRunnerWorker.run(SuiteRunnerWorker.java:96)
at org.testng.TestNG.runSuitesSequentially(TestNG.java:1212)
at org.testng.TestNG.runSuitesLocally(TestNG.java:1134)
at org.testng.TestNG.runSuites(TestNG.java:1063)
at org.testng.TestNG.run(TestNG.java:1031)
at org.testng.remote.AbstractRemoteTestNG.run(AbstractRemoteTestNG.java:115)
at org.testng.remote.RemoteTestNG.initAndRun(RemoteTestNG.java:251)
at org.testng.remote.RemoteTestNG.main(RemoteTestNG.java:77)
]]>
            </full-stacktrace>
          </exception> <!-- org.openqa.selenium.SessionNotCreatedException -->
          <reporter-output>
          </reporter-output>
        </test-method> <!-- SearchProductiphone -->
        <test-method is-config="true" signature="attachScreenshot(org.testng.ITestResult)[pri:0, instance:com.Selenium_assignment.tests.productsearchTest@618425b5]" started-at="2022-05-27T22:19:37 IST" name="attachScreenshot" finished-at="1970-01-01T05:30:00 IST" duration-ms="-1653670177411" status="SKIP">
          <reporter-output>
          </reporter-output>
        </test-method> <!-- attachScreenshot -->
        <test-method is-config="true" signature="endTest()[pri:0, instance:com.Selenium_assignment.tests.productsearchTest@618425b5]" started-at="2022-05-27T22:19:37 IST" name="endTest" finished-at="1970-01-01T05:30:00 IST" duration-ms="-1653670177412" status="SKIP">
          <reporter-output>
          </reporter-output>
        </test-method> <!-- endTest -->
        <test-method is-config="true" signature="openurl()[pri:0, instance:com.Selenium_assignment.tests.productsearchTest@618425b5]" started-at="2022-05-27T22:19:37 IST" name="openurl" finished-at="1970-01-01T05:30:00 IST" duration-ms="-1653670177414" status="SKIP">
          <reporter-output>
          </reporter-output>
        </test-method> <!-- openurl -->
        <test-method signature="SearchProductfootball()[pri:12, instance:com.Selenium_assignment.tests.productsearchTest@618425b5]" started-at="2022-05-27T22:19:37 IST" name="SearchProductfootball" finished-at="2022-05-27T22:19:37 IST" duration-ms="0" status="SKIP">
          <exception class="org.openqa.selenium.SessionNotCreatedException">
            <message>
              <![CDATA[session not created: This version of ChromeDriver only supports Chrome version 98
Current browser version is 101.0.4951.67 with binary path C:\Users\tanugupta02\AppData\Local\Google\Chrome\Application\chrome.exe
Build info: version: '3.141.59', revision: 'e82be7d358', time: '2018-11-14T08:17:03'
System info: host: 'IN-PG02P5S6', ip: '192.168.1.5', os.name: 'Windows 10', os.arch: 'amd64', os.version: '10.0', java.version: '11.0.1'
Driver info: driver.version: ChromeDriver
remote stacktrace: Backtrace:
Ordinal0 [0x00C169A3+2582947]
Ordinal0 [0x00BAA6D1+2139857]
Ordinal0 [0x00AA3A98+1063576]
Ordinal0 [0x00AC33B8+1192888]
Ordinal0 [0x00ABF235+1176117]
Ordinal0 [0x00ABC9E1+1165793]
Ordinal0 [0x00AECFFF+1363967]
Ordinal0 [0x00AECC2A+1362986]
Ordinal0 [0x00AE8366+1344358]
Ordinal0 [0x00AC5176+1200502]
Ordinal0 [0x00AC6066+1204326]
GetHandleVerifier [0x00DBBE02+1675858]
GetHandleVerifier [0x00E7036C+2414524]
GetHandleVerifier [0x00CABB01+560977]
GetHandleVerifier [0x00CAA8D3+556323]
Ordinal0 [0x00BB020E+2163214]
Ordinal0 [0x00BB5078+2183288]
Ordinal0 [0x00BB51C0+2183616]
Ordinal0 [0x00BBEE1C+2223644]
BaseThreadInitThunk [0x75736739+25]
RtlGetFullPathName_UEx [0x771B8FEF+1215]
RtlGetFullPathName_UEx [0x771B8FBD+1165]
]]>
            </message>
            <full-stacktrace>
              <![CDATA[org.openqa.selenium.SessionNotCreatedException: session not created: This version of ChromeDriver only supports Chrome version 98
Current browser version is 101.0.4951.67 with binary path C:\Users\tanugupta02\AppData\Local\Google\Chrome\Application\chrome.exe
Build info: version: '3.141.59', revision: 'e82be7d358', time: '2018-11-14T08:17:03'
System info: host: 'IN-PG02P5S6', ip: '192.168.1.5', os.name: 'Windows 10', os.arch: 'amd64', os.version: '10.0', java.version: '11.0.1'
Driver info: driver.version: ChromeDriver
remote stacktrace: Backtrace:
Ordinal0 [0x00C169A3+2582947]
Ordinal0 [0x00BAA6D1+2139857]
Ordinal0 [0x00AA3A98+1063576]
Ordinal0 [0x00AC33B8+1192888]
Ordinal0 [0x00ABF235+1176117]
Ordinal0 [0x00ABC9E1+1165793]
Ordinal0 [0x00AECFFF+1363967]
Ordinal0 [0x00AECC2A+1362986]
Ordinal0 [0x00AE8366+1344358]
Ordinal0 [0x00AC5176+1200502]
Ordinal0 [0x00AC6066+1204326]
GetHandleVerifier [0x00DBBE02+1675858]
GetHandleVerifier [0x00E7036C+2414524]
GetHandleVerifier [0x00CABB01+560977]
GetHandleVerifier [0x00CAA8D3+556323]
Ordinal0 [0x00BB020E+2163214]
Ordinal0 [0x00BB5078+2183288]
Ordinal0 [0x00BB51C0+2183616]
Ordinal0 [0x00BBEE1C+2223644]
BaseThreadInitThunk [0x75736739+25]
RtlGetFullPathName_UEx [0x771B8FEF+1215]
RtlGetFullPathName_UEx [0x771B8FBD+1165]

at java.base/jdk.internal.reflect.NativeConstructorAccessorImpl.newInstance0(Native Method)
at java.base/jdk.internal.reflect.NativeConstructorAccessorImpl.newInstance(NativeConstructorAccessorImpl.java:62)
at java.base/jdk.internal.reflect.DelegatingConstructorAccessorImpl.newInstance(DelegatingConstructorAccessorImpl.java:45)
at java.base/java.lang.reflect.Constructor.newInstance(Constructor.java:490)
at org.openqa.selenium.remote.W3CHandshakeResponse.lambda$errorHandler$0(W3CHandshakeResponse.java:62)
at org.openqa.selenium.remote.HandshakeResponse.lambda$getResponseFunction$0(HandshakeResponse.java:30)
at org.openqa.selenium.remote.ProtocolHandshake.lambda$createSession$0(ProtocolHandshake.java:126)
at java.base/java.util.stream.ReferencePipeline$3$1.accept(ReferencePipeline.java:195)
at java.base/java.util.Spliterators$ArraySpliterator.tryAdvance(Spliterators.java:958)
at java.base/java.util.stream.ReferencePipeline.forEachWithCancel(ReferencePipeline.java:127)
at java.base/java.util.stream.AbstractPipeline.copyIntoWithCancel(AbstractPipeline.java:502)
at java.base/java.util.stream.AbstractPipeline.copyInto(AbstractPipeline.java:488)
at java.base/java.util.stream.AbstractPipeline.wrapAndCopyInto(AbstractPipeline.java:474)
at java.base/java.util.stream.FindOps$FindOp.evaluateSequential(FindOps.java:150)
at java.base/java.util.stream.AbstractPipeline.evaluate(AbstractPipeline.java:234)
at java.base/java.util.stream.ReferencePipeline.findFirst(ReferencePipeline.java:543)
at org.openqa.selenium.remote.ProtocolHandshake.createSession(ProtocolHandshake.java:128)
at org.openqa.selenium.remote.ProtocolHandshake.createSession(ProtocolHandshake.java:74)
at org.openqa.selenium.remote.HttpCommandExecutor.execute(HttpCommandExecutor.java:136)
at org.openqa.selenium.remote.service.DriverCommandExecutor.execute(DriverCommandExecutor.java:83)
at org.openqa.selenium.remote.RemoteWebDriver.execute(RemoteWebDriver.java:552)
at org.openqa.selenium.remote.RemoteWebDriver.startSession(RemoteWebDriver.java:213)
at org.openqa.selenium.remote.RemoteWebDriver.<init>(RemoteWebDriver.java:131)
at org.openqa.selenium.chrome.ChromeDriver.<init>(ChromeDriver.java:181)
at org.openqa.selenium.chrome.ChromeDriver.<init>(ChromeDriver.java:168)
at org.openqa.selenium.chrome.ChromeDriver.<init>(ChromeDriver.java:157)
at com.Selenium_assignment.tests.BaseTest.initializeWebDriver(BaseTest.java:85)
at java.base/jdk.internal.reflect.NativeMethodAccessorImpl.invoke0(Native Method)
at java.base/jdk.internal.reflect.NativeMethodAccessorImpl.invoke(NativeMethodAccessorImpl.java:62)
at java.base/jdk.internal.reflect.DelegatingMethodAccessorImpl.invoke(DelegatingMethodAccessorImpl.java:43)
at java.base/java.lang.reflect.Method.invoke(Method.java:566)
at org.testng.internal.MethodInvocationHelper.invokeMethod(MethodInvocationHelper.java:133)
at org.testng.internal.MethodInvocationHelper.invokeMethodConsideringTimeout(MethodInvocationHelper.java:62)
at org.testng.internal.ConfigInvoker.invokeConfigurationMethod(ConfigInvoker.java:385)
at org.testng.internal.ConfigInvoker.invokeConfigurations(ConfigInvoker.java:321)
at org.testng.SuiteRunner.privateRun(SuiteRunner.java:317)
at org.testng.SuiteRunner.run(SuiteRunner.java:276)
at org.testng.SuiteRunnerWorker.runSuite(SuiteRunnerWorker.java:53)
at org.testng.SuiteRunnerWorker.run(SuiteRunnerWorker.java:96)
at org.testng.TestNG.runSuitesSequentially(TestNG.java:1212)
at org.testng.TestNG.runSuitesLocally(TestNG.java:1134)
at org.testng.TestNG.runSuites(TestNG.java:1063)
at org.testng.TestNG.run(TestNG.java:1031)
at org.testng.remote.AbstractRemoteTestNG.run(AbstractRemoteTestNG.java:115)
at org.testng.remote.RemoteTestNG.initAndRun(RemoteTestNG.java:251)
at org.testng.remote.RemoteTestNG.main(RemoteTestNG.java:77)
]]>
            </full-stacktrace>
          </exception> <!-- org.openqa.selenium.SessionNotCreatedException -->
          <reporter-output>
          </reporter-output>
        </test-method> <!-- SearchProductfootball -->
        <test-method is-config="true" signature="attachScreenshot(org.testng.ITestResult)[pri:0, instance:com.Selenium_assignment.tests.productsearchTest@618425b5]" started-at="2022-05-27T22:19:37 IST" name="attachScreenshot" finished-at="1970-01-01T05:30:00 IST" duration-ms="-1653670177417" status="SKIP">
          <reporter-output>
          </reporter-output>
        </test-method> <!-- attachScreenshot -->
        <test-method is-config="true" signature="endTest()[pri:0, instance:com.Selenium_assignment.tests.productsearchTest@618425b5]" started-at="2022-05-27T22:19:37 IST" name="endTest" finished-at="1970-01-01T05:30:00 IST" duration-ms="-1653670177418" status="SKIP">
          <reporter-output>
          </reporter-output>
        </test-method> <!-- endTest -->
      </class> <!-- com.Selenium_assignment.tests.productsearchTest -->
    </test> <!-- Test -->
  </suite> <!-- Suite -->
</testng-results>
